<?xml version="1.0" encoding="UTF-8"?>
<!-- Generated by org.testng.reporters.JUnitXMLReporter -->
<testsuite ignored="0" hostname="MTCHNDT-UTHRAA" failures="0" tests="10" name="Signinpage" time="25.484" errors="0" timestamp="29 Sep 2020 05:10:32 GMT">
  <testcase classname="com.qa.Testcase.Signinpage_test" name="gettitle" time="0.022"/>
  <testcase classname="com.qa.Testcase.Signinpage_test" name="forgotlinkcheck" time="0.726"/>
  <testcase classname="com.qa.Testcase.Signinpage_test" name="signuplinkcheck" time="1.434"/>
  <testcase classname="com.qa.Testcase.Signinpage_test" name="emptysigin" time="0.172"/>
  <testcase classname="com.qa.Testcase.Signinpage_test" name="mobonlysigin" time="0.277"/>
  <testcase classname="com.qa.Testcase.Signinpage_test" name="pwdonlysigin" time="0.443"/>
  <testcase classname="com.qa.Testcase.Signinpage_test" name="unregistereduser" time="1.574"/>
  <testcase classname="com.qa.Testcase.Signinpage_test" name="invalidpwd" time="0.641"/>
  <testcase classname="com.qa.Testcase.Signinpage_test" name="Siginusingvalidinputs" time="10.029"/>
  <testcase classname="com.qa.Testcase.Signinpage_test" name="logout" time="0.786"/>
</testsuite> <!-- Signinpage -->
