<?xml version="1.0" encoding="UTF-8"?>
<testsuite xmlns:xsi="http://www.w3.org/2001/XMLSchema-instance" xsi:schemaLocation="https://maven.apache.org/surefire/maven-surefire-plugin/xsd/surefire-test-report.xsd" name="TestSuite" time="27.243" tests="10" errors="0" skipped="0" failures="0">
  <properties>
[...]
</properties>
  <testcase name="gettitle" classname="com.qa.Testcase.Signinpage_test" time="0.023"/>
  <testcase name="forgotlinkcheck" classname="com.qa.Testcase.Signinpage_test" time="0.726"/>
  <testcase name="signuplinkcheck" classname="com.qa.Testcase.Signinpage_test" time="1.434"/>
  <testcase name="emptysigin" classname="com.qa.Testcase.Signinpage_test" time="0.172"/>
  <testcase name="mobonlysigin" classname="com.qa.Testcase.Signinpage_test" time="0.277"/>
  <testcase name="pwdonlysigin" classname="com.qa.Testcase.Signinpage_test" time="0.443"/>
  <testcase name="unregistereduser" classname="com.qa.Testcase.Signinpage_test" time="1.573"/>
  <testcase name="invalidpwd" classname="com.qa.Testcase.Signinpage_test" time="0.641"/>
  <testcase name="Siginusingvalidinputs" classname="com.qa.Testcase.Signinpage_test" time="10.029"/>
  <testcase name="logout" classname="com.qa.Testcase.Signinpage_test" time="0.786"/>
</testsuite>