<?xml version="1.0" encoding="UTF-8"?>
<testsuite xmlns:xsi="http://www.w3.org/2001/XMLSchema-instance" xsi:schemaLocation="https://maven.apache.org/surefire/maven-surefire-plugin/xsd/surefire-test-report.xsd" name="TestSuite" time="870.688" tests="120" errors="0" skipped="0" failures="57">
  <properties>
[...]
</properties>
  <testcase name="gettitle" classname="com.qa.Testcase.Signuppage_test" time="0.626"/>
  <testcase name="signinlinkcheck" classname="com.qa.Testcase.Signuppage_test" time="0.715"/>
  <testcase name="emptysigin" classname="com.qa.Testcase.Signuppage_test" time="0.171"/>
  <testcase name="mobonlysigup" classname="com.qa.Testcase.Signuppage_test" time="0.286"/>
  <testcase name="pwdonlysigin" classname="com.qa.Testcase.Signuppage_test" time="0.338"/>
  <testcase name="alreadyregistereduser" classname="com.qa.Testcase.Signuppage_test" time="1.23"/>
  <testcase name="invalidpwd" classname="com.qa.Testcase.Signuppage_test" time="1.062"/>
  <testcase name="Sigupusingvalidinputs" classname="com.qa.Testcase.Signuppage_test" time="1.214">
    <failure message="The following asserts failed:&#10;	expected [Registered Successfully..!] but found [User already exists, proceed to login]" type="java.lang.AssertionError">java.lang.AssertionError: 
The following asserts failed:
	expected [Registered Successfully..!] but found [User already exists, proceed to login]
	at com.qa.Testcase.Signuppage_test.Sigupusingvalidinputs(Signuppage_test.java:87)
</failure>
    <system-out><![CDATA[
****** Starting Test:Sigupusingvalidinputs*****

Trying to find Element By : By.id: mobile_no
Found Element By : By.id: mobile_no
Trying to find Element By : By.id: mobile_no
Found Element By : By.id: mobile_no
Trying to find Element By : By.id: password
Found Element By : By.id: password
Trying to find Element By : By.id: password
Found Element By : By.id: password
Trying to find Element By : By.id: mobile_no
Found Element By : By.id: mobile_no
Trying to find Element By : By.id: mobile_no
Found Element By : By.id: mobile_no
Trying to find Element By : By.id: password
Found Element By : By.id: password
Trying to find Element By : By.id: password
Found Element By : By.id: password
Trying to find Element By : By.xpath: //*[@id="register-submit"]/div[5]/div/button
Found Element By : By.xpath: //*[@id="register-submit"]/div[5]/div/button
Trying to find Element By : By.xpath: //*[@id="register-submit"]/div[5]/div/button
Found Element By : By.xpath: //*[@id="register-submit"]/div[5]/div/button
Trying to click on: [[ChromeDriver: chrome on WINDOWS (87523cf7ae2ef5a0e3eef21f18fc3240)] -> xpath: //*[@id="register-submit"]/div[5]/div/button]
Clicked on: [[ChromeDriver: chrome on WINDOWS (87523cf7ae2ef5a0e3eef21f18fc3240)] -> xpath: //*[@id="register-submit"]/div[5]/div/button]
Trying to find Element By : By.cssSelector: body > div.sweet-alert.showSweetAlert.visible > p
Found Element By : By.cssSelector: body > div.sweet-alert.showSweetAlert.visible > p
]]></system-out>
  </testcase>
  <testcase name="forgotTitle" classname="com.qa.Testcase.Forgotpage_test" time="0.402"/>
  <testcase name="emptysubmit" classname="com.qa.Testcase.Forgotpage_test" time="0.134"/>
  <testcase name="invalidmob" classname="com.qa.Testcase.Forgotpage_test" time="0.298"/>
  <testcase name="validmob" classname="com.qa.Testcase.Forgotpage_test" time="0.408"/>
  <testcase name="backbutton" classname="com.qa.Testcase.Forgotpage_test" time="0.506"/>
  <testcase name="otptitlecheck" classname="com.qa.Testcase.Otpforgotpage_test" time="1.896"/>
  <testcase name="emptycheck" classname="com.qa.Testcase.Otpforgotpage_test" time="2.726"/>
  <testcase name="incorrectotp" classname="com.qa.Testcase.Otpforgotpage_test" time="0.973"/>
  <testcase name="incomleteotp" classname="com.qa.Testcase.Otpforgotpage_test" time="0.76"/>
  <testcase name="gotoresetpage" classname="com.qa.Testcase.Resetpasswordpage_test" time="65.225"/>
  <testcase name="emptypwd" classname="com.qa.Testcase.Resetpasswordpage_test" time="0.757"/>
  <testcase name="pwdonly" classname="com.qa.Testcase.Resetpasswordpage_test" time="2.988"/>
  <testcase name="invalidpwd" classname="com.qa.Testcase.Resetpasswordpage_test" time="3.045"/>
  <testcase name="pwdnotmatch" classname="com.qa.Testcase.Resetpasswordpage_test" time="3.035"/>
  <testcase name="resetsamepwd" classname="com.qa.Testcase.Resetpasswordpage_test" time="3.197"/>
  <testcase name="resetpwd" classname="com.qa.Testcase.Resetpasswordpage_test" time="3.367"/>
  <testcase name="Sigin" classname="com.qa.Testcase.Changepasswordpage_test" time="7.643"/>
  <testcase name="emptypwd" classname="com.qa.Testcase.Changepasswordpage_test" time="3.343"/>
  <testcase name="pwdonly" classname="com.qa.Testcase.Changepasswordpage_test" time="2.973"/>
  <testcase name="invalidpwd" classname="com.qa.Testcase.Changepasswordpage_test" time="3.102"/>
  <testcase name="pwdnotmatch" classname="com.qa.Testcase.Changepasswordpage_test" time="2.995"/>
  <testcase name="Changesamepwd" classname="com.qa.Testcase.Changepasswordpage_test" time="3.263"/>
  <testcase name="Changepwd" classname="com.qa.Testcase.Changepasswordpage_test" time="3.504"/>
  <testcase name="logout" classname="com.qa.Testcase.Changepasswordpage_test" time="1.379"/>
  <testcase name="gettitle" classname="com.qa.Testcase.Signinpage_test" time="0.006"/>
  <testcase name="forgotlinkcheck" classname="com.qa.Testcase.Signinpage_test" time="0.503"/>
  <testcase name="signuplinkcheck" classname="com.qa.Testcase.Signinpage_test" time="0.512"/>
  <testcase name="emptysigin" classname="com.qa.Testcase.Signinpage_test" time="0.141"/>
  <testcase name="mobonlysigin" classname="com.qa.Testcase.Signinpage_test" time="0.187"/>
  <testcase name="pwdonlysigin" classname="com.qa.Testcase.Signinpage_test" time="0.323"/>
  <testcase name="unregistereduser" classname="com.qa.Testcase.Signinpage_test" time="2.508"/>
  <testcase name="invalidpwd" classname="com.qa.Testcase.Signinpage_test" time="2.199">
    <failure message="element click intercepted: Element &lt;button class=&quot;login100-form-btn  login-submit&quot; type=&quot;button&quot;&gt;...&lt;/button&gt; is not clickable at point (320, 630). Other element would receive the click: &lt;div class=&quot;sweet-overlay&quot; tabindex=&quot;-1&quot; style=&quot;opacity: 1; display: block;&quot;&gt;&lt;/div&gt;&#10;  (Session info: chrome=85.0.4183.121)&#10;Build info: version: &apos;3.14.0&apos;, revision: &apos;aacccce0&apos;, time: &apos;2018-08-02T20:19:58.91Z&apos;&#10;System info: host: &apos;MTCHNDT-UTHRAA&apos;, ip: &apos;192.168.64.110&apos;, os.name: &apos;Windows 10&apos;, os.arch: &apos;amd64&apos;, os.version: &apos;10.0&apos;, java.version: &apos;11.0.8&apos;&#10;Driver info: org.openqa.selenium.chrome.ChromeDriver&#10;Capabilities {acceptInsecureCerts: false, browserName: chrome, browserVersion: 85.0.4183.121, chrome: {chromedriverVersion: 85.0.4183.87 (cd6713ebf92fa..., userDataDir: C:\Users\UTHRAK~1.A\AppData...}, goog:chromeOptions: {debuggerAddress: localhost:17869}, javascriptEnabled: true, networkConnectionEnabled: false, pageLoadStrategy: normal, platform: WINDOWS, platformName: WINDOWS, proxy: Proxy(), setWindowRect: true, strictFileInteractability: false, timeouts: {implicit: 0, pageLoad: 300000, script: 30000}, unhandledPromptBehavior: dismiss and notify, webauthn:virtualAuthenticators: true}&#10;Session ID: 9c7ad59361569272c2fd643a68dd3aaa" type="org.openqa.selenium.ElementClickInterceptedException"><![CDATA[org.openqa.selenium.ElementClickInterceptedException: 
element click intercepted: Element <button class="login100-form-btn  login-submit" type="button">...</button> is not clickable at point (320, 630). Other element would receive the click: <div class="sweet-overlay" tabindex="-1" style="opacity: 1; display: block;"></div>
  (Session info: chrome=85.0.4183.121)
Build info: version: '3.14.0', revision: 'aacccce0', time: '2018-08-02T20:19:58.91Z'
System info: host: 'MTCHNDT-UTHRAA', ip: '192.168.64.110', os.name: 'Windows 10', os.arch: 'amd64', os.version: '10.0', java.version: '11.0.8'
Driver info: org.openqa.selenium.chrome.ChromeDriver
Capabilities {acceptInsecureCerts: false, browserName: chrome, browserVersion: 85.0.4183.121, chrome: {chromedriverVersion: 85.0.4183.87 (cd6713ebf92fa..., userDataDir: C:\Users\UTHRAK~1.A\AppData...}, goog:chromeOptions: {debuggerAddress: localhost:17869}, javascriptEnabled: true, networkConnectionEnabled: false, pageLoadStrategy: normal, platform: WINDOWS, platformName: WINDOWS, proxy: Proxy(), setWindowRect: true, strictFileInteractability: false, timeouts: {implicit: 0, pageLoad: 300000, script: 30000}, unhandledPromptBehavior: dismiss and notify, webauthn:virtualAuthenticators: true}
Session ID: 9c7ad59361569272c2fd643a68dd3aaa
	at com.qa.Testcase.Signinpage_test.invalidpwd(Signinpage_test.java:79)
]]></failure>
    <system-out><![CDATA[
****** Starting Test:invalidpwd*****

Trying to find Element By : By.id: mobile_no
Found Element By : By.id: mobile_no
Trying to find Element By : By.id: mobile_no
Found Element By : By.id: mobile_no
Trying to find Element By : By.id: password
Found Element By : By.id: password
Trying to find Element By : By.id: password
Found Element By : By.id: password
Trying to find Element By : By.id: mobile_no
Found Element By : By.id: mobile_no
Trying to find Element By : By.id: mobile_no
Found Element By : By.id: mobile_no
Trying to find Element By : By.id: password
Found Element By : By.id: password
Trying to find Element By : By.id: password
Found Element By : By.id: password
Trying to find Element By : By.xpath: //*[@id="login-form"]/div[6]/div/button
Found Element By : By.xpath: //*[@id="login-form"]/div[6]/div/button
Trying to find Element By : By.xpath: //*[@id="login-form"]/div[6]/div/button
Found Element By : By.xpath: //*[@id="login-form"]/div[6]/div/button
Trying to click on: [[ChromeDriver: chrome on WINDOWS (9c7ad59361569272c2fd643a68dd3aaa)] -> xpath: //*[@id="login-form"]/div[6]/div/button]
Exception occured: org.openqa.selenium.ElementClickInterceptedException: element click intercepted: Element <button class="login100-form-btn  login-submit" type="button">...</button> is not clickable at point (320, 630). Other element would receive the click: <div class="sweet-overlay" tabindex="-1" style="opacity: 1; display: block;"></div>
  (Session info: chrome=85.0.4183.121)
Build info: version: '3.14.0', revision: 'aacccce0', time: '2018-08-02T20:19:58.91Z'
System info: host: 'MTCHNDT-UTHRAA', ip: '192.168.64.110', os.name: 'Windows 10', os.arch: 'amd64', os.version: '10.0', java.version: '11.0.8'
Driver info: org.openqa.selenium.chrome.ChromeDriver
Capabilities {acceptInsecureCerts: false, browserName: chrome, browserVersion: 85.0.4183.121, chrome: {chromedriverVersion: 85.0.4183.87 (cd6713ebf92fa..., userDataDir: C:\Users\UTHRAK~1.A\AppData...}, goog:chromeOptions: {debuggerAddress: localhost:17869}, javascriptEnabled: true, networkConnectionEnabled: false, pageLoadStrategy: normal, platform: WINDOWS, platformName: WINDOWS, proxy: Proxy(), setWindowRect: true, strictFileInteractability: false, timeouts: {implicit: 0, pageLoad: 300000, script: 30000}, unhandledPromptBehavior: dismiss and notify, webauthn:virtualAuthenticators: true}
Session ID: 9c7ad59361569272c2fd643a68dd3aaa
]]></system-out>
  </testcase>
  <testcase name="Siginusingvalidinputs" classname="com.qa.Testcase.Signinpage_test" time="1.907">
    <failure message="element click intercepted: Element &lt;button class=&quot;login100-form-btn  login-submit&quot; type=&quot;button&quot;&gt;...&lt;/button&gt; is not clickable at point (320, 630). Other element would receive the click: &lt;div class=&quot;sweet-overlay&quot; tabindex=&quot;-1&quot; style=&quot;opacity: 1; display: block;&quot;&gt;&lt;/div&gt;&#10;  (Session info: chrome=85.0.4183.121)&#10;Build info: version: &apos;3.14.0&apos;, revision: &apos;aacccce0&apos;, time: &apos;2018-08-02T20:19:58.91Z&apos;&#10;System info: host: &apos;MTCHNDT-UTHRAA&apos;, ip: &apos;192.168.64.110&apos;, os.name: &apos;Windows 10&apos;, os.arch: &apos;amd64&apos;, os.version: &apos;10.0&apos;, java.version: &apos;11.0.8&apos;&#10;Driver info: org.openqa.selenium.chrome.ChromeDriver&#10;Capabilities {acceptInsecureCerts: false, browserName: chrome, browserVersion: 85.0.4183.121, chrome: {chromedriverVersion: 85.0.4183.87 (cd6713ebf92fa..., userDataDir: C:\Users\UTHRAK~1.A\AppData...}, goog:chromeOptions: {debuggerAddress: localhost:17869}, javascriptEnabled: true, networkConnectionEnabled: false, pageLoadStrategy: normal, platform: WINDOWS, platformName: WINDOWS, proxy: Proxy(), setWindowRect: true, strictFileInteractability: false, timeouts: {implicit: 0, pageLoad: 300000, script: 30000}, unhandledPromptBehavior: dismiss and notify, webauthn:virtualAuthenticators: true}&#10;Session ID: 9c7ad59361569272c2fd643a68dd3aaa" type="org.openqa.selenium.ElementClickInterceptedException"><![CDATA[org.openqa.selenium.ElementClickInterceptedException: 
element click intercepted: Element <button class="login100-form-btn  login-submit" type="button">...</button> is not clickable at point (320, 630). Other element would receive the click: <div class="sweet-overlay" tabindex="-1" style="opacity: 1; display: block;"></div>
  (Session info: chrome=85.0.4183.121)
Build info: version: '3.14.0', revision: 'aacccce0', time: '2018-08-02T20:19:58.91Z'
System info: host: 'MTCHNDT-UTHRAA', ip: '192.168.64.110', os.name: 'Windows 10', os.arch: 'amd64', os.version: '10.0', java.version: '11.0.8'
Driver info: org.openqa.selenium.chrome.ChromeDriver
Capabilities {acceptInsecureCerts: false, browserName: chrome, browserVersion: 85.0.4183.121, chrome: {chromedriverVersion: 85.0.4183.87 (cd6713ebf92fa..., userDataDir: C:\Users\UTHRAK~1.A\AppData...}, goog:chromeOptions: {debuggerAddress: localhost:17869}, javascriptEnabled: true, networkConnectionEnabled: false, pageLoadStrategy: normal, platform: WINDOWS, platformName: WINDOWS, proxy: Proxy(), setWindowRect: true, strictFileInteractability: false, timeouts: {implicit: 0, pageLoad: 300000, script: 30000}, unhandledPromptBehavior: dismiss and notify, webauthn:virtualAuthenticators: true}
Session ID: 9c7ad59361569272c2fd643a68dd3aaa
	at com.qa.Testcase.Signinpage_test.Siginusingvalidinputs(Signinpage_test.java:89)
]]></failure>
    <system-out><![CDATA[
****** Starting Test:Siginusingvalidinputs*****

Trying to find Element By : By.id: mobile_no
Found Element By : By.id: mobile_no
Trying to find Element By : By.id: mobile_no
Found Element By : By.id: mobile_no
Trying to find Element By : By.id: password
Found Element By : By.id: password
Trying to find Element By : By.id: password
Found Element By : By.id: password
Trying to find Element By : By.id: mobile_no
Found Element By : By.id: mobile_no
Trying to find Element By : By.id: mobile_no
Found Element By : By.id: mobile_no
Trying to find Element By : By.id: password
Found Element By : By.id: password
Trying to find Element By : By.id: password
Found Element By : By.id: password
Trying to find Element By : By.xpath: //*[@id="login-form"]/div[6]/div/button
Found Element By : By.xpath: //*[@id="login-form"]/div[6]/div/button
Trying to find Element By : By.xpath: //*[@id="login-form"]/div[6]/div/button
Found Element By : By.xpath: //*[@id="login-form"]/div[6]/div/button
Trying to click on: [[ChromeDriver: chrome on WINDOWS (9c7ad59361569272c2fd643a68dd3aaa)] -> xpath: //*[@id="login-form"]/div[6]/div/button]
Exception occured: org.openqa.selenium.ElementClickInterceptedException: element click intercepted: Element <button class="login100-form-btn  login-submit" type="button">...</button> is not clickable at point (320, 630). Other element would receive the click: <div class="sweet-overlay" tabindex="-1" style="opacity: 1; display: block;"></div>
  (Session info: chrome=85.0.4183.121)
Build info: version: '3.14.0', revision: 'aacccce0', time: '2018-08-02T20:19:58.91Z'
System info: host: 'MTCHNDT-UTHRAA', ip: '192.168.64.110', os.name: 'Windows 10', os.arch: 'amd64', os.version: '10.0', java.version: '11.0.8'
Driver info: org.openqa.selenium.chrome.ChromeDriver
Capabilities {acceptInsecureCerts: false, browserName: chrome, browserVersion: 85.0.4183.121, chrome: {chromedriverVersion: 85.0.4183.87 (cd6713ebf92fa..., userDataDir: C:\Users\UTHRAK~1.A\AppData...}, goog:chromeOptions: {debuggerAddress: localhost:17869}, javascriptEnabled: true, networkConnectionEnabled: false, pageLoadStrategy: normal, platform: WINDOWS, platformName: WINDOWS, proxy: Proxy(), setWindowRect: true, strictFileInteractability: false, timeouts: {implicit: 0, pageLoad: 300000, script: 30000}, unhandledPromptBehavior: dismiss and notify, webauthn:virtualAuthenticators: true}
Session ID: 9c7ad59361569272c2fd643a68dd3aaa
]]></system-out>
  </testcase>
  <testcase name="logout" classname="com.qa.Testcase.Signinpage_test" time="31.093"/>
  <testcase name="Sigin" classname="com.qa.Testcase.Homepage_test" time="7.596"/>
  <testcase name="attenttestone" classname="com.qa.Testcase.Homepage_test" time="4.587"/>
  <testcase name="latest" classname="com.qa.Testcase.Homepage_test" time="2.216"/>
  <testcase name="recentActivities" classname="com.qa.Testcase.Homepage_test" time="111.883"/>
  <testcase name="logout" classname="com.qa.Testcase.Homepage_test" time="3.124"/>
  <testcase name="Sigin" classname="com.qa.Testcase.Test_test" time="6.13"/>
  <testcase name="attendtest1_1" classname="com.qa.Testcase.Test_test" time="0.001">
    <failure type="java.lang.NullPointerException">java.lang.NullPointerException
	at com.qa.Testcase.Test_test.attendtest1_1(Test_test.java:40)
</failure>
    <system-out><![CDATA[
****** Starting Test:attendtest1_1*****

]]></system-out>
  </testcase>
  <testcase name="attendtest1_2" classname="com.qa.Testcase.Test_test" time="0">
    <failure type="java.lang.NullPointerException">java.lang.NullPointerException
	at com.qa.Testcase.Test_test.attendtest1_2(Test_test.java:60)
</failure>
    <system-out><![CDATA[
****** Starting Test:attendtest1_2*****

]]></system-out>
  </testcase>
  <testcase name="attendtest1_3" classname="com.qa.Testcase.Test_test" time="0">
    <failure type="java.lang.NullPointerException">java.lang.NullPointerException
	at com.qa.Testcase.Test_test.attendtest1_3(Test_test.java:79)
</failure>
    <system-out><![CDATA[
****** Starting Test:attendtest1_3*****

]]></system-out>
  </testcase>
  <testcase name="attendtest1_4" classname="com.qa.Testcase.Test_test" time="0">
    <failure type="java.lang.NullPointerException">java.lang.NullPointerException
	at com.qa.Testcase.Test_test.attendtest1_4(Test_test.java:98)
</failure>
    <system-out><![CDATA[
****** Starting Test:attendtest1_4*****

]]></system-out>
  </testcase>
  <testcase name="attendtest1_5" classname="com.qa.Testcase.Test_test" time="0.001">
    <failure type="java.lang.NullPointerException">java.lang.NullPointerException
	at com.qa.Testcase.Test_test.attendtest1_5(Test_test.java:117)
</failure>
    <system-out><![CDATA[
****** Starting Test:attendtest1_5*****

]]></system-out>
  </testcase>
  <testcase name="attendtest1_6" classname="com.qa.Testcase.Test_test" time="0">
    <failure type="java.lang.NullPointerException">java.lang.NullPointerException
	at com.qa.Testcase.Test_test.attendtest1_6(Test_test.java:136)
</failure>
    <system-out><![CDATA[
****** Starting Test:attendtest1_6*****

]]></system-out>
  </testcase>
  <testcase name="attendtest1_7" classname="com.qa.Testcase.Test_test" time="0.001">
    <failure type="java.lang.NullPointerException">java.lang.NullPointerException
	at com.qa.Testcase.Test_test.attendtest1_7(Test_test.java:155)
</failure>
    <system-out><![CDATA[
****** Starting Test:attendtest1_7*****

]]></system-out>
  </testcase>
  <testcase name="attendtest1_8" classname="com.qa.Testcase.Test_test" time="0.001">
    <failure type="java.lang.NullPointerException">java.lang.NullPointerException
	at com.qa.Testcase.Test_test.attendtest1_8(Test_test.java:174)
</failure>
    <system-out><![CDATA[
****** Starting Test:attendtest1_8*****

]]></system-out>
  </testcase>
  <testcase name="attendtest1_9" classname="com.qa.Testcase.Test_test" time="0.001">
    <failure type="java.lang.NullPointerException">java.lang.NullPointerException
	at com.qa.Testcase.Test_test.attendtest1_9(Test_test.java:193)
</failure>
    <system-out><![CDATA[
****** Starting Test:attendtest1_9*****

]]></system-out>
  </testcase>
  <testcase name="attendtest1_10" classname="com.qa.Testcase.Test_test" time="0.001">
    <failure type="java.lang.NullPointerException">java.lang.NullPointerException
	at com.qa.Testcase.Test_test.attendtest1_10(Test_test.java:212)
</failure>
    <system-out><![CDATA[
****** Starting Test:attendtest1_10*****

]]></system-out>
  </testcase>
  <testcase name="attendtest1_11" classname="com.qa.Testcase.Test_test" time="0.001">
    <failure type="java.lang.NullPointerException">java.lang.NullPointerException
	at com.qa.Testcase.Test_test.attendtest1_11(Test_test.java:231)
</failure>
    <system-out><![CDATA[
****** Starting Test:attendtest1_11*****

]]></system-out>
  </testcase>
  <testcase name="attendtest1_12" classname="com.qa.Testcase.Test_test" time="0">
    <failure type="java.lang.NullPointerException">java.lang.NullPointerException
	at com.qa.Testcase.Test_test.attendtest1_12(Test_test.java:250)
</failure>
    <system-out><![CDATA[
****** Starting Test:attendtest1_12*****

]]></system-out>
  </testcase>
  <testcase name="attendtest2_1" classname="com.qa.Testcase.Test_test" time="0">
    <failure type="java.lang.NullPointerException">java.lang.NullPointerException
	at com.qa.Testcase.Test_test.attendtest2_1(Test_test.java:272)
</failure>
    <system-out><![CDATA[
****** Starting Test:attendtest2_1*****

]]></system-out>
  </testcase>
  <testcase name="attendtest2_2" classname="com.qa.Testcase.Test_test" time="0">
    <failure type="java.lang.NullPointerException">java.lang.NullPointerException
	at com.qa.Testcase.Test_test.attendtest2_2(Test_test.java:291)
</failure>
    <system-out><![CDATA[
****** Starting Test:attendtest2_2*****

]]></system-out>
  </testcase>
  <testcase name="attendtest2_3" classname="com.qa.Testcase.Test_test" time="0.001">
    <failure type="java.lang.NullPointerException">java.lang.NullPointerException
	at com.qa.Testcase.Test_test.attendtest2_3(Test_test.java:310)
</failure>
    <system-out><![CDATA[
****** Starting Test:attendtest2_3*****

]]></system-out>
  </testcase>
  <testcase name="attendtest2_4" classname="com.qa.Testcase.Test_test" time="0">
    <failure type="java.lang.NullPointerException">java.lang.NullPointerException
	at com.qa.Testcase.Test_test.attendtest2_4(Test_test.java:329)
</failure>
    <system-out><![CDATA[
****** Starting Test:attendtest2_4*****

]]></system-out>
  </testcase>
  <testcase name="attendtest2_5" classname="com.qa.Testcase.Test_test" time="0.001">
    <failure type="java.lang.NullPointerException">java.lang.NullPointerException
	at com.qa.Testcase.Test_test.attendtest2_5(Test_test.java:348)
</failure>
    <system-out><![CDATA[
****** Starting Test:attendtest2_5*****

]]></system-out>
  </testcase>
  <testcase name="attendtest2_6" classname="com.qa.Testcase.Test_test" time="0">
    <failure type="java.lang.NullPointerException">java.lang.NullPointerException
	at com.qa.Testcase.Test_test.attendtest2_6(Test_test.java:367)
</failure>
    <system-out><![CDATA[
****** Starting Test:attendtest2_6*****

]]></system-out>
  </testcase>
  <testcase name="attendtest2_7" classname="com.qa.Testcase.Test_test" time="0">
    <failure type="java.lang.NullPointerException">java.lang.NullPointerException
	at com.qa.Testcase.Test_test.attendtest2_7(Test_test.java:386)
</failure>
    <system-out><![CDATA[
****** Starting Test:attendtest2_7*****

]]></system-out>
  </testcase>
  <testcase name="attendtest2_8" classname="com.qa.Testcase.Test_test" time="0">
    <failure type="java.lang.NullPointerException">java.lang.NullPointerException
	at com.qa.Testcase.Test_test.attendtest2_8(Test_test.java:405)
</failure>
    <system-out><![CDATA[
****** Starting Test:attendtest2_8*****

]]></system-out>
  </testcase>
  <testcase name="attendtest2_9" classname="com.qa.Testcase.Test_test" time="0">
    <failure type="java.lang.NullPointerException">java.lang.NullPointerException
	at com.qa.Testcase.Test_test.attendtest2_9(Test_test.java:424)
</failure>
    <system-out><![CDATA[
****** Starting Test:attendtest2_9*****

]]></system-out>
  </testcase>
  <testcase name="attendtest2_10" classname="com.qa.Testcase.Test_test" time="0">
    <failure type="java.lang.NullPointerException">java.lang.NullPointerException
	at com.qa.Testcase.Test_test.attendtest2_10(Test_test.java:443)
</failure>
    <system-out><![CDATA[
****** Starting Test:attendtest2_10*****

]]></system-out>
  </testcase>
  <testcase name="attendtest2_11" classname="com.qa.Testcase.Test_test" time="0">
    <failure type="java.lang.NullPointerException">java.lang.NullPointerException
	at com.qa.Testcase.Test_test.attendtest2_11(Test_test.java:462)
</failure>
    <system-out><![CDATA[
****** Starting Test:attendtest2_11*****

]]></system-out>
  </testcase>
  <testcase name="attendtest2_12" classname="com.qa.Testcase.Test_test" time="0.001">
    <failure type="java.lang.NullPointerException">java.lang.NullPointerException
	at com.qa.Testcase.Test_test.attendtest2_12(Test_test.java:481)
</failure>
    <system-out><![CDATA[
****** Starting Test:attendtest2_12*****

]]></system-out>
  </testcase>
  <testcase name="attendtest3_1" classname="com.qa.Testcase.Test_test" time="0.001">
    <failure type="java.lang.NullPointerException">java.lang.NullPointerException
	at com.qa.Testcase.Test_test.attendtest3_1(Test_test.java:502)
</failure>
    <system-out><![CDATA[
****** Starting Test:attendtest3_1*****

]]></system-out>
  </testcase>
  <testcase name="attendtest3_2" classname="com.qa.Testcase.Test_test" time="0">
    <failure type="java.lang.NullPointerException">java.lang.NullPointerException
	at com.qa.Testcase.Test_test.attendtest3_2(Test_test.java:521)
</failure>
    <system-out><![CDATA[
****** Starting Test:attendtest3_2*****

]]></system-out>
  </testcase>
  <testcase name="attendtest3_3" classname="com.qa.Testcase.Test_test" time="0">
    <failure type="java.lang.NullPointerException">java.lang.NullPointerException
	at com.qa.Testcase.Test_test.attendtest3_3(Test_test.java:540)
</failure>
    <system-out><![CDATA[
****** Starting Test:attendtest3_3*****

]]></system-out>
  </testcase>
  <testcase name="attendtest3_4" classname="com.qa.Testcase.Test_test" time="0">
    <failure type="java.lang.NullPointerException">java.lang.NullPointerException
	at com.qa.Testcase.Test_test.attendtest3_4(Test_test.java:559)
</failure>
    <system-out><![CDATA[
****** Starting Test:attendtest3_4*****

]]></system-out>
  </testcase>
  <testcase name="attendtest3_5" classname="com.qa.Testcase.Test_test" time="0">
    <failure type="java.lang.NullPointerException">java.lang.NullPointerException
	at com.qa.Testcase.Test_test.attendtest3_5(Test_test.java:578)
</failure>
    <system-out><![CDATA[
****** Starting Test:attendtest3_5*****

]]></system-out>
  </testcase>
  <testcase name="attendtest3_6" classname="com.qa.Testcase.Test_test" time="0">
    <failure type="java.lang.NullPointerException">java.lang.NullPointerException
	at com.qa.Testcase.Test_test.attendtest3_6(Test_test.java:597)
</failure>
    <system-out><![CDATA[
****** Starting Test:attendtest3_6*****

]]></system-out>
  </testcase>
  <testcase name="attendtest3_7" classname="com.qa.Testcase.Test_test" time="0.001">
    <failure type="java.lang.NullPointerException">java.lang.NullPointerException
	at com.qa.Testcase.Test_test.attendtest3_7(Test_test.java:616)
</failure>
    <system-out><![CDATA[
****** Starting Test:attendtest3_7*****

]]></system-out>
  </testcase>
  <testcase name="attendtest3_8" classname="com.qa.Testcase.Test_test" time="0">
    <failure type="java.lang.NullPointerException">java.lang.NullPointerException
	at com.qa.Testcase.Test_test.attendtest3_8(Test_test.java:635)
</failure>
    <system-out><![CDATA[
****** Starting Test:attendtest3_8*****

]]></system-out>
  </testcase>
  <testcase name="attendtest3_9" classname="com.qa.Testcase.Test_test" time="0.001">
    <failure type="java.lang.NullPointerException">java.lang.NullPointerException
	at com.qa.Testcase.Test_test.attendtest3_9(Test_test.java:654)
</failure>
    <system-out><![CDATA[
****** Starting Test:attendtest3_9*****

]]></system-out>
  </testcase>
  <testcase name="attendtest3_10" classname="com.qa.Testcase.Test_test" time="0">
    <failure type="java.lang.NullPointerException">java.lang.NullPointerException
	at com.qa.Testcase.Test_test.attendtest3_10(Test_test.java:673)
</failure>
    <system-out><![CDATA[
****** Starting Test:attendtest3_10*****

]]></system-out>
  </testcase>
  <testcase name="attendtest3_11" classname="com.qa.Testcase.Test_test" time="0.001">
    <failure type="java.lang.NullPointerException">java.lang.NullPointerException
	at com.qa.Testcase.Test_test.attendtest3_11(Test_test.java:692)
</failure>
    <system-out><![CDATA[
****** Starting Test:attendtest3_11*****

]]></system-out>
  </testcase>
  <testcase name="attendtest3_12" classname="com.qa.Testcase.Test_test" time="0">
    <failure type="java.lang.NullPointerException">java.lang.NullPointerException
	at com.qa.Testcase.Test_test.attendtest3_12(Test_test.java:711)
</failure>
    <system-out><![CDATA[
****** Starting Test:attendtest3_12*****

]]></system-out>
  </testcase>
  <testcase name="attendtest4_1" classname="com.qa.Testcase.Test_test" time="0">
    <failure type="java.lang.NullPointerException">java.lang.NullPointerException
	at com.qa.Testcase.Test_test.attendtest4_1(Test_test.java:732)
</failure>
    <system-out><![CDATA[
****** Starting Test:attendtest4_1*****

]]></system-out>
  </testcase>
  <testcase name="attendtest4_2" classname="com.qa.Testcase.Test_test" time="0.001">
    <failure type="java.lang.NullPointerException">java.lang.NullPointerException
	at com.qa.Testcase.Test_test.attendtest4_2(Test_test.java:751)
</failure>
    <system-out><![CDATA[
****** Starting Test:attendtest4_2*****

]]></system-out>
  </testcase>
  <testcase name="attendtest4_3" classname="com.qa.Testcase.Test_test" time="0">
    <failure type="java.lang.NullPointerException">java.lang.NullPointerException
	at com.qa.Testcase.Test_test.attendtest4_3(Test_test.java:770)
</failure>
    <system-out><![CDATA[
****** Starting Test:attendtest4_3*****

]]></system-out>
  </testcase>
  <testcase name="attendtest4_4" classname="com.qa.Testcase.Test_test" time="0">
    <failure type="java.lang.NullPointerException">java.lang.NullPointerException
	at com.qa.Testcase.Test_test.attendtest4_4(Test_test.java:789)
</failure>
    <system-out><![CDATA[
****** Starting Test:attendtest4_4*****

]]></system-out>
  </testcase>
  <testcase name="attendtest4_5" classname="com.qa.Testcase.Test_test" time="0">
    <failure type="java.lang.NullPointerException">java.lang.NullPointerException
	at com.qa.Testcase.Test_test.attendtest4_5(Test_test.java:808)
</failure>
    <system-out><![CDATA[
****** Starting Test:attendtest4_5*****

]]></system-out>
  </testcase>
  <testcase name="attendtest4_6" classname="com.qa.Testcase.Test_test" time="0">
    <failure type="java.lang.NullPointerException">java.lang.NullPointerException
	at com.qa.Testcase.Test_test.attendtest4_6(Test_test.java:827)
</failure>
    <system-out><![CDATA[
****** Starting Test:attendtest4_6*****

]]></system-out>
  </testcase>
  <testcase name="attendtest4_7" classname="com.qa.Testcase.Test_test" time="0.001">
    <failure type="java.lang.NullPointerException">java.lang.NullPointerException
	at com.qa.Testcase.Test_test.attendtest4_7(Test_test.java:846)
</failure>
    <system-out><![CDATA[
****** Starting Test:attendtest4_7*****

]]></system-out>
  </testcase>
  <testcase name="attendtest4_8" classname="com.qa.Testcase.Test_test" time="0">
    <failure type="java.lang.NullPointerException">java.lang.NullPointerException
	at com.qa.Testcase.Test_test.attendtest4_8(Test_test.java:865)
</failure>
    <system-out><![CDATA[
****** Starting Test:attendtest4_8*****

]]></system-out>
  </testcase>
  <testcase name="attendtest4_9" classname="com.qa.Testcase.Test_test" time="0">
    <failure type="java.lang.NullPointerException">java.lang.NullPointerException
	at com.qa.Testcase.Test_test.attendtest4_9(Test_test.java:884)
</failure>
    <system-out><![CDATA[
****** Starting Test:attendtest4_9*****

]]></system-out>
  </testcase>
  <testcase name="attendtest4_10" classname="com.qa.Testcase.Test_test" time="0">
    <failure type="java.lang.NullPointerException">java.lang.NullPointerException
	at com.qa.Testcase.Test_test.attendtest4_10(Test_test.java:903)
</failure>
    <system-out><![CDATA[
****** Starting Test:attendtest4_10*****

]]></system-out>
  </testcase>
  <testcase name="attendtest4_11" classname="com.qa.Testcase.Test_test" time="0">
    <failure type="java.lang.NullPointerException">java.lang.NullPointerException
	at com.qa.Testcase.Test_test.attendtest4_11(Test_test.java:922)
</failure>
    <system-out><![CDATA[
****** Starting Test:attendtest4_11*****

]]></system-out>
  </testcase>
  <testcase name="attendtest4_12" classname="com.qa.Testcase.Test_test" time="0.001">
    <failure type="java.lang.NullPointerException">java.lang.NullPointerException
	at com.qa.Testcase.Test_test.attendtest4_12(Test_test.java:941)
</failure>
    <system-out><![CDATA[
****** Starting Test:attendtest4_12*****

]]></system-out>
  </testcase>
  <testcase name="logout" classname="com.qa.Testcase.Test_test" time="1.246"/>
  <testcase name="Sigin" classname="com.qa.Testcase.Downloadspage_test" time="12.037"/>
  <testcase name="downloadqb" classname="com.qa.Testcase.Downloadspage_test" time="28.441"/>
  <testcase name="Sigin" classname="com.qa.Testcase.Profilepage_test" time="4.282"/>
  <testcase name="emptyprofile" classname="com.qa.Testcase.Profilepage_test" time="1.311"/>
  <testcase name="pnameonly" classname="com.qa.Testcase.Profilepage_test" time="0.871"/>
  <testcase name="pnameonlylessthan2" classname="com.qa.Testcase.Profilepage_test" time="0.825"/>
  <testcase name="pname_pemail" classname="com.qa.Testcase.Profilepage_test" time="0.953"/>
  <testcase name="pname_Invalidemail" classname="com.qa.Testcase.Profilepage_test" time="0.971"/>
  <testcase name="allinputs" classname="com.qa.Testcase.Profilepage_test" time="3.405"/>
  <testcase name="profileupdate" classname="com.qa.Testcase.Profilepage_test" time="7.673"/>
  <testcase name="profileupdateinvalid" classname="com.qa.Testcase.Profilepage_test" time="1.721"/>
  <testcase name="profileupdatemorethan5mb" classname="com.qa.Testcase.Profilepage_test" time="2.634"/>
  <testcase name="pressback" classname="com.qa.Testcase.Profilepage_test" time="6.832"/>
  <testcase name="Sigin" classname="com.qa.Testcase.MyTestpage_test" time="3.645"/>
  <testcase name="mytest" classname="com.qa.Testcase.MyTestpage_test" time="113.019"/>
  <testcase name="logout" classname="com.qa.Testcase.MyTestpage_test" time="120.041">
    <failure message="Expected condition failed: waiting for element to be clickable: [[ChromeDriver: chrome on WINDOWS (eea29308e2c7afe9e27e55749756a55f)] -&gt; xpath: //*[@id=&quot;accordion-menu&quot;]/li[8]/a/span[2]] (tried for 120 second(s) with 500 milliseconds interval)&#10;Build info: version: &apos;3.14.0&apos;, revision: &apos;aacccce0&apos;, time: &apos;2018-08-02T20:19:58.91Z&apos;&#10;System info: host: &apos;MTCHNDT-UTHRAA&apos;, ip: &apos;192.168.64.110&apos;, os.name: &apos;Windows 10&apos;, os.arch: &apos;amd64&apos;, os.version: &apos;10.0&apos;, java.version: &apos;11.0.8&apos;&#10;Driver info: org.openqa.selenium.support.events.EventFiringWebDriver&#10;Capabilities {acceptInsecureCerts: false, browserName: chrome, browserVersion: 85.0.4183.121, chrome: {chromedriverVersion: 85.0.4183.87 (cd6713ebf92fa..., userDataDir: C:\Users\UTHRAK~1.A\AppData...}, goog:chromeOptions: {debuggerAddress: localhost:18476}, javascriptEnabled: true, networkConnectionEnabled: false, pageLoadStrategy: normal, platform: WINDOWS, platformName: WINDOWS, proxy: Proxy(), setWindowRect: true, strictFileInteractability: false, timeouts: {implicit: 0, pageLoad: 300000, script: 30000}, unhandledPromptBehavior: dismiss and notify, webauthn:virtualAuthenticators: true}&#10;Session ID: eea29308e2c7afe9e27e55749756a55f" type="org.openqa.selenium.TimeoutException">org.openqa.selenium.TimeoutException: 
Expected condition failed: waiting for element to be clickable: [[ChromeDriver: chrome on WINDOWS (eea29308e2c7afe9e27e55749756a55f)] -> xpath: //*[@id="accordion-menu"]/li[8]/a/span[2]] (tried for 120 second(s) with 500 milliseconds interval)
Build info: version: '3.14.0', revision: 'aacccce0', time: '2018-08-02T20:19:58.91Z'
System info: host: 'MTCHNDT-UTHRAA', ip: '192.168.64.110', os.name: 'Windows 10', os.arch: 'amd64', os.version: '10.0', java.version: '11.0.8'
Driver info: org.openqa.selenium.support.events.EventFiringWebDriver
Capabilities {acceptInsecureCerts: false, browserName: chrome, browserVersion: 85.0.4183.121, chrome: {chromedriverVersion: 85.0.4183.87 (cd6713ebf92fa..., userDataDir: C:\Users\UTHRAK~1.A\AppData...}, goog:chromeOptions: {debuggerAddress: localhost:18476}, javascriptEnabled: true, networkConnectionEnabled: false, pageLoadStrategy: normal, platform: WINDOWS, platformName: WINDOWS, proxy: Proxy(), setWindowRect: true, strictFileInteractability: false, timeouts: {implicit: 0, pageLoad: 300000, script: 30000}, unhandledPromptBehavior: dismiss and notify, webauthn:virtualAuthenticators: true}
Session ID: eea29308e2c7afe9e27e55749756a55f
	at com.qa.Testcase.MyTestpage_test.logout(MyTestpage_test.java:64)
</failure>
    <system-out><![CDATA[
****** Starting Test:logout*****

Trying to find Element By : By.xpath: //*[@id="accordion-menu"]/li[8]/a/span[2]
Found Element By : By.xpath: //*[@id="accordion-menu"]/li[8]/a/span[2]
Trying to find Element By : By.xpath: //*[@id="accordion-menu"]/li[8]/a/span[2]
Found Element By : By.xpath: //*[@id="accordion-menu"]/li[8]/a/span[2]
Trying to find Element By : By.xpath: //*[@id="accordion-menu"]/li[8]/a/span[2]
Found Element By : By.xpath: //*[@id="accordion-menu"]/li[8]/a/span[2]
Trying to find Element By : By.xpath: //*[@id="accordion-menu"]/li[8]/a/span[2]
Found Element By : By.xpath: //*[@id="accordion-menu"]/li[8]/a/span[2]
Trying to find Element By : By.xpath: //*[@id="accordion-menu"]/li[8]/a/span[2]
Found Element By : By.xpath: //*[@id="accordion-menu"]/li[8]/a/span[2]
Trying to find Element By : By.xpath: //*[@id="accordion-menu"]/li[8]/a/span[2]
Found Element By : By.xpath: //*[@id="accordion-menu"]/li[8]/a/span[2]
Trying to find Element By : By.xpath: //*[@id="accordion-menu"]/li[8]/a/span[2]
Found Element By : By.xpath: //*[@id="accordion-menu"]/li[8]/a/span[2]
Trying to find Element By : By.xpath: //*[@id="accordion-menu"]/li[8]/a/span[2]
Found Element By : By.xpath: //*[@id="accordion-menu"]/li[8]/a/span[2]
Trying to find Element By : By.xpath: //*[@id="accordion-menu"]/li[8]/a/span[2]
Found Element By : By.xpath: //*[@id="accordion-menu"]/li[8]/a/span[2]
Trying to find Element By : By.xpath: //*[@id="accordion-menu"]/li[8]/a/span[2]
Found Element By : By.xpath: //*[@id="accordion-menu"]/li[8]/a/span[2]
Trying to find Element By : By.xpath: //*[@id="accordion-menu"]/li[8]/a/span[2]
Found Element By : By.xpath: //*[@id="accordion-menu"]/li[8]/a/span[2]
Trying to find Element By : By.xpath: //*[@id="accordion-menu"]/li[8]/a/span[2]
Found Element By : By.xpath: //*[@id="accordion-menu"]/li[8]/a/span[2]
Trying to find Element By : By.xpath: //*[@id="accordion-menu"]/li[8]/a/span[2]
Found Element By : By.xpath: //*[@id="accordion-menu"]/li[8]/a/span[2]
Trying to find Element By : By.xpath: //*[@id="accordion-menu"]/li[8]/a/span[2]
Found Element By : By.xpath: //*[@id="accordion-menu"]/li[8]/a/span[2]
Trying to find Element By : By.xpath: //*[@id="accordion-menu"]/li[8]/a/span[2]
Found Element By : By.xpath: //*[@id="accordion-menu"]/li[8]/a/span[2]
Trying to find Element By : By.xpath: //*[@id="accordion-menu"]/li[8]/a/span[2]
Found Element By : By.xpath: //*[@id="accordion-menu"]/li[8]/a/span[2]
Trying to find Element By : By.xpath: //*[@id="accordion-menu"]/li[8]/a/span[2]
Found Element By : By.xpath: //*[@id="accordion-menu"]/li[8]/a/span[2]
Trying to find Element By : By.xpath: //*[@id="accordion-menu"]/li[8]/a/span[2]
Found Element By : By.xpath: //*[@id="accordion-menu"]/li[8]/a/span[2]
Trying to find Element By : By.xpath: //*[@id="accordion-menu"]/li[8]/a/span[2]
Found Element By : By.xpath: //*[@id="accordion-menu"]/li[8]/a/span[2]
Trying to find Element By : By.xpath: //*[@id="accordion-menu"]/li[8]/a/span[2]
Found Element By : By.xpath: //*[@id="accordion-menu"]/li[8]/a/span[2]
Trying to find Element By : By.xpath: //*[@id="accordion-menu"]/li[8]/a/span[2]
Found Element By : By.xpath: //*[@id="accordion-menu"]/li[8]/a/span[2]
Trying to find Element By : By.xpath: //*[@id="accordion-menu"]/li[8]/a/span[2]
Found Element By : By.xpath: //*[@id="accordion-menu"]/li[8]/a/span[2]
Trying to find Element By : By.xpath: //*[@id="accordion-menu"]/li[8]/a/span[2]
Found Element By : By.xpath: //*[@id="accordion-menu"]/li[8]/a/span[2]
Trying to find Element By : By.xpath: //*[@id="accordion-menu"]/li[8]/a/span[2]
Found Element By : By.xpath: //*[@id="accordion-menu"]/li[8]/a/span[2]
Trying to find Element By : By.xpath: //*[@id="accordion-menu"]/li[8]/a/span[2]
Found Element By : By.xpath: //*[@id="accordion-menu"]/li[8]/a/span[2]
Trying to find Element By : By.xpath: //*[@id="accordion-menu"]/li[8]/a/span[2]
Found Element By : By.xpath: //*[@id="accordion-menu"]/li[8]/a/span[2]
Trying to find Element By : By.xpath: //*[@id="accordion-menu"]/li[8]/a/span[2]
Found Element By : By.xpath: //*[@id="accordion-menu"]/li[8]/a/span[2]
Trying to find Element By : By.xpath: //*[@id="accordion-menu"]/li[8]/a/span[2]
Found Element By : By.xpath: //*[@id="accordion-menu"]/li[8]/a/span[2]
Trying to find Element By : By.xpath: //*[@id="accordion-menu"]/li[8]/a/span[2]
Found Element By : By.xpath: //*[@id="accordion-menu"]/li[8]/a/span[2]
Trying to find Element By : By.xpath: //*[@id="accordion-menu"]/li[8]/a/span[2]
Found Element By : By.xpath: //*[@id="accordion-menu"]/li[8]/a/span[2]
Trying to find Element By : By.xpath: //*[@id="accordion-menu"]/li[8]/a/span[2]
Found Element By : By.xpath: //*[@id="accordion-menu"]/li[8]/a/span[2]
Trying to find Element By : By.xpath: //*[@id="accordion-menu"]/li[8]/a/span[2]
Found Element By : By.xpath: //*[@id="accordion-menu"]/li[8]/a/span[2]
Trying to find Element By : By.xpath: //*[@id="accordion-menu"]/li[8]/a/span[2]
Found Element By : By.xpath: //*[@id="accordion-menu"]/li[8]/a/span[2]
Trying to find Element By : By.xpath: //*[@id="accordion-menu"]/li[8]/a/span[2]
Found Element By : By.xpath: //*[@id="accordion-menu"]/li[8]/a/span[2]
Trying to find Element By : By.xpath: //*[@id="accordion-menu"]/li[8]/a/span[2]
Found Element By : By.xpath: //*[@id="accordion-menu"]/li[8]/a/span[2]
Trying to find Element By : By.xpath: //*[@id="accordion-menu"]/li[8]/a/span[2]
Found Element By : By.xpath: //*[@id="accordion-menu"]/li[8]/a/span[2]
Trying to find Element By : By.xpath: //*[@id="accordion-menu"]/li[8]/a/span[2]
Found Element By : By.xpath: //*[@id="accordion-menu"]/li[8]/a/span[2]
Trying to find Element By : By.xpath: //*[@id="accordion-menu"]/li[8]/a/span[2]
Found Element By : By.xpath: //*[@id="accordion-menu"]/li[8]/a/span[2]
Trying to find Element By : By.xpath: //*[@id="accordion-menu"]/li[8]/a/span[2]
Found Element By : By.xpath: //*[@id="accordion-menu"]/li[8]/a/span[2]
Trying to find Element By : By.xpath: //*[@id="accordion-menu"]/li[8]/a/span[2]
Found Element By : By.xpath: //*[@id="accordion-menu"]/li[8]/a/span[2]
Trying to find Element By : By.xpath: //*[@id="accordion-menu"]/li[8]/a/span[2]
Found Element By : By.xpath: //*[@id="accordion-menu"]/li[8]/a/span[2]
Trying to find Element By : By.xpath: //*[@id="accordion-menu"]/li[8]/a/span[2]
Found Element By : By.xpath: //*[@id="accordion-menu"]/li[8]/a/span[2]
Trying to find Element By : By.xpath: //*[@id="accordion-menu"]/li[8]/a/span[2]
Found Element By : By.xpath: //*[@id="accordion-menu"]/li[8]/a/span[2]
Trying to find Element By : By.xpath: //*[@id="accordion-menu"]/li[8]/a/span[2]
Found Element By : By.xpath: //*[@id="accordion-menu"]/li[8]/a/span[2]
Trying to find Element By : By.xpath: //*[@id="accordion-menu"]/li[8]/a/span[2]
Found Element By : By.xpath: //*[@id="accordion-menu"]/li[8]/a/span[2]
Trying to find Element By : By.xpath: //*[@id="accordion-menu"]/li[8]/a/span[2]
Found Element By : By.xpath: //*[@id="accordion-menu"]/li[8]/a/span[2]
Trying to find Element By : By.xpath: //*[@id="accordion-menu"]/li[8]/a/span[2]
Found Element By : By.xpath: //*[@id="accordion-menu"]/li[8]/a/span[2]
Trying to find Element By : By.xpath: //*[@id="accordion-menu"]/li[8]/a/span[2]
Found Element By : By.xpath: //*[@id="accordion-menu"]/li[8]/a/span[2]
Trying to find Element By : By.xpath: //*[@id="accordion-menu"]/li[8]/a/span[2]
Found Element By : By.xpath: //*[@id="accordion-menu"]/li[8]/a/span[2]
Trying to find Element By : By.xpath: //*[@id="accordion-menu"]/li[8]/a/span[2]
Found Element By : By.xpath: //*[@id="accordion-menu"]/li[8]/a/span[2]
Trying to find Element By : By.xpath: //*[@id="accordion-menu"]/li[8]/a/span[2]
Found Element By : By.xpath: //*[@id="accordion-menu"]/li[8]/a/span[2]
Trying to find Element By : By.xpath: //*[@id="accordion-menu"]/li[8]/a/span[2]
Found Element By : By.xpath: //*[@id="accordion-menu"]/li[8]/a/span[2]
Trying to find Element By : By.xpath: //*[@id="accordion-menu"]/li[8]/a/span[2]
Found Element By : By.xpath: //*[@id="accordion-menu"]/li[8]/a/span[2]
Trying to find Element By : By.xpath: //*[@id="accordion-menu"]/li[8]/a/span[2]
Found Element By : By.xpath: //*[@id="accordion-menu"]/li[8]/a/span[2]
Trying to find Element By : By.xpath: //*[@id="accordion-menu"]/li[8]/a/span[2]
Found Element By : By.xpath: //*[@id="accordion-menu"]/li[8]/a/span[2]
Trying to find Element By : By.xpath: //*[@id="accordion-menu"]/li[8]/a/span[2]
Found Element By : By.xpath: //*[@id="accordion-menu"]/li[8]/a/span[2]
Trying to find Element By : By.xpath: //*[@id="accordion-menu"]/li[8]/a/span[2]
Found Element By : By.xpath: //*[@id="accordion-menu"]/li[8]/a/span[2]
Trying to find Element By : By.xpath: //*[@id="accordion-menu"]/li[8]/a/span[2]
Found Element By : By.xpath: //*[@id="accordion-menu"]/li[8]/a/span[2]
Trying to find Element By : By.xpath: //*[@id="accordion-menu"]/li[8]/a/span[2]
Found Element By : By.xpath: //*[@id="accordion-menu"]/li[8]/a/span[2]
Trying to find Element By : By.xpath: //*[@id="accordion-menu"]/li[8]/a/span[2]
Found Element By : By.xpath: //*[@id="accordion-menu"]/li[8]/a/span[2]
Trying to find Element By : By.xpath: //*[@id="accordion-menu"]/li[8]/a/span[2]
Found Element By : By.xpath: //*[@id="accordion-menu"]/li[8]/a/span[2]
Trying to find Element By : By.xpath: //*[@id="accordion-menu"]/li[8]/a/span[2]
Found Element By : By.xpath: //*[@id="accordion-menu"]/li[8]/a/span[2]
Trying to find Element By : By.xpath: //*[@id="accordion-menu"]/li[8]/a/span[2]
Found Element By : By.xpath: //*[@id="accordion-menu"]/li[8]/a/span[2]
Trying to find Element By : By.xpath: //*[@id="accordion-menu"]/li[8]/a/span[2]
Found Element By : By.xpath: //*[@id="accordion-menu"]/li[8]/a/span[2]
Trying to find Element By : By.xpath: //*[@id="accordion-menu"]/li[8]/a/span[2]
Found Element By : By.xpath: //*[@id="accordion-menu"]/li[8]/a/span[2]
Trying to find Element By : By.xpath: //*[@id="accordion-menu"]/li[8]/a/span[2]
Found Element By : By.xpath: //*[@id="accordion-menu"]/li[8]/a/span[2]
Trying to find Element By : By.xpath: //*[@id="accordion-menu"]/li[8]/a/span[2]
Found Element By : By.xpath: //*[@id="accordion-menu"]/li[8]/a/span[2]
Trying to find Element By : By.xpath: //*[@id="accordion-menu"]/li[8]/a/span[2]
Found Element By : By.xpath: //*[@id="accordion-menu"]/li[8]/a/span[2]
Trying to find Element By : By.xpath: //*[@id="accordion-menu"]/li[8]/a/span[2]
Found Element By : By.xpath: //*[@id="accordion-menu"]/li[8]/a/span[2]
Trying to find Element By : By.xpath: //*[@id="accordion-menu"]/li[8]/a/span[2]
Found Element By : By.xpath: //*[@id="accordion-menu"]/li[8]/a/span[2]
Trying to find Element By : By.xpath: //*[@id="accordion-menu"]/li[8]/a/span[2]
Found Element By : By.xpath: //*[@id="accordion-menu"]/li[8]/a/span[2]
Trying to find Element By : By.xpath: //*[@id="accordion-menu"]/li[8]/a/span[2]
Found Element By : By.xpath: //*[@id="accordion-menu"]/li[8]/a/span[2]
Trying to find Element By : By.xpath: //*[@id="accordion-menu"]/li[8]/a/span[2]
Found Element By : By.xpath: //*[@id="accordion-menu"]/li[8]/a/span[2]
Trying to find Element By : By.xpath: //*[@id="accordion-menu"]/li[8]/a/span[2]
Found Element By : By.xpath: //*[@id="accordion-menu"]/li[8]/a/span[2]
Trying to find Element By : By.xpath: //*[@id="accordion-menu"]/li[8]/a/span[2]
Found Element By : By.xpath: //*[@id="accordion-menu"]/li[8]/a/span[2]
Trying to find Element By : By.xpath: //*[@id="accordion-menu"]/li[8]/a/span[2]
Found Element By : By.xpath: //*[@id="accordion-menu"]/li[8]/a/span[2]
Trying to find Element By : By.xpath: //*[@id="accordion-menu"]/li[8]/a/span[2]
Found Element By : By.xpath: //*[@id="accordion-menu"]/li[8]/a/span[2]
Trying to find Element By : By.xpath: //*[@id="accordion-menu"]/li[8]/a/span[2]
Found Element By : By.xpath: //*[@id="accordion-menu"]/li[8]/a/span[2]
Trying to find Element By : By.xpath: //*[@id="accordion-menu"]/li[8]/a/span[2]
Found Element By : By.xpath: //*[@id="accordion-menu"]/li[8]/a/span[2]
Trying to find Element By : By.xpath: //*[@id="accordion-menu"]/li[8]/a/span[2]
Found Element By : By.xpath: //*[@id="accordion-menu"]/li[8]/a/span[2]
Trying to find Element By : By.xpath: //*[@id="accordion-menu"]/li[8]/a/span[2]
Found Element By : By.xpath: //*[@id="accordion-menu"]/li[8]/a/span[2]
Trying to find Element By : By.xpath: //*[@id="accordion-menu"]/li[8]/a/span[2]
Found Element By : By.xpath: //*[@id="accordion-menu"]/li[8]/a/span[2]
Trying to find Element By : By.xpath: //*[@id="accordion-menu"]/li[8]/a/span[2]
Found Element By : By.xpath: //*[@id="accordion-menu"]/li[8]/a/span[2]
Trying to find Element By : By.xpath: //*[@id="accordion-menu"]/li[8]/a/span[2]
Found Element By : By.xpath: //*[@id="accordion-menu"]/li[8]/a/span[2]
Trying to find Element By : By.xpath: //*[@id="accordion-menu"]/li[8]/a/span[2]
Found Element By : By.xpath: //*[@id="accordion-menu"]/li[8]/a/span[2]
Trying to find Element By : By.xpath: //*[@id="accordion-menu"]/li[8]/a/span[2]
Found Element By : By.xpath: //*[@id="accordion-menu"]/li[8]/a/span[2]
Trying to find Element By : By.xpath: //*[@id="accordion-menu"]/li[8]/a/span[2]
Found Element By : By.xpath: //*[@id="accordion-menu"]/li[8]/a/span[2]
Trying to find Element By : By.xpath: //*[@id="accordion-menu"]/li[8]/a/span[2]
Found Element By : By.xpath: //*[@id="accordion-menu"]/li[8]/a/span[2]
Trying to find Element By : By.xpath: //*[@id="accordion-menu"]/li[8]/a/span[2]
Found Element By : By.xpath: //*[@id="accordion-menu"]/li[8]/a/span[2]
Trying to find Element By : By.xpath: //*[@id="accordion-menu"]/li[8]/a/span[2]
Found Element By : By.xpath: //*[@id="accordion-menu"]/li[8]/a/span[2]
Trying to find Element By : By.xpath: //*[@id="accordion-menu"]/li[8]/a/span[2]
Found Element By : By.xpath: //*[@id="accordion-menu"]/li[8]/a/span[2]
Trying to find Element By : By.xpath: //*[@id="accordion-menu"]/li[8]/a/span[2]
Found Element By : By.xpath: //*[@id="accordion-menu"]/li[8]/a/span[2]
Trying to find Element By : By.xpath: //*[@id="accordion-menu"]/li[8]/a/span[2]
Found Element By : By.xpath: //*[@id="accordion-menu"]/li[8]/a/span[2]
Trying to find Element By : By.xpath: //*[@id="accordion-menu"]/li[8]/a/span[2]
Found Element By : By.xpath: //*[@id="accordion-menu"]/li[8]/a/span[2]
Trying to find Element By : By.xpath: //*[@id="accordion-menu"]/li[8]/a/span[2]
Found Element By : By.xpath: //*[@id="accordion-menu"]/li[8]/a/span[2]
Trying to find Element By : By.xpath: //*[@id="accordion-menu"]/li[8]/a/span[2]
Found Element By : By.xpath: //*[@id="accordion-menu"]/li[8]/a/span[2]
Trying to find Element By : By.xpath: //*[@id="accordion-menu"]/li[8]/a/span[2]
Found Element By : By.xpath: //*[@id="accordion-menu"]/li[8]/a/span[2]
Trying to find Element By : By.xpath: //*[@id="accordion-menu"]/li[8]/a/span[2]
Found Element By : By.xpath: //*[@id="accordion-menu"]/li[8]/a/span[2]
Trying to find Element By : By.xpath: //*[@id="accordion-menu"]/li[8]/a/span[2]
Found Element By : By.xpath: //*[@id="accordion-menu"]/li[8]/a/span[2]
Trying to find Element By : By.xpath: //*[@id="accordion-menu"]/li[8]/a/span[2]
Found Element By : By.xpath: //*[@id="accordion-menu"]/li[8]/a/span[2]
Trying to find Element By : By.xpath: //*[@id="accordion-menu"]/li[8]/a/span[2]
Found Element By : By.xpath: //*[@id="accordion-menu"]/li[8]/a/span[2]
Trying to find Element By : By.xpath: //*[@id="accordion-menu"]/li[8]/a/span[2]
Found Element By : By.xpath: //*[@id="accordion-menu"]/li[8]/a/span[2]
Trying to find Element By : By.xpath: //*[@id="accordion-menu"]/li[8]/a/span[2]
Found Element By : By.xpath: //*[@id="accordion-menu"]/li[8]/a/span[2]
Trying to find Element By : By.xpath: //*[@id="accordion-menu"]/li[8]/a/span[2]
Found Element By : By.xpath: //*[@id="accordion-menu"]/li[8]/a/span[2]
Trying to find Element By : By.xpath: //*[@id="accordion-menu"]/li[8]/a/span[2]
Found Element By : By.xpath: //*[@id="accordion-menu"]/li[8]/a/span[2]
Trying to find Element By : By.xpath: //*[@id="accordion-menu"]/li[8]/a/span[2]
Found Element By : By.xpath: //*[@id="accordion-menu"]/li[8]/a/span[2]
Trying to find Element By : By.xpath: //*[@id="accordion-menu"]/li[8]/a/span[2]
Found Element By : By.xpath: //*[@id="accordion-menu"]/li[8]/a/span[2]
Trying to find Element By : By.xpath: //*[@id="accordion-menu"]/li[8]/a/span[2]
Found Element By : By.xpath: //*[@id="accordion-menu"]/li[8]/a/span[2]
Trying to find Element By : By.xpath: //*[@id="accordion-menu"]/li[8]/a/span[2]
Found Element By : By.xpath: //*[@id="accordion-menu"]/li[8]/a/span[2]
Trying to find Element By : By.xpath: //*[@id="accordion-menu"]/li[8]/a/span[2]
Found Element By : By.xpath: //*[@id="accordion-menu"]/li[8]/a/span[2]
Trying to find Element By : By.xpath: //*[@id="accordion-menu"]/li[8]/a/span[2]
Found Element By : By.xpath: //*[@id="accordion-menu"]/li[8]/a/span[2]
Trying to find Element By : By.xpath: //*[@id="accordion-menu"]/li[8]/a/span[2]
Found Element By : By.xpath: //*[@id="accordion-menu"]/li[8]/a/span[2]
Trying to find Element By : By.xpath: //*[@id="accordion-menu"]/li[8]/a/span[2]
Found Element By : By.xpath: //*[@id="accordion-menu"]/li[8]/a/span[2]
Trying to find Element By : By.xpath: //*[@id="accordion-menu"]/li[8]/a/span[2]
Found Element By : By.xpath: //*[@id="accordion-menu"]/li[8]/a/span[2]
Trying to find Element By : By.xpath: //*[@id="accordion-menu"]/li[8]/a/span[2]
Found Element By : By.xpath: //*[@id="accordion-menu"]/li[8]/a/span[2]
Trying to find Element By : By.xpath: //*[@id="accordion-menu"]/li[8]/a/span[2]
Found Element By : By.xpath: //*[@id="accordion-menu"]/li[8]/a/span[2]
Trying to find Element By : By.xpath: //*[@id="accordion-menu"]/li[8]/a/span[2]
Found Element By : By.xpath: //*[@id="accordion-menu"]/li[8]/a/span[2]
Trying to find Element By : By.xpath: //*[@id="accordion-menu"]/li[8]/a/span[2]
Found Element By : By.xpath: //*[@id="accordion-menu"]/li[8]/a/span[2]
Trying to find Element By : By.xpath: //*[@id="accordion-menu"]/li[8]/a/span[2]
Found Element By : By.xpath: //*[@id="accordion-menu"]/li[8]/a/span[2]
Trying to find Element By : By.xpath: //*[@id="accordion-menu"]/li[8]/a/span[2]
Found Element By : By.xpath: //*[@id="accordion-menu"]/li[8]/a/span[2]
Trying to find Element By : By.xpath: //*[@id="accordion-menu"]/li[8]/a/span[2]
Found Element By : By.xpath: //*[@id="accordion-menu"]/li[8]/a/span[2]
Trying to find Element By : By.xpath: //*[@id="accordion-menu"]/li[8]/a/span[2]
Found Element By : By.xpath: //*[@id="accordion-menu"]/li[8]/a/span[2]
Trying to find Element By : By.xpath: //*[@id="accordion-menu"]/li[8]/a/span[2]
Found Element By : By.xpath: //*[@id="accordion-menu"]/li[8]/a/span[2]
Trying to find Element By : By.xpath: //*[@id="accordion-menu"]/li[8]/a/span[2]
Found Element By : By.xpath: //*[@id="accordion-menu"]/li[8]/a/span[2]
Trying to find Element By : By.xpath: //*[@id="accordion-menu"]/li[8]/a/span[2]
Found Element By : By.xpath: //*[@id="accordion-menu"]/li[8]/a/span[2]
Trying to find Element By : By.xpath: //*[@id="accordion-menu"]/li[8]/a/span[2]
Found Element By : By.xpath: //*[@id="accordion-menu"]/li[8]/a/span[2]
Trying to find Element By : By.xpath: //*[@id="accordion-menu"]/li[8]/a/span[2]
Found Element By : By.xpath: //*[@id="accordion-menu"]/li[8]/a/span[2]
Trying to find Element By : By.xpath: //*[@id="accordion-menu"]/li[8]/a/span[2]
Found Element By : By.xpath: //*[@id="accordion-menu"]/li[8]/a/span[2]
Trying to find Element By : By.xpath: //*[@id="accordion-menu"]/li[8]/a/span[2]
Found Element By : By.xpath: //*[@id="accordion-menu"]/li[8]/a/span[2]
Trying to find Element By : By.xpath: //*[@id="accordion-menu"]/li[8]/a/span[2]
Found Element By : By.xpath: //*[@id="accordion-menu"]/li[8]/a/span[2]
Trying to find Element By : By.xpath: //*[@id="accordion-menu"]/li[8]/a/span[2]
Found Element By : By.xpath: //*[@id="accordion-menu"]/li[8]/a/span[2]
Trying to find Element By : By.xpath: //*[@id="accordion-menu"]/li[8]/a/span[2]
Found Element By : By.xpath: //*[@id="accordion-menu"]/li[8]/a/span[2]
Trying to find Element By : By.xpath: //*[@id="accordion-menu"]/li[8]/a/span[2]
Found Element By : By.xpath: //*[@id="accordion-menu"]/li[8]/a/span[2]
Trying to find Element By : By.xpath: //*[@id="accordion-menu"]/li[8]/a/span[2]
Found Element By : By.xpath: //*[@id="accordion-menu"]/li[8]/a/span[2]
Trying to find Element By : By.xpath: //*[@id="accordion-menu"]/li[8]/a/span[2]
Found Element By : By.xpath: //*[@id="accordion-menu"]/li[8]/a/span[2]
Trying to find Element By : By.xpath: //*[@id="accordion-menu"]/li[8]/a/span[2]
Found Element By : By.xpath: //*[@id="accordion-menu"]/li[8]/a/span[2]
Trying to find Element By : By.xpath: //*[@id="accordion-menu"]/li[8]/a/span[2]
Found Element By : By.xpath: //*[@id="accordion-menu"]/li[8]/a/span[2]
Trying to find Element By : By.xpath: //*[@id="accordion-menu"]/li[8]/a/span[2]
Found Element By : By.xpath: //*[@id="accordion-menu"]/li[8]/a/span[2]
Trying to find Element By : By.xpath: //*[@id="accordion-menu"]/li[8]/a/span[2]
Found Element By : By.xpath: //*[@id="accordion-menu"]/li[8]/a/span[2]
Trying to find Element By : By.xpath: //*[@id="accordion-menu"]/li[8]/a/span[2]
Found Element By : By.xpath: //*[@id="accordion-menu"]/li[8]/a/span[2]
Trying to find Element By : By.xpath: //*[@id="accordion-menu"]/li[8]/a/span[2]
Found Element By : By.xpath: //*[@id="accordion-menu"]/li[8]/a/span[2]
Trying to find Element By : By.xpath: //*[@id="accordion-menu"]/li[8]/a/span[2]
Found Element By : By.xpath: //*[@id="accordion-menu"]/li[8]/a/span[2]
Trying to find Element By : By.xpath: //*[@id="accordion-menu"]/li[8]/a/span[2]
Found Element By : By.xpath: //*[@id="accordion-menu"]/li[8]/a/span[2]
Trying to find Element By : By.xpath: //*[@id="accordion-menu"]/li[8]/a/span[2]
Found Element By : By.xpath: //*[@id="accordion-menu"]/li[8]/a/span[2]
Trying to find Element By : By.xpath: //*[@id="accordion-menu"]/li[8]/a/span[2]
Found Element By : By.xpath: //*[@id="accordion-menu"]/li[8]/a/span[2]
Trying to find Element By : By.xpath: //*[@id="accordion-menu"]/li[8]/a/span[2]
Found Element By : By.xpath: //*[@id="accordion-menu"]/li[8]/a/span[2]
Trying to find Element By : By.xpath: //*[@id="accordion-menu"]/li[8]/a/span[2]
Found Element By : By.xpath: //*[@id="accordion-menu"]/li[8]/a/span[2]
Trying to find Element By : By.xpath: //*[@id="accordion-menu"]/li[8]/a/span[2]
Found Element By : By.xpath: //*[@id="accordion-menu"]/li[8]/a/span[2]
Trying to find Element By : By.xpath: //*[@id="accordion-menu"]/li[8]/a/span[2]
Found Element By : By.xpath: //*[@id="accordion-menu"]/li[8]/a/span[2]
Trying to find Element By : By.xpath: //*[@id="accordion-menu"]/li[8]/a/span[2]
Found Element By : By.xpath: //*[@id="accordion-menu"]/li[8]/a/span[2]
Trying to find Element By : By.xpath: //*[@id="accordion-menu"]/li[8]/a/span[2]
Found Element By : By.xpath: //*[@id="accordion-menu"]/li[8]/a/span[2]
Trying to find Element By : By.xpath: //*[@id="accordion-menu"]/li[8]/a/span[2]
Found Element By : By.xpath: //*[@id="accordion-menu"]/li[8]/a/span[2]
Trying to find Element By : By.xpath: //*[@id="accordion-menu"]/li[8]/a/span[2]
Found Element By : By.xpath: //*[@id="accordion-menu"]/li[8]/a/span[2]
Trying to find Element By : By.xpath: //*[@id="accordion-menu"]/li[8]/a/span[2]
Found Element By : By.xpath: //*[@id="accordion-menu"]/li[8]/a/span[2]
Trying to find Element By : By.xpath: //*[@id="accordion-menu"]/li[8]/a/span[2]
Found Element By : By.xpath: //*[@id="accordion-menu"]/li[8]/a/span[2]
Trying to find Element By : By.xpath: //*[@id="accordion-menu"]/li[8]/a/span[2]
Found Element By : By.xpath: //*[@id="accordion-menu"]/li[8]/a/span[2]
Trying to find Element By : By.xpath: //*[@id="accordion-menu"]/li[8]/a/span[2]
Found Element By : By.xpath: //*[@id="accordion-menu"]/li[8]/a/span[2]
Trying to find Element By : By.xpath: //*[@id="accordion-menu"]/li[8]/a/span[2]
Found Element By : By.xpath: //*[@id="accordion-menu"]/li[8]/a/span[2]
Trying to find Element By : By.xpath: //*[@id="accordion-menu"]/li[8]/a/span[2]
Found Element By : By.xpath: //*[@id="accordion-menu"]/li[8]/a/span[2]
Trying to find Element By : By.xpath: //*[@id="accordion-menu"]/li[8]/a/span[2]
Found Element By : By.xpath: //*[@id="accordion-menu"]/li[8]/a/span[2]
Trying to find Element By : By.xpath: //*[@id="accordion-menu"]/li[8]/a/span[2]
Found Element By : By.xpath: //*[@id="accordion-menu"]/li[8]/a/span[2]
Trying to find Element By : By.xpath: //*[@id="accordion-menu"]/li[8]/a/span[2]
Found Element By : By.xpath: //*[@id="accordion-menu"]/li[8]/a/span[2]
Trying to find Element By : By.xpath: //*[@id="accordion-menu"]/li[8]/a/span[2]
Found Element By : By.xpath: //*[@id="accordion-menu"]/li[8]/a/span[2]
Trying to find Element By : By.xpath: //*[@id="accordion-menu"]/li[8]/a/span[2]
Found Element By : By.xpath: //*[@id="accordion-menu"]/li[8]/a/span[2]
Trying to find Element By : By.xpath: //*[@id="accordion-menu"]/li[8]/a/span[2]
Found Element By : By.xpath: //*[@id="accordion-menu"]/li[8]/a/span[2]
Trying to find Element By : By.xpath: //*[@id="accordion-menu"]/li[8]/a/span[2]
Found Element By : By.xpath: //*[@id="accordion-menu"]/li[8]/a/span[2]
Trying to find Element By : By.xpath: //*[@id="accordion-menu"]/li[8]/a/span[2]
Found Element By : By.xpath: //*[@id="accordion-menu"]/li[8]/a/span[2]
Trying to find Element By : By.xpath: //*[@id="accordion-menu"]/li[8]/a/span[2]
Found Element By : By.xpath: //*[@id="accordion-menu"]/li[8]/a/span[2]
Trying to find Element By : By.xpath: //*[@id="accordion-menu"]/li[8]/a/span[2]
Found Element By : By.xpath: //*[@id="accordion-menu"]/li[8]/a/span[2]
Trying to find Element By : By.xpath: //*[@id="accordion-menu"]/li[8]/a/span[2]
Found Element By : By.xpath: //*[@id="accordion-menu"]/li[8]/a/span[2]
Trying to find Element By : By.xpath: //*[@id="accordion-menu"]/li[8]/a/span[2]
Found Element By : By.xpath: //*[@id="accordion-menu"]/li[8]/a/span[2]
Trying to find Element By : By.xpath: //*[@id="accordion-menu"]/li[8]/a/span[2]
Found Element By : By.xpath: //*[@id="accordion-menu"]/li[8]/a/span[2]
Trying to find Element By : By.xpath: //*[@id="accordion-menu"]/li[8]/a/span[2]
Found Element By : By.xpath: //*[@id="accordion-menu"]/li[8]/a/span[2]
Trying to find Element By : By.xpath: //*[@id="accordion-menu"]/li[8]/a/span[2]
Found Element By : By.xpath: //*[@id="accordion-menu"]/li[8]/a/span[2]
Trying to find Element By : By.xpath: //*[@id="accordion-menu"]/li[8]/a/span[2]
Found Element By : By.xpath: //*[@id="accordion-menu"]/li[8]/a/span[2]
Trying to find Element By : By.xpath: //*[@id="accordion-menu"]/li[8]/a/span[2]
Found Element By : By.xpath: //*[@id="accordion-menu"]/li[8]/a/span[2]
Trying to find Element By : By.xpath: //*[@id="accordion-menu"]/li[8]/a/span[2]
Found Element By : By.xpath: //*[@id="accordion-menu"]/li[8]/a/span[2]
Trying to find Element By : By.xpath: //*[@id="accordion-menu"]/li[8]/a/span[2]
Found Element By : By.xpath: //*[@id="accordion-menu"]/li[8]/a/span[2]
Trying to find Element By : By.xpath: //*[@id="accordion-menu"]/li[8]/a/span[2]
Found Element By : By.xpath: //*[@id="accordion-menu"]/li[8]/a/span[2]
Trying to find Element By : By.xpath: //*[@id="accordion-menu"]/li[8]/a/span[2]
Found Element By : By.xpath: //*[@id="accordion-menu"]/li[8]/a/span[2]
Trying to find Element By : By.xpath: //*[@id="accordion-menu"]/li[8]/a/span[2]
Found Element By : By.xpath: //*[@id="accordion-menu"]/li[8]/a/span[2]
Trying to find Element By : By.xpath: //*[@id="accordion-menu"]/li[8]/a/span[2]
Found Element By : By.xpath: //*[@id="accordion-menu"]/li[8]/a/span[2]
Trying to find Element By : By.xpath: //*[@id="accordion-menu"]/li[8]/a/span[2]
Found Element By : By.xpath: //*[@id="accordion-menu"]/li[8]/a/span[2]
Trying to find Element By : By.xpath: //*[@id="accordion-menu"]/li[8]/a/span[2]
Found Element By : By.xpath: //*[@id="accordion-menu"]/li[8]/a/span[2]
Trying to find Element By : By.xpath: //*[@id="accordion-menu"]/li[8]/a/span[2]
Found Element By : By.xpath: //*[@id="accordion-menu"]/li[8]/a/span[2]
Trying to find Element By : By.xpath: //*[@id="accordion-menu"]/li[8]/a/span[2]
Found Element By : By.xpath: //*[@id="accordion-menu"]/li[8]/a/span[2]
Trying to find Element By : By.xpath: //*[@id="accordion-menu"]/li[8]/a/span[2]
Found Element By : By.xpath: //*[@id="accordion-menu"]/li[8]/a/span[2]
Trying to find Element By : By.xpath: //*[@id="accordion-menu"]/li[8]/a/span[2]
Found Element By : By.xpath: //*[@id="accordion-menu"]/li[8]/a/span[2]
Trying to find Element By : By.xpath: //*[@id="accordion-menu"]/li[8]/a/span[2]
Found Element By : By.xpath: //*[@id="accordion-menu"]/li[8]/a/span[2]
Trying to find Element By : By.xpath: //*[@id="accordion-menu"]/li[8]/a/span[2]
Found Element By : By.xpath: //*[@id="accordion-menu"]/li[8]/a/span[2]
Trying to find Element By : By.xpath: //*[@id="accordion-menu"]/li[8]/a/span[2]
Found Element By : By.xpath: //*[@id="accordion-menu"]/li[8]/a/span[2]
Trying to find Element By : By.xpath: //*[@id="accordion-menu"]/li[8]/a/span[2]
Found Element By : By.xpath: //*[@id="accordion-menu"]/li[8]/a/span[2]
Trying to find Element By : By.xpath: //*[@id="accordion-menu"]/li[8]/a/span[2]
Found Element By : By.xpath: //*[@id="accordion-menu"]/li[8]/a/span[2]
Trying to find Element By : By.xpath: //*[@id="accordion-menu"]/li[8]/a/span[2]
Found Element By : By.xpath: //*[@id="accordion-menu"]/li[8]/a/span[2]
Trying to find Element By : By.xpath: //*[@id="accordion-menu"]/li[8]/a/span[2]
Found Element By : By.xpath: //*[@id="accordion-menu"]/li[8]/a/span[2]
Trying to find Element By : By.xpath: //*[@id="accordion-menu"]/li[8]/a/span[2]
Found Element By : By.xpath: //*[@id="accordion-menu"]/li[8]/a/span[2]
Trying to find Element By : By.xpath: //*[@id="accordion-menu"]/li[8]/a/span[2]
Found Element By : By.xpath: //*[@id="accordion-menu"]/li[8]/a/span[2]
Trying to find Element By : By.xpath: //*[@id="accordion-menu"]/li[8]/a/span[2]
Found Element By : By.xpath: //*[@id="accordion-menu"]/li[8]/a/span[2]
Trying to find Element By : By.xpath: //*[@id="accordion-menu"]/li[8]/a/span[2]
Found Element By : By.xpath: //*[@id="accordion-menu"]/li[8]/a/span[2]
Trying to find Element By : By.xpath: //*[@id="accordion-menu"]/li[8]/a/span[2]
Found Element By : By.xpath: //*[@id="accordion-menu"]/li[8]/a/span[2]
Trying to find Element By : By.xpath: //*[@id="accordion-menu"]/li[8]/a/span[2]
Found Element By : By.xpath: //*[@id="accordion-menu"]/li[8]/a/span[2]
Trying to find Element By : By.xpath: //*[@id="accordion-menu"]/li[8]/a/span[2]
Found Element By : By.xpath: //*[@id="accordion-menu"]/li[8]/a/span[2]
Trying to find Element By : By.xpath: //*[@id="accordion-menu"]/li[8]/a/span[2]
Found Element By : By.xpath: //*[@id="accordion-menu"]/li[8]/a/span[2]
Trying to find Element By : By.xpath: //*[@id="accordion-menu"]/li[8]/a/span[2]
Found Element By : By.xpath: //*[@id="accordion-menu"]/li[8]/a/span[2]
Trying to find Element By : By.xpath: //*[@id="accordion-menu"]/li[8]/a/span[2]
Found Element By : By.xpath: //*[@id="accordion-menu"]/li[8]/a/span[2]
Trying to find Element By : By.xpath: //*[@id="accordion-menu"]/li[8]/a/span[2]
Found Element By : By.xpath: //*[@id="accordion-menu"]/li[8]/a/span[2]
Trying to find Element By : By.xpath: //*[@id="accordion-menu"]/li[8]/a/span[2]
Found Element By : By.xpath: //*[@id="accordion-menu"]/li[8]/a/span[2]
Trying to find Element By : By.xpath: //*[@id="accordion-menu"]/li[8]/a/span[2]
Found Element By : By.xpath: //*[@id="accordion-menu"]/li[8]/a/span[2]
Trying to find Element By : By.xpath: //*[@id="accordion-menu"]/li[8]/a/span[2]
Found Element By : By.xpath: //*[@id="accordion-menu"]/li[8]/a/span[2]
Trying to find Element By : By.xpath: //*[@id="accordion-menu"]/li[8]/a/span[2]
Found Element By : By.xpath: //*[@id="accordion-menu"]/li[8]/a/span[2]
Trying to find Element By : By.xpath: //*[@id="accordion-menu"]/li[8]/a/span[2]
Found Element By : By.xpath: //*[@id="accordion-menu"]/li[8]/a/span[2]
Trying to find Element By : By.xpath: //*[@id="accordion-menu"]/li[8]/a/span[2]
Found Element By : By.xpath: //*[@id="accordion-menu"]/li[8]/a/span[2]
Trying to find Element By : By.xpath: //*[@id="accordion-menu"]/li[8]/a/span[2]
Found Element By : By.xpath: //*[@id="accordion-menu"]/li[8]/a/span[2]
Trying to find Element By : By.xpath: //*[@id="accordion-menu"]/li[8]/a/span[2]
Found Element By : By.xpath: //*[@id="accordion-menu"]/li[8]/a/span[2]
Trying to find Element By : By.xpath: //*[@id="accordion-menu"]/li[8]/a/span[2]
Found Element By : By.xpath: //*[@id="accordion-menu"]/li[8]/a/span[2]
Trying to find Element By : By.xpath: //*[@id="accordion-menu"]/li[8]/a/span[2]
Found Element By : By.xpath: //*[@id="accordion-menu"]/li[8]/a/span[2]
Trying to find Element By : By.xpath: //*[@id="accordion-menu"]/li[8]/a/span[2]
Found Element By : By.xpath: //*[@id="accordion-menu"]/li[8]/a/span[2]
Trying to find Element By : By.xpath: //*[@id="accordion-menu"]/li[8]/a/span[2]
Found Element By : By.xpath: //*[@id="accordion-menu"]/li[8]/a/span[2]
Trying to find Element By : By.xpath: //*[@id="accordion-menu"]/li[8]/a/span[2]
Found Element By : By.xpath: //*[@id="accordion-menu"]/li[8]/a/span[2]
Trying to find Element By : By.xpath: //*[@id="accordion-menu"]/li[8]/a/span[2]
Found Element By : By.xpath: //*[@id="accordion-menu"]/li[8]/a/span[2]
Trying to find Element By : By.xpath: //*[@id="accordion-menu"]/li[8]/a/span[2]
Found Element By : By.xpath: //*[@id="accordion-menu"]/li[8]/a/span[2]
Trying to find Element By : By.xpath: //*[@id="accordion-menu"]/li[8]/a/span[2]
Found Element By : By.xpath: //*[@id="accordion-menu"]/li[8]/a/span[2]
]]></system-out>
  </testcase>
  <testcase name="Sigin" classname="com.qa.Testcase.Contactuspage_test" time="7.959"/>
  <testcase name="emptysubmit" classname="com.qa.Testcase.Contactuspage_test" time="2.187"/>
  <testcase name="nameonly" classname="com.qa.Testcase.Contactuspage_test" time="1.731">
    <failure message="element click intercepted: Element &lt;button class=&quot;login100-form-btn&quot; type=&quot;button&quot; id=&quot;contact_us_button&quot;&gt;...&lt;/button&gt; is not clickable at point (564, 655). Other element would receive the click: &lt;div class=&quot;sweet-overlay&quot; tabindex=&quot;-1&quot; style=&quot;opacity: 1.03; display: block;&quot;&gt;&lt;/div&gt;&#10;  (Session info: chrome=85.0.4183.121)&#10;Build info: version: &apos;3.14.0&apos;, revision: &apos;aacccce0&apos;, time: &apos;2018-08-02T20:19:58.91Z&apos;&#10;System info: host: &apos;MTCHNDT-UTHRAA&apos;, ip: &apos;192.168.64.110&apos;, os.name: &apos;Windows 10&apos;, os.arch: &apos;amd64&apos;, os.version: &apos;10.0&apos;, java.version: &apos;11.0.8&apos;&#10;Driver info: org.openqa.selenium.chrome.ChromeDriver&#10;Capabilities {acceptInsecureCerts: false, browserName: chrome, browserVersion: 85.0.4183.121, chrome: {chromedriverVersion: 85.0.4183.87 (cd6713ebf92fa..., userDataDir: C:\Users\UTHRAK~1.A\AppData...}, goog:chromeOptions: {debuggerAddress: localhost:19036}, javascriptEnabled: true, networkConnectionEnabled: false, pageLoadStrategy: normal, platform: WINDOWS, platformName: WINDOWS, proxy: Proxy(), setWindowRect: true, strictFileInteractability: false, timeouts: {implicit: 0, pageLoad: 300000, script: 30000}, unhandledPromptBehavior: dismiss and notify, webauthn:virtualAuthenticators: true}&#10;Session ID: 4e3261fcbafb395259e94b1c5c6b543c" type="org.openqa.selenium.ElementClickInterceptedException"><![CDATA[org.openqa.selenium.ElementClickInterceptedException: 
element click intercepted: Element <button class="login100-form-btn" type="button" id="contact_us_button">...</button> is not clickable at point (564, 655). Other element would receive the click: <div class="sweet-overlay" tabindex="-1" style="opacity: 1.03; display: block;"></div>
  (Session info: chrome=85.0.4183.121)
Build info: version: '3.14.0', revision: 'aacccce0', time: '2018-08-02T20:19:58.91Z'
System info: host: 'MTCHNDT-UTHRAA', ip: '192.168.64.110', os.name: 'Windows 10', os.arch: 'amd64', os.version: '10.0', java.version: '11.0.8'
Driver info: org.openqa.selenium.chrome.ChromeDriver
Capabilities {acceptInsecureCerts: false, browserName: chrome, browserVersion: 85.0.4183.121, chrome: {chromedriverVersion: 85.0.4183.87 (cd6713ebf92fa..., userDataDir: C:\Users\UTHRAK~1.A\AppData...}, goog:chromeOptions: {debuggerAddress: localhost:19036}, javascriptEnabled: true, networkConnectionEnabled: false, pageLoadStrategy: normal, platform: WINDOWS, platformName: WINDOWS, proxy: Proxy(), setWindowRect: true, strictFileInteractability: false, timeouts: {implicit: 0, pageLoad: 300000, script: 30000}, unhandledPromptBehavior: dismiss and notify, webauthn:virtualAuthenticators: true}
Session ID: 4e3261fcbafb395259e94b1c5c6b543c
	at com.qa.Testcase.Contactuspage_test.nameonly(Contactuspage_test.java:53)
]]></failure>
    <system-out><![CDATA[
****** Starting Test:nameonly*****

Trying to find Element By : By.id: name
Found Element By : By.id: name
Trying to find Element By : By.id: name
Found Element By : By.id: name
Trying to find Element By : By.id: contact_us_button
Found Element By : By.id: contact_us_button
Trying to find Element By : By.id: contact_us_button
Found Element By : By.id: contact_us_button
Trying to click on: [[ChromeDriver: chrome on WINDOWS (4e3261fcbafb395259e94b1c5c6b543c)] -> id: contact_us_button]
Exception occured: org.openqa.selenium.ElementClickInterceptedException: element click intercepted: Element <button class="login100-form-btn" type="button" id="contact_us_button">...</button> is not clickable at point (564, 655). Other element would receive the click: <div class="sweet-overlay" tabindex="-1" style="opacity: 1.03; display: block;"></div>
  (Session info: chrome=85.0.4183.121)
Build info: version: '3.14.0', revision: 'aacccce0', time: '2018-08-02T20:19:58.91Z'
System info: host: 'MTCHNDT-UTHRAA', ip: '192.168.64.110', os.name: 'Windows 10', os.arch: 'amd64', os.version: '10.0', java.version: '11.0.8'
Driver info: org.openqa.selenium.chrome.ChromeDriver
Capabilities {acceptInsecureCerts: false, browserName: chrome, browserVersion: 85.0.4183.121, chrome: {chromedriverVersion: 85.0.4183.87 (cd6713ebf92fa..., userDataDir: C:\Users\UTHRAK~1.A\AppData...}, goog:chromeOptions: {debuggerAddress: localhost:19036}, javascriptEnabled: true, networkConnectionEnabled: false, pageLoadStrategy: normal, platform: WINDOWS, platformName: WINDOWS, proxy: Proxy(), setWindowRect: true, strictFileInteractability: false, timeouts: {implicit: 0, pageLoad: 300000, script: 30000}, unhandledPromptBehavior: dismiss and notify, webauthn:virtualAuthenticators: true}
Session ID: 4e3261fcbafb395259e94b1c5c6b543c
]]></system-out>
  </testcase>
  <testcase name="name_emailonly" classname="com.qa.Testcase.Contactuspage_test" time="1.981">
    <failure message="element click intercepted: Element &lt;button class=&quot;login100-form-btn&quot; type=&quot;button&quot; id=&quot;contact_us_button&quot;&gt;...&lt;/button&gt; is not clickable at point (564, 655). Other element would receive the click: &lt;div class=&quot;sweet-overlay&quot; tabindex=&quot;-1&quot; style=&quot;opacity: 1.03; display: block;&quot;&gt;&lt;/div&gt;&#10;  (Session info: chrome=85.0.4183.121)&#10;Build info: version: &apos;3.14.0&apos;, revision: &apos;aacccce0&apos;, time: &apos;2018-08-02T20:19:58.91Z&apos;&#10;System info: host: &apos;MTCHNDT-UTHRAA&apos;, ip: &apos;192.168.64.110&apos;, os.name: &apos;Windows 10&apos;, os.arch: &apos;amd64&apos;, os.version: &apos;10.0&apos;, java.version: &apos;11.0.8&apos;&#10;Driver info: org.openqa.selenium.chrome.ChromeDriver&#10;Capabilities {acceptInsecureCerts: false, browserName: chrome, browserVersion: 85.0.4183.121, chrome: {chromedriverVersion: 85.0.4183.87 (cd6713ebf92fa..., userDataDir: C:\Users\UTHRAK~1.A\AppData...}, goog:chromeOptions: {debuggerAddress: localhost:19036}, javascriptEnabled: true, networkConnectionEnabled: false, pageLoadStrategy: normal, platform: WINDOWS, platformName: WINDOWS, proxy: Proxy(), setWindowRect: true, strictFileInteractability: false, timeouts: {implicit: 0, pageLoad: 300000, script: 30000}, unhandledPromptBehavior: dismiss and notify, webauthn:virtualAuthenticators: true}&#10;Session ID: 4e3261fcbafb395259e94b1c5c6b543c" type="org.openqa.selenium.ElementClickInterceptedException"><![CDATA[org.openqa.selenium.ElementClickInterceptedException: 
element click intercepted: Element <button class="login100-form-btn" type="button" id="contact_us_button">...</button> is not clickable at point (564, 655). Other element would receive the click: <div class="sweet-overlay" tabindex="-1" style="opacity: 1.03; display: block;"></div>
  (Session info: chrome=85.0.4183.121)
Build info: version: '3.14.0', revision: 'aacccce0', time: '2018-08-02T20:19:58.91Z'
System info: host: 'MTCHNDT-UTHRAA', ip: '192.168.64.110', os.name: 'Windows 10', os.arch: 'amd64', os.version: '10.0', java.version: '11.0.8'
Driver info: org.openqa.selenium.chrome.ChromeDriver
Capabilities {acceptInsecureCerts: false, browserName: chrome, browserVersion: 85.0.4183.121, chrome: {chromedriverVersion: 85.0.4183.87 (cd6713ebf92fa..., userDataDir: C:\Users\UTHRAK~1.A\AppData...}, goog:chromeOptions: {debuggerAddress: localhost:19036}, javascriptEnabled: true, networkConnectionEnabled: false, pageLoadStrategy: normal, platform: WINDOWS, platformName: WINDOWS, proxy: Proxy(), setWindowRect: true, strictFileInteractability: false, timeouts: {implicit: 0, pageLoad: 300000, script: 30000}, unhandledPromptBehavior: dismiss and notify, webauthn:virtualAuthenticators: true}
Session ID: 4e3261fcbafb395259e94b1c5c6b543c
	at com.qa.Testcase.Contactuspage_test.name_emailonly(Contactuspage_test.java:62)
]]></failure>
    <system-out><![CDATA[
****** Starting Test:name_emailonly*****

Trying to find Element By : By.id: name
Found Element By : By.id: name
Trying to find Element By : By.id: name
Found Element By : By.id: name
Trying to find Element By : By.id: email
Found Element By : By.id: email
Trying to find Element By : By.id: email
Found Element By : By.id: email
Trying to find Element By : By.id: contact_text
[...]
Trying to find Element By : By.xpath: //*[@id="accordion-menu"]/li[8]/a/span[2]
Found Element By : By.xpath: //*[@id="accordion-menu"]/li[8]/a/span[2]
Trying to find Element By : By.xpath: //*[@id="accordion-menu"]/li[8]/a/span[2]
Found Element By : By.xpath: //*[@id="accordion-menu"]/li[8]/a/span[2]
Trying to find Element By : By.xpath: //*[@id="accordion-menu"]/li[8]/a/span[2]
Found Element By : By.xpath: //*[@id="accordion-menu"]/li[8]/a/span[2]
Trying to find Element By : By.xpath: //*[@id="accordion-menu"]/li[8]/a/span[2]
Found Element By : By.xpath: //*[@id="accordion-menu"]/li[8]/a/span[2]
Trying to find Element By : By.xpath: //*[@id="accordion-menu"]/li[8]/a/span[2]
Found Element By : By.xpath: //*[@id="accordion-menu"]/li[8]/a/span[2]
Trying to find Element By : By.xpath: //*[@id="accordion-menu"]/li[8]/a/span[2]
Found Element By : By.xpath: //*[@id="accordion-menu"]/li[8]/a/span[2]
Trying to find Element By : By.xpath: //*[@id="accordion-menu"]/li[8]/a/span[2]
Found Element By : By.xpath: //*[@id="accordion-menu"]/li[8]/a/span[2]
Trying to find Element By : By.xpath: //*[@id="accordion-menu"]/li[8]/a/span[2]
Found Element By : By.xpath: //*[@id="accordion-menu"]/li[8]/a/span[2]
Trying to find Element By : By.xpath: //*[@id="accordion-menu"]/li[8]/a/span[2]
Found Element By : By.xpath: //*[@id="accordion-menu"]/li[8]/a/span[2]
Trying to find Element By : By.xpath: //*[@id="accordion-menu"]/li[8]/a/span[2]
Found Element By : By.xpath: //*[@id="accordion-menu"]/li[8]/a/span[2]
Trying to find Element By : By.xpath: //*[@id="accordion-menu"]/li[8]/a/span[2]
Found Element By : By.xpath: //*[@id="accordion-menu"]/li[8]/a/span[2]
Trying to find Element By : By.xpath: //*[@id="accordion-menu"]/li[8]/a/span[2]
Found Element By : By.xpath: //*[@id="accordion-menu"]/li[8]/a/span[2]
Trying to find Element By : By.xpath: //*[@id="accordion-menu"]/li[8]/a/span[2]
Found Element By : By.xpath: //*[@id="accordion-menu"]/li[8]/a/span[2]
Trying to find Element By : By.xpath: //*[@id="accordion-menu"]/li[8]/a/span[2]
Found Element By : By.xpath: //*[@id="accordion-menu"]/li[8]/a/span[2]
Trying to find Element By : By.xpath: //*[@id="accordion-menu"]/li[8]/a/span[2]
Found Element By : By.xpath: //*[@id="accordion-menu"]/li[8]/a/span[2]
Trying to find Element By : By.xpath: //*[@id="accordion-menu"]/li[8]/a/span[2]
Found Element By : By.xpath: //*[@id="accordion-menu"]/li[8]/a/span[2]
Trying to find Element By : By.xpath: //*[@id="accordion-menu"]/li[8]/a/span[2]
Found Element By : By.xpath: //*[@id="accordion-menu"]/li[8]/a/span[2]
Trying to find Element By : By.xpath: //*[@id="accordion-menu"]/li[8]/a/span[2]
Found Element By : By.xpath: //*[@id="accordion-menu"]/li[8]/a/span[2]
Trying to find Element By : By.xpath: //*[@id="accordion-menu"]/li[8]/a/span[2]
Found Element By : By.xpath: //*[@id="accordion-menu"]/li[8]/a/span[2]
Trying to find Element By : By.xpath: //*[@id="accordion-menu"]/li[8]/a/span[2]
Found Element By : By.xpath: //*[@id="accordion-menu"]/li[8]/a/span[2]
Trying to find Element By : By.xpath: //*[@id="accordion-menu"]/li[8]/a/span[2]
Found Element By : By.xpath: //*[@id="accordion-menu"]/li[8]/a/span[2]
Trying to find Element By : By.xpath: //*[@id="accordion-menu"]/li[8]/a/span[2]
Found Element By : By.xpath: //*[@id="accordion-menu"]/li[8]/a/span[2]
Trying to find Element By : By.xpath: //*[@id="accordion-menu"]/li[8]/a/span[2]
Found Element By : By.xpath: //*[@id="accordion-menu"]/li[8]/a/span[2]
Trying to find Element By : By.xpath: //*[@id="accordion-menu"]/li[8]/a/span[2]
Found Element By : By.xpath: //*[@id="accordion-menu"]/li[8]/a/span[2]
Trying to find Element By : By.xpath: //*[@id="accordion-menu"]/li[8]/a/span[2]
Found Element By : By.xpath: //*[@id="accordion-menu"]/li[8]/a/span[2]
Trying to find Element By : By.xpath: //*[@id="accordion-menu"]/li[8]/a/span[2]
Found Element By : By.xpath: //*[@id="accordion-menu"]/li[8]/a/span[2]
Trying to find Element By : By.xpath: //*[@id="accordion-menu"]/li[8]/a/span[2]
Found Element By : By.xpath: //*[@id="accordion-menu"]/li[8]/a/span[2]
Trying to find Element By : By.xpath: //*[@id="accordion-menu"]/li[8]/a/span[2]
Found Element By : By.xpath: //*[@id="accordion-menu"]/li[8]/a/span[2]
Trying to find Element By : By.xpath: //*[@id="accordion-menu"]/li[8]/a/span[2]
Found Element By : By.xpath: //*[@id="accordion-menu"]/li[8]/a/span[2]
Trying to find Element By : By.xpath: //*[@id="accordion-menu"]/li[8]/a/span[2]
Found Element By : By.xpath: //*[@id="accordion-menu"]/li[8]/a/span[2]
Trying to find Element By : By.xpath: //*[@id="accordion-menu"]/li[8]/a/span[2]
Found Element By : By.xpath: //*[@id="accordion-menu"]/li[8]/a/span[2]
Trying to find Element By : By.xpath: //*[@id="accordion-menu"]/li[8]/a/span[2]
Found Element By : By.xpath: //*[@id="accordion-menu"]/li[8]/a/span[2]
Trying to find Element By : By.xpath: //*[@id="accordion-menu"]/li[8]/a/span[2]
Found Element By : By.xpath: //*[@id="accordion-menu"]/li[8]/a/span[2]
Trying to find Element By : By.xpath: //*[@id="accordion-menu"]/li[8]/a/span[2]
Found Element By : By.xpath: //*[@id="accordion-menu"]/li[8]/a/span[2]
Trying to find Element By : By.xpath: //*[@id="accordion-menu"]/li[8]/a/span[2]
Found Element By : By.xpath: //*[@id="accordion-menu"]/li[8]/a/span[2]
Trying to find Element By : By.xpath: //*[@id="accordion-menu"]/li[8]/a/span[2]
Found Element By : By.xpath: //*[@id="accordion-menu"]/li[8]/a/span[2]
Trying to find Element By : By.xpath: //*[@id="accordion-menu"]/li[8]/a/span[2]
Found Element By : By.xpath: //*[@id="accordion-menu"]/li[8]/a/span[2]
Trying to find Element By : By.xpath: //*[@id="accordion-menu"]/li[8]/a/span[2]
Found Element By : By.xpath: //*[@id="accordion-menu"]/li[8]/a/span[2]
Trying to find Element By : By.xpath: //*[@id="accordion-menu"]/li[8]/a/span[2]
Found Element By : By.xpath: //*[@id="accordion-menu"]/li[8]/a/span[2]
Trying to find Element By : By.xpath: //*[@id="accordion-menu"]/li[8]/a/span[2]
Found Element By : By.xpath: //*[@id="accordion-menu"]/li[8]/a/span[2]
Trying to find Element By : By.xpath: //*[@id="accordion-menu"]/li[8]/a/span[2]
Found Element By : By.xpath: //*[@id="accordion-menu"]/li[8]/a/span[2]
Trying to find Element By : By.xpath: //*[@id="accordion-menu"]/li[8]/a/span[2]
Found Element By : By.xpath: //*[@id="accordion-menu"]/li[8]/a/span[2]
Trying to find Element By : By.xpath: //*[@id="accordion-menu"]/li[8]/a/span[2]
Found Element By : By.xpath: //*[@id="accordion-menu"]/li[8]/a/span[2]
Trying to find Element By : By.xpath: //*[@id="accordion-menu"]/li[8]/a/span[2]
Found Element By : By.xpath: //*[@id="accordion-menu"]/li[8]/a/span[2]
Trying to find Element By : By.xpath: //*[@id="accordion-menu"]/li[8]/a/span[2]
Found Element By : By.xpath: //*[@id="accordion-menu"]/li[8]/a/span[2]
Trying to find Element By : By.xpath: //*[@id="accordion-menu"]/li[8]/a/span[2]
Found Element By : By.xpath: //*[@id="accordion-menu"]/li[8]/a/span[2]
Trying to find Element By : By.xpath: //*[@id="accordion-menu"]/li[8]/a/span[2]
Found Element By : By.xpath: //*[@id="accordion-menu"]/li[8]/a/span[2]
Trying to find Element By : By.xpath: //*[@id="accordion-menu"]/li[8]/a/span[2]
Found Element By : By.xpath: //*[@id="accordion-menu"]/li[8]/a/span[2]
Trying to find Element By : By.xpath: //*[@id="accordion-menu"]/li[8]/a/span[2]
Found Element By : By.xpath: //*[@id="accordion-menu"]/li[8]/a/span[2]
Trying to find Element By : By.xpath: //*[@id="accordion-menu"]/li[8]/a/span[2]
Found Element By : By.xpath: //*[@id="accordion-menu"]/li[8]/a/span[2]
Trying to find Element By : By.xpath: //*[@id="accordion-menu"]/li[8]/a/span[2]
Found Element By : By.xpath: //*[@id="accordion-menu"]/li[8]/a/span[2]
Trying to find Element By : By.xpath: //*[@id="accordion-menu"]/li[8]/a/span[2]
Found Element By : By.xpath: //*[@id="accordion-menu"]/li[8]/a/span[2]
Trying to find Element By : By.xpath: //*[@id="accordion-menu"]/li[8]/a/span[2]
Found Element By : By.xpath: //*[@id="accordion-menu"]/li[8]/a/span[2]
Trying to find Element By : By.xpath: //*[@id="accordion-menu"]/li[8]/a/span[2]
Found Element By : By.xpath: //*[@id="accordion-menu"]/li[8]/a/span[2]
Trying to find Element By : By.xpath: //*[@id="accordion-menu"]/li[8]/a/span[2]
Found Element By : By.xpath: //*[@id="accordion-menu"]/li[8]/a/span[2]
Trying to find Element By : By.xpath: //*[@id="accordion-menu"]/li[8]/a/span[2]
Found Element By : By.xpath: //*[@id="accordion-menu"]/li[8]/a/span[2]
Trying to find Element By : By.xpath: //*[@id="accordion-menu"]/li[8]/a/span[2]
Found Element By : By.xpath: //*[@id="accordion-menu"]/li[8]/a/span[2]
Trying to find Element By : By.xpath: //*[@id="accordion-menu"]/li[8]/a/span[2]
Found Element By : By.xpath: //*[@id="accordion-menu"]/li[8]/a/span[2]
Trying to find Element By : By.xpath: //*[@id="accordion-menu"]/li[8]/a/span[2]
Found Element By : By.xpath: //*[@id="accordion-menu"]/li[8]/a/span[2]
Trying to find Element By : By.xpath: //*[@id="accordion-menu"]/li[8]/a/span[2]
Found Element By : By.xpath: //*[@id="accordion-menu"]/li[8]/a/span[2]
Trying to find Element By : By.xpath: //*[@id="accordion-menu"]/li[8]/a/span[2]
Found Element By : By.xpath: //*[@id="accordion-menu"]/li[8]/a/span[2]
Trying to find Element By : By.xpath: //*[@id="accordion-menu"]/li[8]/a/span[2]
Found Element By : By.xpath: //*[@id="accordion-menu"]/li[8]/a/span[2]
Trying to find Element By : By.xpath: //*[@id="accordion-menu"]/li[8]/a/span[2]
Found Element By : By.xpath: //*[@id="accordion-menu"]/li[8]/a/span[2]
Trying to find Element By : By.xpath: //*[@id="accordion-menu"]/li[8]/a/span[2]
Found Element By : By.xpath: //*[@id="accordion-menu"]/li[8]/a/span[2]
Trying to find Element By : By.xpath: //*[@id="accordion-menu"]/li[8]/a/span[2]
Found Element By : By.xpath: //*[@id="accordion-menu"]/li[8]/a/span[2]
Trying to find Element By : By.xpath: //*[@id="accordion-menu"]/li[8]/a/span[2]
Found Element By : By.xpath: //*[@id="accordion-menu"]/li[8]/a/span[2]
Trying to find Element By : By.xpath: //*[@id="accordion-menu"]/li[8]/a/span[2]
Found Element By : By.xpath: //*[@id="accordion-menu"]/li[8]/a/span[2]
Trying to find Element By : By.xpath: //*[@id="accordion-menu"]/li[8]/a/span[2]
Found Element By : By.xpath: //*[@id="accordion-menu"]/li[8]/a/span[2]
Trying to find Element By : By.xpath: //*[@id="accordion-menu"]/li[8]/a/span[2]
Found Element By : By.xpath: //*[@id="accordion-menu"]/li[8]/a/span[2]
Trying to find Element By : By.xpath: //*[@id="accordion-menu"]/li[8]/a/span[2]
Found Element By : By.xpath: //*[@id="accordion-menu"]/li[8]/a/span[2]
Trying to find Element By : By.xpath: //*[@id="accordion-menu"]/li[8]/a/span[2]
Found Element By : By.xpath: //*[@id="accordion-menu"]/li[8]/a/span[2]
Trying to find Element By : By.xpath: //*[@id="accordion-menu"]/li[8]/a/span[2]
Found Element By : By.xpath: //*[@id="accordion-menu"]/li[8]/a/span[2]
Trying to find Element By : By.xpath: //*[@id="accordion-menu"]/li[8]/a/span[2]
Found Element By : By.xpath: //*[@id="accordion-menu"]/li[8]/a/span[2]
Trying to find Element By : By.xpath: //*[@id="accordion-menu"]/li[8]/a/span[2]
Found Element By : By.xpath: //*[@id="accordion-menu"]/li[8]/a/span[2]
Trying to find Element By : By.xpath: //*[@id="accordion-menu"]/li[8]/a/span[2]
Found Element By : By.xpath: //*[@id="accordion-menu"]/li[8]/a/span[2]
Trying to find Element By : By.xpath: //*[@id="accordion-menu"]/li[8]/a/span[2]
Found Element By : By.xpath: //*[@id="accordion-menu"]/li[8]/a/span[2]
Trying to find Element By : By.xpath: //*[@id="accordion-menu"]/li[8]/a/span[2]
Found Element By : By.xpath: //*[@id="accordion-menu"]/li[8]/a/span[2]
Trying to find Element By : By.xpath: //*[@id="accordion-menu"]/li[8]/a/span[2]
Found Element By : By.xpath: //*[@id="accordion-menu"]/li[8]/a/span[2]
Trying to find Element By : By.xpath: //*[@id="accordion-menu"]/li[8]/a/span[2]
Found Element By : By.xpath: //*[@id="accordion-menu"]/li[8]/a/span[2]
Trying to find Element By : By.xpath: //*[@id="accordion-menu"]/li[8]/a/span[2]
Found Element By : By.xpath: //*[@id="accordion-menu"]/li[8]/a/span[2]
Trying to find Element By : By.xpath: //*[@id="accordion-menu"]/li[8]/a/span[2]
Found Element By : By.xpath: //*[@id="accordion-menu"]/li[8]/a/span[2]
Trying to find Element By : By.xpath: //*[@id="accordion-menu"]/li[8]/a/span[2]
Found Element By : By.xpath: //*[@id="accordion-menu"]/li[8]/a/span[2]
Trying to find Element By : By.xpath: //*[@id="accordion-menu"]/li[8]/a/span[2]
Found Element By : By.xpath: //*[@id="accordion-menu"]/li[8]/a/span[2]
Trying to find Element By : By.xpath: //*[@id="accordion-menu"]/li[8]/a/span[2]
Found Element By : By.xpath: //*[@id="accordion-menu"]/li[8]/a/span[2]
Trying to find Element By : By.xpath: //*[@id="accordion-menu"]/li[8]/a/span[2]
Found Element By : By.xpath: //*[@id="accordion-menu"]/li[8]/a/span[2]
Trying to find Element By : By.xpath: //*[@id="accordion-menu"]/li[8]/a/span[2]
Found Element By : By.xpath: //*[@id="accordion-menu"]/li[8]/a/span[2]
Trying to find Element By : By.xpath: //*[@id="accordion-menu"]/li[8]/a/span[2]
Found Element By : By.xpath: //*[@id="accordion-menu"]/li[8]/a/span[2]
Trying to find Element By : By.xpath: //*[@id="accordion-menu"]/li[8]/a/span[2]
Found Element By : By.xpath: //*[@id="accordion-menu"]/li[8]/a/span[2]
Trying to find Element By : By.xpath: //*[@id="accordion-menu"]/li[8]/a/span[2]
Found Element By : By.xpath: //*[@id="accordion-menu"]/li[8]/a/span[2]
Trying to find Element By : By.xpath: //*[@id="accordion-menu"]/li[8]/a/span[2]
Found Element By : By.xpath: //*[@id="accordion-menu"]/li[8]/a/span[2]
Trying to find Element By : By.xpath: //*[@id="accordion-menu"]/li[8]/a/span[2]
Found Element By : By.xpath: //*[@id="accordion-menu"]/li[8]/a/span[2]
Trying to find Element By : By.xpath: //*[@id="accordion-menu"]/li[8]/a/span[2]
Found Element By : By.xpath: //*[@id="accordion-menu"]/li[8]/a/span[2]
Trying to find Element By : By.xpath: //*[@id="accordion-menu"]/li[8]/a/span[2]
Found Element By : By.xpath: //*[@id="accordion-menu"]/li[8]/a/span[2]
Trying to find Element By : By.xpath: //*[@id="accordion-menu"]/li[8]/a/span[2]
Found Element By : By.xpath: //*[@id="accordion-menu"]/li[8]/a/span[2]
Trying to find Element By : By.xpath: //*[@id="accordion-menu"]/li[8]/a/span[2]
Found Element By : By.xpath: //*[@id="accordion-menu"]/li[8]/a/span[2]
Trying to find Element By : By.xpath: //*[@id="accordion-menu"]/li[8]/a/span[2]
Found Element By : By.xpath: //*[@id="accordion-menu"]/li[8]/a/span[2]
Trying to find Element By : By.xpath: //*[@id="accordion-menu"]/li[8]/a/span[2]
Found Element By : By.xpath: //*[@id="accordion-menu"]/li[8]/a/span[2]
Trying to find Element By : By.xpath: //*[@id="accordion-menu"]/li[8]/a/span[2]
Found Element By : By.xpath: //*[@id="accordion-menu"]/li[8]/a/span[2]
Trying to find Element By : By.xpath: //*[@id="accordion-menu"]/li[8]/a/span[2]
Found Element By : By.xpath: //*[@id="accordion-menu"]/li[8]/a/span[2]
Trying to find Element By : By.xpath: //*[@id="accordion-menu"]/li[8]/a/span[2]
Found Element By : By.xpath: //*[@id="accordion-menu"]/li[8]/a/span[2]
Trying to find Element By : By.xpath: //*[@id="accordion-menu"]/li[8]/a/span[2]
Found Element By : By.xpath: //*[@id="accordion-menu"]/li[8]/a/span[2]
Trying to find Element By : By.xpath: //*[@id="accordion-menu"]/li[8]/a/span[2]
Found Element By : By.xpath: //*[@id="accordion-menu"]/li[8]/a/span[2]
Trying to find Element By : By.xpath: //*[@id="accordion-menu"]/li[8]/a/span[2]
Found Element By : By.xpath: //*[@id="accordion-menu"]/li[8]/a/span[2]
Trying to find Element By : By.xpath: //*[@id="accordion-menu"]/li[8]/a/span[2]
Found Element By : By.xpath: //*[@id="accordion-menu"]/li[8]/a/span[2]
Trying to find Element By : By.xpath: //*[@id="accordion-menu"]/li[8]/a/span[2]
Found Element By : By.xpath: //*[@id="accordion-menu"]/li[8]/a/span[2]
Trying to find Element By : By.xpath: //*[@id="accordion-menu"]/li[8]/a/span[2]
Found Element By : By.xpath: //*[@id="accordion-menu"]/li[8]/a/span[2]
Trying to find Element By : By.xpath: //*[@id="accordion-menu"]/li[8]/a/span[2]
Found Element By : By.xpath: //*[@id="accordion-menu"]/li[8]/a/span[2]
Trying to find Element By : By.xpath: //*[@id="accordion-menu"]/li[8]/a/span[2]
Found Element By : By.xpath: //*[@id="accordion-menu"]/li[8]/a/span[2]
Trying to find Element By : By.xpath: //*[@id="accordion-menu"]/li[8]/a/span[2]
Found Element By : By.xpath: //*[@id="accordion-menu"]/li[8]/a/span[2]
Trying to find Element By : By.xpath: //*[@id="accordion-menu"]/li[8]/a/span[2]
Found Element By : By.xpath: //*[@id="accordion-menu"]/li[8]/a/span[2]
Trying to find Element By : By.xpath: //*[@id="accordion-menu"]/li[8]/a/span[2]
Found Element By : By.xpath: //*[@id="accordion-menu"]/li[8]/a/span[2]
Trying to find Element By : By.xpath: //*[@id="accordion-menu"]/li[8]/a/span[2]
Found Element By : By.xpath: //*[@id="accordion-menu"]/li[8]/a/span[2]
Trying to find Element By : By.xpath: //*[@id="accordion-menu"]/li[8]/a/span[2]
Found Element By : By.xpath: //*[@id="accordion-menu"]/li[8]/a/span[2]
Trying to find Element By : By.xpath: //*[@id="accordion-menu"]/li[8]/a/span[2]
Found Element By : By.xpath: //*[@id="accordion-menu"]/li[8]/a/span[2]
Trying to find Element By : By.xpath: //*[@id="accordion-menu"]/li[8]/a/span[2]
Found Element By : By.xpath: //*[@id="accordion-menu"]/li[8]/a/span[2]
Trying to find Element By : By.xpath: //*[@id="accordion-menu"]/li[8]/a/span[2]
Found Element By : By.xpath: //*[@id="accordion-menu"]/li[8]/a/span[2]
Trying to find Element By : By.xpath: //*[@id="accordion-menu"]/li[8]/a/span[2]
Found Element By : By.xpath: //*[@id="accordion-menu"]/li[8]/a/span[2]
Trying to find Element By : By.xpath: //*[@id="accordion-menu"]/li[8]/a/span[2]
Found Element By : By.xpath: //*[@id="accordion-menu"]/li[8]/a/span[2]
Trying to find Element By : By.xpath: //*[@id="accordion-menu"]/li[8]/a/span[2]
Found Element By : By.xpath: //*[@id="accordion-menu"]/li[8]/a/span[2]
Trying to find Element By : By.xpath: //*[@id="accordion-menu"]/li[8]/a/span[2]
Found Element By : By.xpath: //*[@id="accordion-menu"]/li[8]/a/span[2]
Trying to find Element By : By.xpath: //*[@id="accordion-menu"]/li[8]/a/span[2]
Found Element By : By.xpath: //*[@id="accordion-menu"]/li[8]/a/span[2]
Trying to find Element By : By.xpath: //*[@id="accordion-menu"]/li[8]/a/span[2]
Found Element By : By.xpath: //*[@id="accordion-menu"]/li[8]/a/span[2]
Trying to find Element By : By.xpath: //*[@id="accordion-menu"]/li[8]/a/span[2]
Found Element By : By.xpath: //*[@id="accordion-menu"]/li[8]/a/span[2]
Trying to find Element By : By.xpath: //*[@id="accordion-menu"]/li[8]/a/span[2]
Found Element By : By.xpath: //*[@id="accordion-menu"]/li[8]/a/span[2]
Trying to find Element By : By.xpath: //*[@id="accordion-menu"]/li[8]/a/span[2]
Found Element By : By.xpath: //*[@id="accordion-menu"]/li[8]/a/span[2]
Trying to find Element By : By.xpath: //*[@id="accordion-menu"]/li[8]/a/span[2]
Found Element By : By.xpath: //*[@id="accordion-menu"]/li[8]/a/span[2]
Trying to find Element By : By.xpath: //*[@id="accordion-menu"]/li[8]/a/span[2]
Found Element By : By.xpath: //*[@id="accordion-menu"]/li[8]/a/span[2]
Trying to find Element By : By.xpath: //*[@id="accordion-menu"]/li[8]/a/span[2]
Found Element By : By.xpath: //*[@id="accordion-menu"]/li[8]/a/span[2]
Trying to find Element By : By.xpath: //*[@id="accordion-menu"]/li[8]/a/span[2]
Found Element By : By.xpath: //*[@id="accordion-menu"]/li[8]/a/span[2]
Trying to find Element By : By.xpath: //*[@id="accordion-menu"]/li[8]/a/span[2]
Found Element By : By.xpath: //*[@id="accordion-menu"]/li[8]/a/span[2]
Trying to find Element By : By.xpath: //*[@id="accordion-menu"]/li[8]/a/span[2]
Found Element By : By.xpath: //*[@id="accordion-menu"]/li[8]/a/span[2]
Trying to find Element By : By.xpath: //*[@id="accordion-menu"]/li[8]/a/span[2]
Found Element By : By.xpath: //*[@id="accordion-menu"]/li[8]/a/span[2]
]]></system-out>
  </testcase>
</testsuite>