<?xml version="1.0" encoding="UTF-8"?>
<testng-results ignored="0" total="120" passed="63" failed="57" skipped="0">
  <reporter-output>
  </reporter-output>
  <suite started-at="2020-10-19T10:54:23Z" name="NEET Application Test Automation Test Suite" finished-at="2020-10-19T11:08:52Z" duration-ms="868388">
    <groups>
    </groups>
    <test started-at="2020-10-19T10:54:23Z" name="SIGNUP" finished-at="2020-10-19T10:54:38Z" duration-ms="14994">
      <class name="com.qa.Testcase.Signuppage_test">
        <test-method is-config="true" signature="initialization()[pri:0, instance:com.qa.Testcase.Signuppage_test@368f2016]" started-at="2020-10-19T16:24:23Z" name="initialization" finished-at="2020-10-19T16:24:31Z" duration-ms="8127" status="PASS">
          <reporter-output>
          </reporter-output>
        </test-method> <!-- initialization -->
        <test-method is-config="true" signature="beforeMethod(java.lang.reflect.Method)[pri:0, instance:com.qa.Testcase.Signuppage_test@368f2016]" started-at="2020-10-19T16:24:31Z" name="beforeMethod" finished-at="2020-10-19T16:24:31Z" duration-ms="25" status="PASS">
          <params>
            <param index="0">
              <value>
                <![CDATA[public void com.qa.Testcase.Signuppage_test.gettitle()]]>
              </value>
            </param>
          </params>
          <reporter-output>
          </reporter-output>
        </test-method> <!-- beforeMethod -->
        <test-method signature="gettitle()[pri:1, instance:com.qa.Testcase.Signuppage_test@368f2016]" started-at="2020-10-19T16:24:31Z" name="gettitle" finished-at="2020-10-19T16:24:32Z" duration-ms="626" status="PASS">
          <reporter-output>
          </reporter-output>
        </test-method> <!-- gettitle -->
        <test-method is-config="true" signature="beforeMethod(java.lang.reflect.Method)[pri:0, instance:com.qa.Testcase.Signuppage_test@368f2016]" started-at="2020-10-19T16:24:32Z" name="beforeMethod" finished-at="2020-10-19T16:24:32Z" duration-ms="4" status="PASS">
          <params>
            <param index="0">
              <value>
                <![CDATA[public void com.qa.Testcase.Signuppage_test.signinlinkcheck()]]>
              </value>
            </param>
          </params>
          <reporter-output>
          </reporter-output>
        </test-method> <!-- beforeMethod -->
        <test-method signature="signinlinkcheck()[pri:2, instance:com.qa.Testcase.Signuppage_test@368f2016]" started-at="2020-10-19T16:24:32Z" name="signinlinkcheck" finished-at="2020-10-19T16:24:33Z" duration-ms="715" status="PASS">
          <reporter-output>
          </reporter-output>
        </test-method> <!-- signinlinkcheck -->
        <test-method is-config="true" signature="beforeMethod(java.lang.reflect.Method)[pri:0, instance:com.qa.Testcase.Signuppage_test@368f2016]" started-at="2020-10-19T16:24:33Z" name="beforeMethod" finished-at="2020-10-19T16:24:33Z" duration-ms="3" status="PASS">
          <params>
            <param index="0">
              <value>
                <![CDATA[public void com.qa.Testcase.Signuppage_test.emptysigin()]]>
              </value>
            </param>
          </params>
          <reporter-output>
          </reporter-output>
        </test-method> <!-- beforeMethod -->
        <test-method signature="emptysigin()[pri:3, instance:com.qa.Testcase.Signuppage_test@368f2016]" started-at="2020-10-19T16:24:33Z" name="emptysigin" finished-at="2020-10-19T16:24:33Z" duration-ms="171" status="PASS">
          <reporter-output>
          </reporter-output>
        </test-method> <!-- emptysigin -->
        <test-method is-config="true" signature="beforeMethod(java.lang.reflect.Method)[pri:0, instance:com.qa.Testcase.Signuppage_test@368f2016]" started-at="2020-10-19T16:24:33Z" name="beforeMethod" finished-at="2020-10-19T16:24:33Z" duration-ms="2" status="PASS">
          <params>
            <param index="0">
              <value>
                <![CDATA[public void com.qa.Testcase.Signuppage_test.mobonlysigup()]]>
              </value>
            </param>
          </params>
          <reporter-output>
          </reporter-output>
        </test-method> <!-- beforeMethod -->
        <test-method signature="mobonlysigup()[pri:4, instance:com.qa.Testcase.Signuppage_test@368f2016]" started-at="2020-10-19T16:24:33Z" name="mobonlysigup" finished-at="2020-10-19T16:24:33Z" duration-ms="287" status="PASS">
          <reporter-output>
          </reporter-output>
        </test-method> <!-- mobonlysigup -->
        <test-method is-config="true" signature="beforeMethod(java.lang.reflect.Method)[pri:0, instance:com.qa.Testcase.Signuppage_test@368f2016]" started-at="2020-10-19T16:24:33Z" name="beforeMethod" finished-at="2020-10-19T16:24:33Z" duration-ms="4" status="PASS">
          <params>
            <param index="0">
              <value>
                <![CDATA[public void com.qa.Testcase.Signuppage_test.pwdonlysigin()]]>
              </value>
            </param>
          </params>
          <reporter-output>
          </reporter-output>
        </test-method> <!-- beforeMethod -->
        <test-method signature="pwdonlysigin()[pri:6, instance:com.qa.Testcase.Signuppage_test@368f2016]" started-at="2020-10-19T16:24:33Z" name="pwdonlysigin" finished-at="2020-10-19T16:24:34Z" duration-ms="337" status="PASS">
          <reporter-output>
          </reporter-output>
        </test-method> <!-- pwdonlysigin -->
        <test-method is-config="true" signature="beforeMethod(java.lang.reflect.Method)[pri:0, instance:com.qa.Testcase.Signuppage_test@368f2016]" started-at="2020-10-19T16:24:34Z" name="beforeMethod" finished-at="2020-10-19T16:24:34Z" duration-ms="2" status="PASS">
          <params>
            <param index="0">
              <value>
                <![CDATA[public void com.qa.Testcase.Signuppage_test.alreadyregistereduser() throws java.lang.InterruptedException,java.awt.AWTException]]>
              </value>
            </param>
          </params>
          <reporter-output>
          </reporter-output>
        </test-method> <!-- beforeMethod -->
        <test-method signature="alreadyregistereduser()[pri:7, instance:com.qa.Testcase.Signuppage_test@368f2016]" started-at="2020-10-19T16:24:34Z" name="alreadyregistereduser" finished-at="2020-10-19T16:24:35Z" duration-ms="1229" status="PASS">
          <reporter-output>
          </reporter-output>
        </test-method> <!-- alreadyregistereduser -->
        <test-method is-config="true" signature="beforeMethod(java.lang.reflect.Method)[pri:0, instance:com.qa.Testcase.Signuppage_test@368f2016]" started-at="2020-10-19T16:24:35Z" name="beforeMethod" finished-at="2020-10-19T16:24:35Z" duration-ms="3" status="PASS">
          <params>
            <param index="0">
              <value>
                <![CDATA[public void com.qa.Testcase.Signuppage_test.invalidpwd() throws java.awt.AWTException]]>
              </value>
            </param>
          </params>
          <reporter-output>
          </reporter-output>
        </test-method> <!-- beforeMethod -->
        <test-method signature="invalidpwd()[pri:8, instance:com.qa.Testcase.Signuppage_test@368f2016]" started-at="2020-10-19T16:24:35Z" name="invalidpwd" finished-at="2020-10-19T16:24:36Z" duration-ms="1061" status="PASS">
          <reporter-output>
          </reporter-output>
        </test-method> <!-- invalidpwd -->
        <test-method is-config="true" signature="beforeMethod(java.lang.reflect.Method)[pri:0, instance:com.qa.Testcase.Signuppage_test@368f2016]" started-at="2020-10-19T16:24:36Z" name="beforeMethod" finished-at="2020-10-19T16:24:36Z" duration-ms="4" status="PASS">
          <params>
            <param index="0">
              <value>
                <![CDATA[public void com.qa.Testcase.Signuppage_test.Sigupusingvalidinputs() throws java.lang.InterruptedException]]>
              </value>
            </param>
          </params>
          <reporter-output>
          </reporter-output>
        </test-method> <!-- beforeMethod -->
        <test-method signature="Sigupusingvalidinputs()[pri:9, instance:com.qa.Testcase.Signuppage_test@368f2016]" started-at="2020-10-19T16:24:36Z" name="Sigupusingvalidinputs" finished-at="2020-10-19T16:24:37Z" duration-ms="1209" status="FAIL">
          <exception class="java.lang.AssertionError">
            <message>
              <![CDATA[The following asserts failed:
	expected [Registered Successfully..!] but found [User already exists, proceed to login]]]>
            </message>
            <full-stacktrace>
              <![CDATA[java.lang.AssertionError: The following asserts failed:
	expected [Registered Successfully..!] but found [User already exists, proceed to login]
	at org.testng.asserts.SoftAssert.assertAll(SoftAssert.java:43)
	at com.qa.Base.TestBase.softAssert(TestBase.java:103)
	at com.qa.Testcase.Signuppage_test.Sigupusingvalidinputs(Signuppage_test.java:87)
	at java.base/jdk.internal.reflect.NativeMethodAccessorImpl.invoke0(Native Method)
	at java.base/jdk.internal.reflect.NativeMethodAccessorImpl.invoke(NativeMethodAccessorImpl.java:62)
	at java.base/jdk.internal.reflect.DelegatingMethodAccessorImpl.invoke(DelegatingMethodAccessorImpl.java:43)
	at java.base/java.lang.reflect.Method.invoke(Method.java:566)
	at org.testng.internal.MethodInvocationHelper.invokeMethod(MethodInvocationHelper.java:108)
	at org.testng.internal.Invoker.invokeMethod(Invoker.java:661)
	at org.testng.internal.Invoker.invokeTestMethod(Invoker.java:869)
	at org.testng.internal.Invoker.invokeTestMethods(Invoker.java:1193)
	at org.testng.internal.TestMethodWorker.invokeTestMethods(TestMethodWorker.java:126)
	at org.testng.internal.TestMethodWorker.run(TestMethodWorker.java:109)
	at org.testng.TestRunner.privateRun(TestRunner.java:744)
	at org.testng.TestRunner.run(TestRunner.java:602)
	at org.testng.SuiteRunner.runTest(SuiteRunner.java:380)
	at org.testng.SuiteRunner.runSequentially(SuiteRunner.java:375)
	at org.testng.SuiteRunner.privateRun(SuiteRunner.java:340)
	at org.testng.SuiteRunner.run(SuiteRunner.java:289)
	at org.testng.SuiteRunnerWorker.runSuite(SuiteRunnerWorker.java:52)
	at org.testng.SuiteRunnerWorker.run(SuiteRunnerWorker.java:86)
	at org.testng.TestNG.runSuitesSequentially(TestNG.java:1301)
	at org.testng.TestNG.runSuitesLocally(TestNG.java:1226)
	at org.testng.TestNG.runSuites(TestNG.java:1144)
	at org.testng.TestNG.run(TestNG.java:1115)
	at org.apache.maven.surefire.testng.TestNGExecutor.run(TestNGExecutor.java:281)
	at org.apache.maven.surefire.testng.TestNGXmlTestSuite.execute(TestNGXmlTestSuite.java:75)
	at org.apache.maven.surefire.testng.TestNGProvider.invoke(TestNGProvider.java:121)
	at org.apache.maven.surefire.booter.ForkedBooter.invokeProviderInSameClassLoader(ForkedBooter.java:290)
	at org.apache.maven.surefire.booter.ForkedBooter.runSuitesInProcess(ForkedBooter.java:242)
	at org.apache.maven.surefire.booter.ForkedBooter.main(ForkedBooter.java:121)
]]>
            </full-stacktrace>
          </exception> <!-- java.lang.AssertionError -->
          <reporter-output>
          </reporter-output>
        </test-method> <!-- Sigupusingvalidinputs -->
        <test-method is-config="true" signature="tearDown()[pri:0, instance:com.qa.Testcase.Signuppage_test@368f2016]" started-at="2020-10-19T16:24:37Z" name="tearDown" finished-at="2020-10-19T16:24:38Z" duration-ms="1162" status="PASS">
          <reporter-output>
          </reporter-output>
        </test-method> <!-- tearDown -->
      </class> <!-- com.qa.Testcase.Signuppage_test -->
    </test> <!-- SIGNUP -->
    <test started-at="2020-10-19T10:54:38Z" name="FORGOT" finished-at="2020-10-19T10:54:48Z" duration-ms="9520">
      <class name="com.qa.Testcase.Forgotpage_test">
        <test-method is-config="true" signature="initialization()[pri:0, instance:com.qa.Testcase.Forgotpage_test@30c15d8b]" started-at="2020-10-19T16:24:38Z" name="initialization" finished-at="2020-10-19T16:24:45Z" duration-ms="6912" status="PASS">
          <reporter-output>
          </reporter-output>
        </test-method> <!-- initialization -->
        <test-method is-config="true" signature="beforeMethod(java.lang.reflect.Method)[pri:0, instance:com.qa.Testcase.Forgotpage_test@30c15d8b]" started-at="2020-10-19T16:24:45Z" name="beforeMethod" finished-at="2020-10-19T16:24:45Z" duration-ms="5" status="PASS">
          <params>
            <param index="0">
              <value>
                <![CDATA[public void com.qa.Testcase.Forgotpage_test.forgotTitle()]]>
              </value>
            </param>
          </params>
          <reporter-output>
          </reporter-output>
        </test-method> <!-- beforeMethod -->
        <test-method signature="forgotTitle()[pri:1, instance:com.qa.Testcase.Forgotpage_test@30c15d8b]" started-at="2020-10-19T16:24:45Z" name="forgotTitle" finished-at="2020-10-19T16:24:46Z" duration-ms="403" status="PASS">
          <reporter-output>
          </reporter-output>
        </test-method> <!-- forgotTitle -->
        <test-method is-config="true" signature="beforeMethod(java.lang.reflect.Method)[pri:0, instance:com.qa.Testcase.Forgotpage_test@30c15d8b]" started-at="2020-10-19T16:24:46Z" name="beforeMethod" finished-at="2020-10-19T16:24:46Z" duration-ms="3" status="PASS">
          <params>
            <param index="0">
              <value>
                <![CDATA[public void com.qa.Testcase.Forgotpage_test.emptysubmit()]]>
              </value>
            </param>
          </params>
          <reporter-output>
          </reporter-output>
        </test-method> <!-- beforeMethod -->
        <test-method signature="emptysubmit()[pri:2, instance:com.qa.Testcase.Forgotpage_test@30c15d8b]" started-at="2020-10-19T16:24:46Z" name="emptysubmit" finished-at="2020-10-19T16:24:46Z" duration-ms="135" status="PASS">
          <reporter-output>
          </reporter-output>
        </test-method> <!-- emptysubmit -->
        <test-method is-config="true" signature="beforeMethod(java.lang.reflect.Method)[pri:0, instance:com.qa.Testcase.Forgotpage_test@30c15d8b]" started-at="2020-10-19T16:24:46Z" name="beforeMethod" finished-at="2020-10-19T16:24:46Z" duration-ms="2" status="PASS">
          <params>
            <param index="0">
              <value>
                <![CDATA[public void com.qa.Testcase.Forgotpage_test.invalidmob()]]>
              </value>
            </param>
          </params>
          <reporter-output>
          </reporter-output>
        </test-method> <!-- beforeMethod -->
        <test-method signature="invalidmob()[pri:3, instance:com.qa.Testcase.Forgotpage_test@30c15d8b]" started-at="2020-10-19T16:24:46Z" name="invalidmob" finished-at="2020-10-19T16:24:46Z" duration-ms="297" status="PASS">
          <reporter-output>
          </reporter-output>
        </test-method> <!-- invalidmob -->
        <test-method is-config="true" signature="beforeMethod(java.lang.reflect.Method)[pri:0, instance:com.qa.Testcase.Forgotpage_test@30c15d8b]" started-at="2020-10-19T16:24:46Z" name="beforeMethod" finished-at="2020-10-19T16:24:46Z" duration-ms="2" status="PASS">
          <params>
            <param index="0">
              <value>
                <![CDATA[public void com.qa.Testcase.Forgotpage_test.validmob() throws java.lang.InterruptedException]]>
              </value>
            </param>
          </params>
          <reporter-output>
          </reporter-output>
        </test-method> <!-- beforeMethod -->
        <test-method signature="validmob()[pri:4, instance:com.qa.Testcase.Forgotpage_test@30c15d8b]" started-at="2020-10-19T16:24:46Z" name="validmob" finished-at="2020-10-19T16:24:46Z" duration-ms="407" status="PASS">
          <reporter-output>
          </reporter-output>
        </test-method> <!-- validmob -->
        <test-method is-config="true" signature="beforeMethod(java.lang.reflect.Method)[pri:0, instance:com.qa.Testcase.Forgotpage_test@30c15d8b]" started-at="2020-10-19T16:24:46Z" name="beforeMethod" finished-at="2020-10-19T16:24:46Z" duration-ms="2" status="PASS">
          <params>
            <param index="0">
              <value>
                <![CDATA[public void com.qa.Testcase.Forgotpage_test.backbutton()]]>
              </value>
            </param>
          </params>
          <reporter-output>
          </reporter-output>
        </test-method> <!-- beforeMethod -->
        <test-method signature="backbutton()[pri:5, instance:com.qa.Testcase.Forgotpage_test@30c15d8b]" started-at="2020-10-19T16:24:46Z" name="backbutton" finished-at="2020-10-19T16:24:47Z" duration-ms="507" status="PASS">
          <reporter-output>
          </reporter-output>
        </test-method> <!-- backbutton -->
        <test-method is-config="true" signature="tearDown()[pri:0, instance:com.qa.Testcase.Forgotpage_test@30c15d8b]" started-at="2020-10-19T16:24:47Z" name="tearDown" finished-at="2020-10-19T16:24:48Z" duration-ms="842" status="PASS">
          <reporter-output>
          </reporter-output>
        </test-method> <!-- tearDown -->
      </class> <!-- com.qa.Testcase.Forgotpage_test -->
    </test> <!-- FORGOT -->
    <test started-at="2020-10-19T10:54:48Z" name="FORGOTOTP" finished-at="2020-10-19T10:55:03Z" duration-ms="15416">
      <class name="com.qa.Testcase.Otpforgotpage_test">
        <test-method is-config="true" signature="initialization()[pri:0, instance:com.qa.Testcase.Otpforgotpage_test@62379589]" started-at="2020-10-19T16:24:48Z" name="initialization" finished-at="2020-10-19T16:24:56Z" duration-ms="8294" status="PASS">
          <reporter-output>
          </reporter-output>
        </test-method> <!-- initialization -->
        <test-method is-config="true" signature="beforeMethod(java.lang.reflect.Method)[pri:0, instance:com.qa.Testcase.Otpforgotpage_test@62379589]" started-at="2020-10-19T16:24:56Z" name="beforeMethod" finished-at="2020-10-19T16:24:56Z" duration-ms="34" status="PASS">
          <params>
            <param index="0">
              <value>
                <![CDATA[public void com.qa.Testcase.Otpforgotpage_test.otptitlecheck() throws java.lang.InterruptedException]]>
              </value>
            </param>
          </params>
          <reporter-output>
          </reporter-output>
        </test-method> <!-- beforeMethod -->
        <test-method signature="otptitlecheck()[pri:1, instance:com.qa.Testcase.Otpforgotpage_test@62379589]" started-at="2020-10-19T16:24:56Z" name="otptitlecheck" finished-at="2020-10-19T16:24:58Z" duration-ms="1896" status="PASS">
          <reporter-output>
          </reporter-output>
        </test-method> <!-- otptitlecheck -->
        <test-method is-config="true" signature="beforeMethod(java.lang.reflect.Method)[pri:0, instance:com.qa.Testcase.Otpforgotpage_test@62379589]" started-at="2020-10-19T16:24:58Z" name="beforeMethod" finished-at="2020-10-19T16:24:58Z" duration-ms="3" status="PASS">
          <params>
            <param index="0">
              <value>
                <![CDATA[public void com.qa.Testcase.Otpforgotpage_test.emptycheck() throws java.lang.InterruptedException]]>
              </value>
            </param>
          </params>
          <reporter-output>
          </reporter-output>
        </test-method> <!-- beforeMethod -->
        <test-method signature="emptycheck()[pri:2, instance:com.qa.Testcase.Otpforgotpage_test@62379589]" started-at="2020-10-19T16:24:58Z" name="emptycheck" finished-at="2020-10-19T16:25:01Z" duration-ms="2727" status="PASS">
          <reporter-output>
          </reporter-output>
        </test-method> <!-- emptycheck -->
        <test-method is-config="true" signature="beforeMethod(java.lang.reflect.Method)[pri:0, instance:com.qa.Testcase.Otpforgotpage_test@62379589]" started-at="2020-10-19T16:25:01Z" name="beforeMethod" finished-at="2020-10-19T16:25:01Z" duration-ms="8" status="PASS">
          <params>
            <param index="0">
              <value>
                <![CDATA[public void com.qa.Testcase.Otpforgotpage_test.incorrectotp()]]>
              </value>
            </param>
          </params>
          <reporter-output>
          </reporter-output>
        </test-method> <!-- beforeMethod -->
        <test-method signature="incorrectotp()[pri:3, instance:com.qa.Testcase.Otpforgotpage_test@62379589]" started-at="2020-10-19T16:25:01Z" name="incorrectotp" finished-at="2020-10-19T16:25:02Z" duration-ms="974" status="PASS">
          <reporter-output>
          </reporter-output>
        </test-method> <!-- incorrectotp -->
        <test-method is-config="true" signature="beforeMethod(java.lang.reflect.Method)[pri:0, instance:com.qa.Testcase.Otpforgotpage_test@62379589]" started-at="2020-10-19T16:25:02Z" name="beforeMethod" finished-at="2020-10-19T16:25:02Z" duration-ms="3" status="PASS">
          <params>
            <param index="0">
              <value>
                <![CDATA[public void com.qa.Testcase.Otpforgotpage_test.incomleteotp()]]>
              </value>
            </param>
          </params>
          <reporter-output>
          </reporter-output>
        </test-method> <!-- beforeMethod -->
        <test-method signature="incomleteotp()[pri:4, instance:com.qa.Testcase.Otpforgotpage_test@62379589]" started-at="2020-10-19T16:25:02Z" name="incomleteotp" finished-at="2020-10-19T16:25:03Z" duration-ms="758" status="PASS">
          <reporter-output>
          </reporter-output>
        </test-method> <!-- incomleteotp -->
        <test-method is-config="true" signature="tearDown()[pri:0, instance:com.qa.Testcase.Otpforgotpage_test@62379589]" started-at="2020-10-19T16:25:03Z" name="tearDown" finished-at="2020-10-19T16:25:03Z" duration-ms="717" status="PASS">
          <reporter-output>
          </reporter-output>
        </test-method> <!-- tearDown -->
      </class> <!-- com.qa.Testcase.Otpforgotpage_test -->
    </test> <!-- FORGOTOTP -->
    <test started-at="2020-10-19T10:55:03Z" name="RESETPASSWORD" finished-at="2020-10-19T10:56:35Z" duration-ms="91573">
      <class name="com.qa.Testcase.Resetpasswordpage_test">
        <test-method is-config="true" signature="initialization()[pri:0, instance:com.qa.Testcase.Resetpasswordpage_test@c730b35]" started-at="2020-10-19T16:25:03Z" name="initialization" finished-at="2020-10-19T16:25:12Z" duration-ms="9156" status="PASS">
          <reporter-output>
          </reporter-output>
        </test-method> <!-- initialization -->
        <test-method is-config="true" signature="beforeMethod(java.lang.reflect.Method)[pri:0, instance:com.qa.Testcase.Resetpasswordpage_test@c730b35]" started-at="2020-10-19T16:25:12Z" name="beforeMethod" finished-at="2020-10-19T16:25:12Z" duration-ms="2" status="PASS">
          <params>
            <param index="0">
              <value>
                <![CDATA[public void com.qa.Testcase.Resetpasswordpage_test.gotoresetpage() throws java.lang.InterruptedException,java.io.IOException,java.security.GeneralSecurityException]]>
              </value>
            </param>
          </params>
          <reporter-output>
          </reporter-output>
        </test-method> <!-- beforeMethod -->
        <test-method signature="gotoresetpage()[pri:1, instance:com.qa.Testcase.Resetpasswordpage_test@c730b35]" started-at="2020-10-19T16:25:12Z" name="gotoresetpage" finished-at="2020-10-19T16:26:18Z" duration-ms="65226" status="PASS">
          <reporter-output>
          </reporter-output>
        </test-method> <!-- gotoresetpage -->
        <test-method is-config="true" signature="beforeMethod(java.lang.reflect.Method)[pri:0, instance:com.qa.Testcase.Resetpasswordpage_test@c730b35]" started-at="2020-10-19T16:26:18Z" name="beforeMethod" finished-at="2020-10-19T16:26:18Z" duration-ms="6" status="PASS">
          <params>
            <param index="0">
              <value>
                <![CDATA[public void com.qa.Testcase.Resetpasswordpage_test.emptypwd() throws java.lang.InterruptedException,java.awt.AWTException]]>
              </value>
            </param>
          </params>
          <reporter-output>
          </reporter-output>
        </test-method> <!-- beforeMethod -->
        <test-method signature="emptypwd()[pri:2, instance:com.qa.Testcase.Resetpasswordpage_test@c730b35]" started-at="2020-10-19T16:26:18Z" name="emptypwd" finished-at="2020-10-19T16:26:18Z" duration-ms="761" status="PASS">
          <reporter-output>
          </reporter-output>
        </test-method> <!-- emptypwd -->
        <test-method is-config="true" signature="beforeMethod(java.lang.reflect.Method)[pri:0, instance:com.qa.Testcase.Resetpasswordpage_test@c730b35]" started-at="2020-10-19T16:26:18Z" name="beforeMethod" finished-at="2020-10-19T16:26:18Z" duration-ms="2" status="PASS">
          <params>
            <param index="0">
              <value>
                <![CDATA[public void com.qa.Testcase.Resetpasswordpage_test.pwdonly() throws java.lang.InterruptedException,java.awt.AWTException]]>
              </value>
            </param>
          </params>
          <reporter-output>
          </reporter-output>
        </test-method> <!-- beforeMethod -->
        <test-method signature="pwdonly()[pri:3, instance:com.qa.Testcase.Resetpasswordpage_test@c730b35]" started-at="2020-10-19T16:26:18Z" name="pwdonly" finished-at="2020-10-19T16:26:21Z" duration-ms="2989" status="PASS">
          <reporter-output>
          </reporter-output>
        </test-method> <!-- pwdonly -->
        <test-method is-config="true" signature="beforeMethod(java.lang.reflect.Method)[pri:0, instance:com.qa.Testcase.Resetpasswordpage_test@c730b35]" started-at="2020-10-19T16:26:21Z" name="beforeMethod" finished-at="2020-10-19T16:26:21Z" duration-ms="2" status="PASS">
          <params>
            <param index="0">
              <value>
                <![CDATA[public void com.qa.Testcase.Resetpasswordpage_test.invalidpwd() throws java.lang.InterruptedException,java.awt.AWTException]]>
              </value>
            </param>
          </params>
          <reporter-output>
          </reporter-output>
        </test-method> <!-- beforeMethod -->
        <test-method signature="invalidpwd()[pri:4, instance:com.qa.Testcase.Resetpasswordpage_test@c730b35]" started-at="2020-10-19T16:26:21Z" name="invalidpwd" finished-at="2020-10-19T16:26:24Z" duration-ms="3044" status="PASS">
          <reporter-output>
          </reporter-output>
        </test-method> <!-- invalidpwd -->
        <test-method is-config="true" signature="beforeMethod(java.lang.reflect.Method)[pri:0, instance:com.qa.Testcase.Resetpasswordpage_test@c730b35]" started-at="2020-10-19T16:26:24Z" name="beforeMethod" finished-at="2020-10-19T16:26:24Z" duration-ms="3" status="PASS">
          <params>
            <param index="0">
              <value>
                <![CDATA[public void com.qa.Testcase.Resetpasswordpage_test.pwdnotmatch() throws java.lang.InterruptedException,java.awt.AWTException]]>
              </value>
            </param>
          </params>
          <reporter-output>
          </reporter-output>
        </test-method> <!-- beforeMethod -->
        <test-method signature="pwdnotmatch()[pri:5, instance:com.qa.Testcase.Resetpasswordpage_test@c730b35]" started-at="2020-10-19T16:26:24Z" name="pwdnotmatch" finished-at="2020-10-19T16:26:27Z" duration-ms="3035" status="PASS">
          <reporter-output>
          </reporter-output>
        </test-method> <!-- pwdnotmatch -->
        <test-method is-config="true" signature="beforeMethod(java.lang.reflect.Method)[pri:0, instance:com.qa.Testcase.Resetpasswordpage_test@c730b35]" started-at="2020-10-19T16:26:27Z" name="beforeMethod" finished-at="2020-10-19T16:26:27Z" duration-ms="3" status="PASS">
          <params>
            <param index="0">
              <value>
                <![CDATA[public void com.qa.Testcase.Resetpasswordpage_test.resetsamepwd() throws java.lang.InterruptedException,java.awt.AWTException]]>
              </value>
            </param>
          </params>
          <reporter-output>
          </reporter-output>
        </test-method> <!-- beforeMethod -->
        <test-method signature="resetsamepwd()[pri:6, instance:com.qa.Testcase.Resetpasswordpage_test@c730b35]" started-at="2020-10-19T16:26:27Z" name="resetsamepwd" finished-at="2020-10-19T16:26:31Z" duration-ms="3197" status="PASS">
          <reporter-output>
          </reporter-output>
        </test-method> <!-- resetsamepwd -->
        <test-method is-config="true" signature="beforeMethod(java.lang.reflect.Method)[pri:0, instance:com.qa.Testcase.Resetpasswordpage_test@c730b35]" started-at="2020-10-19T16:26:31Z" name="beforeMethod" finished-at="2020-10-19T16:26:31Z" duration-ms="1" status="PASS">
          <params>
            <param index="0">
              <value>
                <![CDATA[public void com.qa.Testcase.Resetpasswordpage_test.resetpwd() throws java.lang.InterruptedException,java.awt.AWTException]]>
              </value>
            </param>
          </params>
          <reporter-output>
          </reporter-output>
        </test-method> <!-- beforeMethod -->
        <test-method signature="resetpwd()[pri:7, instance:com.qa.Testcase.Resetpasswordpage_test@c730b35]" started-at="2020-10-19T16:26:31Z" name="resetpwd" finished-at="2020-10-19T16:26:34Z" duration-ms="3365" status="PASS">
          <reporter-output>
          </reporter-output>
        </test-method> <!-- resetpwd -->
        <test-method is-config="true" signature="tearDown()[pri:0, instance:com.qa.Testcase.Resetpasswordpage_test@c730b35]" started-at="2020-10-19T16:26:34Z" name="tearDown" finished-at="2020-10-19T16:26:35Z" duration-ms="778" status="PASS">
          <reporter-output>
          </reporter-output>
        </test-method> <!-- tearDown -->
      </class> <!-- com.qa.Testcase.Resetpasswordpage_test -->
    </test> <!-- RESETPASSWORD -->
    <test started-at="2020-10-19T10:56:35Z" name="CHNAGEPASSWORD" finished-at="2020-10-19T10:57:11Z" duration-ms="35783">
      <class name="com.qa.Testcase.Changepasswordpage_test">
        <test-method is-config="true" signature="initialization()[pri:0, instance:com.qa.Testcase.Changepasswordpage_test@702657cc]" started-at="2020-10-19T16:26:35Z" name="initialization" finished-at="2020-10-19T16:26:42Z" duration-ms="6790" status="PASS">
          <reporter-output>
          </reporter-output>
        </test-method> <!-- initialization -->
        <test-method is-config="true" signature="beforeMethod(java.lang.reflect.Method)[pri:0, instance:com.qa.Testcase.Changepasswordpage_test@702657cc]" started-at="2020-10-19T16:26:42Z" name="beforeMethod" finished-at="2020-10-19T16:26:42Z" duration-ms="2" status="PASS">
          <params>
            <param index="0">
              <value>
                <![CDATA[public void com.qa.Testcase.Changepasswordpage_test.Sigin() throws java.lang.InterruptedException]]>
              </value>
            </param>
          </params>
          <reporter-output>
          </reporter-output>
        </test-method> <!-- beforeMethod -->
        <test-method signature="Sigin()[pri:1, instance:com.qa.Testcase.Changepasswordpage_test@702657cc]" started-at="2020-10-19T16:26:42Z" name="Sigin" finished-at="2020-10-19T16:26:49Z" duration-ms="7643" status="PASS">
          <reporter-output>
          </reporter-output>
        </test-method> <!-- Sigin -->
        <test-method is-config="true" signature="beforeMethod(java.lang.reflect.Method)[pri:0, instance:com.qa.Testcase.Changepasswordpage_test@702657cc]" started-at="2020-10-19T16:26:49Z" name="beforeMethod" finished-at="2020-10-19T16:26:49Z" duration-ms="6" status="PASS">
          <params>
            <param index="0">
              <value>
                <![CDATA[public void com.qa.Testcase.Changepasswordpage_test.emptypwd() throws java.lang.InterruptedException,java.awt.AWTException]]>
              </value>
            </param>
          </params>
          <reporter-output>
          </reporter-output>
        </test-method> <!-- beforeMethod -->
        <test-method signature="emptypwd()[pri:2, instance:com.qa.Testcase.Changepasswordpage_test@702657cc]" started-at="2020-10-19T16:26:49Z" name="emptypwd" finished-at="2020-10-19T16:26:53Z" duration-ms="3343" status="PASS">
          <reporter-output>
          </reporter-output>
        </test-method> <!-- emptypwd -->
        <test-method is-config="true" signature="beforeMethod(java.lang.reflect.Method)[pri:0, instance:com.qa.Testcase.Changepasswordpage_test@702657cc]" started-at="2020-10-19T16:26:53Z" name="beforeMethod" finished-at="2020-10-19T16:26:53Z" duration-ms="2" status="PASS">
          <params>
            <param index="0">
              <value>
                <![CDATA[public void com.qa.Testcase.Changepasswordpage_test.pwdonly() throws java.lang.InterruptedException,java.awt.AWTException]]>
              </value>
            </param>
          </params>
          <reporter-output>
          </reporter-output>
        </test-method> <!-- beforeMethod -->
        <test-method signature="pwdonly()[pri:3, instance:com.qa.Testcase.Changepasswordpage_test@702657cc]" started-at="2020-10-19T16:26:53Z" name="pwdonly" finished-at="2020-10-19T16:26:56Z" duration-ms="2973" status="PASS">
          <reporter-output>
          </reporter-output>
        </test-method> <!-- pwdonly -->
        <test-method is-config="true" signature="beforeMethod(java.lang.reflect.Method)[pri:0, instance:com.qa.Testcase.Changepasswordpage_test@702657cc]" started-at="2020-10-19T16:26:56Z" name="beforeMethod" finished-at="2020-10-19T16:26:56Z" duration-ms="3" status="PASS">
          <params>
            <param index="0">
              <value>
                <![CDATA[public void com.qa.Testcase.Changepasswordpage_test.invalidpwd() throws java.lang.InterruptedException,java.awt.AWTException]]>
              </value>
            </param>
          </params>
          <reporter-output>
          </reporter-output>
        </test-method> <!-- beforeMethod -->
        <test-method signature="invalidpwd()[pri:4, instance:com.qa.Testcase.Changepasswordpage_test@702657cc]" started-at="2020-10-19T16:26:56Z" name="invalidpwd" finished-at="2020-10-19T16:26:59Z" duration-ms="3102" status="PASS">
          <reporter-output>
          </reporter-output>
        </test-method> <!-- invalidpwd -->
        <test-method is-config="true" signature="beforeMethod(java.lang.reflect.Method)[pri:0, instance:com.qa.Testcase.Changepasswordpage_test@702657cc]" started-at="2020-10-19T16:26:59Z" name="beforeMethod" finished-at="2020-10-19T16:26:59Z" duration-ms="2" status="PASS">
          <params>
            <param index="0">
              <value>
                <![CDATA[public void com.qa.Testcase.Changepasswordpage_test.pwdnotmatch() throws java.lang.InterruptedException,java.awt.AWTException]]>
              </value>
            </param>
          </params>
          <reporter-output>
          </reporter-output>
        </test-method> <!-- beforeMethod -->
        <test-method signature="pwdnotmatch()[pri:5, instance:com.qa.Testcase.Changepasswordpage_test@702657cc]" started-at="2020-10-19T16:26:59Z" name="pwdnotmatch" finished-at="2020-10-19T16:27:02Z" duration-ms="2997" status="PASS">
          <reporter-output>
          </reporter-output>
        </test-method> <!-- pwdnotmatch -->
        <test-method is-config="true" signature="beforeMethod(java.lang.reflect.Method)[pri:0, instance:com.qa.Testcase.Changepasswordpage_test@702657cc]" started-at="2020-10-19T16:27:02Z" name="beforeMethod" finished-at="2020-10-19T16:27:02Z" duration-ms="3" status="PASS">
          <params>
            <param index="0">
              <value>
                <![CDATA[public void com.qa.Testcase.Changepasswordpage_test.Changesamepwd() throws java.lang.InterruptedException,java.awt.AWTException]]>
              </value>
            </param>
          </params>
          <reporter-output>
          </reporter-output>
        </test-method> <!-- beforeMethod -->
        <test-method signature="Changesamepwd()[pri:6, instance:com.qa.Testcase.Changepasswordpage_test@702657cc]" started-at="2020-10-19T16:27:02Z" name="Changesamepwd" finished-at="2020-10-19T16:27:05Z" duration-ms="3263" status="PASS">
          <reporter-output>
          </reporter-output>
        </test-method> <!-- Changesamepwd -->
        <test-method is-config="true" signature="beforeMethod(java.lang.reflect.Method)[pri:0, instance:com.qa.Testcase.Changepasswordpage_test@702657cc]" started-at="2020-10-19T16:27:05Z" name="beforeMethod" finished-at="2020-10-19T16:27:05Z" duration-ms="2" status="PASS">
          <params>
            <param index="0">
              <value>
                <![CDATA[public void com.qa.Testcase.Changepasswordpage_test.Changepwd() throws java.lang.InterruptedException,java.awt.AWTException]]>
              </value>
            </param>
          </params>
          <reporter-output>
          </reporter-output>
        </test-method> <!-- beforeMethod -->
        <test-method signature="Changepwd()[pri:7, instance:com.qa.Testcase.Changepasswordpage_test@702657cc]" started-at="2020-10-19T16:27:05Z" name="Changepwd" finished-at="2020-10-19T16:27:08Z" duration-ms="3504" status="PASS">
          <reporter-output>
          </reporter-output>
        </test-method> <!-- Changepwd -->
        <test-method is-config="true" signature="beforeMethod(java.lang.reflect.Method)[pri:0, instance:com.qa.Testcase.Changepasswordpage_test@702657cc]" started-at="2020-10-19T16:27:08Z" name="beforeMethod" finished-at="2020-10-19T16:27:08Z" duration-ms="2" status="PASS">
          <params>
            <param index="0">
              <value>
                <![CDATA[public void com.qa.Testcase.Changepasswordpage_test.logout() throws java.lang.InterruptedException]]>
              </value>
            </param>
          </params>
          <reporter-output>
          </reporter-output>
        </test-method> <!-- beforeMethod -->
        <test-method signature="logout()[pri:9, instance:com.qa.Testcase.Changepasswordpage_test@702657cc]" started-at="2020-10-19T16:27:08Z" name="logout" finished-at="2020-10-19T16:27:10Z" duration-ms="1380" status="PASS">
          <reporter-output>
          </reporter-output>
        </test-method> <!-- logout -->
        <test-method is-config="true" signature="tearDown()[pri:0, instance:com.qa.Testcase.Changepasswordpage_test@702657cc]" started-at="2020-10-19T16:27:10Z" name="tearDown" finished-at="2020-10-19T16:27:11Z" duration-ms="761" status="PASS">
          <reporter-output>
          </reporter-output>
        </test-method> <!-- tearDown -->
      </class> <!-- com.qa.Testcase.Changepasswordpage_test -->
    </test> <!-- CHNAGEPASSWORD -->
    <test started-at="2020-10-19T10:57:11Z" name="SIGNIN" finished-at="2020-10-19T10:57:57Z" duration-ms="46132">
      <class name="com.qa.Testcase.Signinpage_test">
        <test-method is-config="true" signature="initialization()[pri:0, instance:com.qa.Testcase.Signinpage_test@3b69e7d1]" started-at="2020-10-19T16:27:11Z" name="initialization" finished-at="2020-10-19T16:27:16Z" duration-ms="5508" status="PASS">
          <reporter-output>
          </reporter-output>
        </test-method> <!-- initialization -->
        <test-method is-config="true" signature="beforeMethod(java.lang.reflect.Method)[pri:0, instance:com.qa.Testcase.Signinpage_test@3b69e7d1]" started-at="2020-10-19T16:27:16Z" name="beforeMethod" finished-at="2020-10-19T16:27:16Z" duration-ms="1" status="PASS">
          <params>
            <param index="0">
              <value>
                <![CDATA[public void com.qa.Testcase.Signinpage_test.gettitle()]]>
              </value>
            </param>
          </params>
          <reporter-output>
          </reporter-output>
        </test-method> <!-- beforeMethod -->
        <test-method signature="gettitle()[pri:1, instance:com.qa.Testcase.Signinpage_test@3b69e7d1]" started-at="2020-10-19T16:27:16Z" name="gettitle" finished-at="2020-10-19T16:27:16Z" duration-ms="7" status="PASS">
          <reporter-output>
          </reporter-output>
        </test-method> <!-- gettitle -->
        <test-method is-config="true" signature="beforeMethod(java.lang.reflect.Method)[pri:0, instance:com.qa.Testcase.Signinpage_test@3b69e7d1]" started-at="2020-10-19T16:27:16Z" name="beforeMethod" finished-at="2020-10-19T16:27:16Z" duration-ms="1" status="PASS">
          <params>
            <param index="0">
              <value>
                <![CDATA[public void com.qa.Testcase.Signinpage_test.forgotlinkcheck()]]>
              </value>
            </param>
          </params>
          <reporter-output>
          </reporter-output>
        </test-method> <!-- beforeMethod -->
        <test-method signature="forgotlinkcheck()[pri:2, instance:com.qa.Testcase.Signinpage_test@3b69e7d1]" started-at="2020-10-19T16:27:16Z" name="forgotlinkcheck" finished-at="2020-10-19T16:27:17Z" duration-ms="503" status="PASS">
          <reporter-output>
          </reporter-output>
        </test-method> <!-- forgotlinkcheck -->
        <test-method is-config="true" signature="beforeMethod(java.lang.reflect.Method)[pri:0, instance:com.qa.Testcase.Signinpage_test@3b69e7d1]" started-at="2020-10-19T16:27:17Z" name="beforeMethod" finished-at="2020-10-19T16:27:17Z" duration-ms="1" status="PASS">
          <params>
            <param index="0">
              <value>
                <![CDATA[public void com.qa.Testcase.Signinpage_test.signuplinkcheck()]]>
              </value>
            </param>
          </params>
          <reporter-output>
          </reporter-output>
        </test-method> <!-- beforeMethod -->
        <test-method signature="signuplinkcheck()[pri:3, instance:com.qa.Testcase.Signinpage_test@3b69e7d1]" started-at="2020-10-19T16:27:17Z" name="signuplinkcheck" finished-at="2020-10-19T16:27:17Z" duration-ms="511" status="PASS">
          <reporter-output>
          </reporter-output>
        </test-method> <!-- signuplinkcheck -->
        <test-method is-config="true" signature="beforeMethod(java.lang.reflect.Method)[pri:0, instance:com.qa.Testcase.Signinpage_test@3b69e7d1]" started-at="2020-10-19T16:27:17Z" name="beforeMethod" finished-at="2020-10-19T16:27:17Z" duration-ms="1" status="PASS">
          <params>
            <param index="0">
              <value>
                <![CDATA[public void com.qa.Testcase.Signinpage_test.emptysigin()]]>
              </value>
            </param>
          </params>
          <reporter-output>
          </reporter-output>
        </test-method> <!-- beforeMethod -->
        <test-method signature="emptysigin()[pri:4, instance:com.qa.Testcase.Signinpage_test@3b69e7d1]" started-at="2020-10-19T16:27:17Z" name="emptysigin" finished-at="2020-10-19T16:27:17Z" duration-ms="142" status="PASS">
          <reporter-output>
          </reporter-output>
        </test-method> <!-- emptysigin -->
        <test-method is-config="true" signature="beforeMethod(java.lang.reflect.Method)[pri:0, instance:com.qa.Testcase.Signinpage_test@3b69e7d1]" started-at="2020-10-19T16:27:17Z" name="beforeMethod" finished-at="2020-10-19T16:27:17Z" duration-ms="2" status="PASS">
          <params>
            <param index="0">
              <value>
                <![CDATA[public void com.qa.Testcase.Signinpage_test.mobonlysigin()]]>
              </value>
            </param>
          </params>
          <reporter-output>
          </reporter-output>
        </test-method> <!-- beforeMethod -->
        <test-method signature="mobonlysigin()[pri:5, instance:com.qa.Testcase.Signinpage_test@3b69e7d1]" started-at="2020-10-19T16:27:17Z" name="mobonlysigin" finished-at="2020-10-19T16:27:17Z" duration-ms="187" status="PASS">
          <reporter-output>
          </reporter-output>
        </test-method> <!-- mobonlysigin -->
        <test-method is-config="true" signature="beforeMethod(java.lang.reflect.Method)[pri:0, instance:com.qa.Testcase.Signinpage_test@3b69e7d1]" started-at="2020-10-19T16:27:17Z" name="beforeMethod" finished-at="2020-10-19T16:27:18Z" duration-ms="2" status="PASS">
          <params>
            <param index="0">
              <value>
                <![CDATA[public void com.qa.Testcase.Signinpage_test.pwdonlysigin()]]>
              </value>
            </param>
          </params>
          <reporter-output>
          </reporter-output>
        </test-method> <!-- beforeMethod -->
        <test-method signature="pwdonlysigin()[pri:6, instance:com.qa.Testcase.Signinpage_test@3b69e7d1]" started-at="2020-10-19T16:27:18Z" name="pwdonlysigin" finished-at="2020-10-19T16:27:18Z" duration-ms="323" status="PASS">
          <reporter-output>
          </reporter-output>
        </test-method> <!-- pwdonlysigin -->
        <test-method is-config="true" signature="beforeMethod(java.lang.reflect.Method)[pri:0, instance:com.qa.Testcase.Signinpage_test@3b69e7d1]" started-at="2020-10-19T16:27:18Z" name="beforeMethod" finished-at="2020-10-19T16:27:18Z" duration-ms="1" status="PASS">
          <params>
            <param index="0">
              <value>
                <![CDATA[public void com.qa.Testcase.Signinpage_test.unregistereduser() throws java.lang.InterruptedException,java.awt.AWTException]]>
              </value>
            </param>
          </params>
          <reporter-output>
          </reporter-output>
        </test-method> <!-- beforeMethod -->
        <test-method signature="unregistereduser()[pri:7, instance:com.qa.Testcase.Signinpage_test@3b69e7d1]" started-at="2020-10-19T16:27:18Z" name="unregistereduser" finished-at="2020-10-19T16:27:20Z" duration-ms="2509" status="PASS">
          <reporter-output>
          </reporter-output>
        </test-method> <!-- unregistereduser -->
        <test-method is-config="true" signature="beforeMethod(java.lang.reflect.Method)[pri:0, instance:com.qa.Testcase.Signinpage_test@3b69e7d1]" started-at="2020-10-19T16:27:20Z" name="beforeMethod" finished-at="2020-10-19T16:27:20Z" duration-ms="1" status="PASS">
          <params>
            <param index="0">
              <value>
                <![CDATA[public void com.qa.Testcase.Signinpage_test.invalidpwd() throws java.awt.AWTException]]>
              </value>
            </param>
          </params>
          <reporter-output>
          </reporter-output>
        </test-method> <!-- beforeMethod -->
        <test-method signature="invalidpwd()[pri:8, instance:com.qa.Testcase.Signinpage_test@3b69e7d1]" started-at="2020-10-19T16:27:20Z" name="invalidpwd" finished-at="2020-10-19T16:27:23Z" duration-ms="2199" status="FAIL">
          <exception class="org.openqa.selenium.ElementClickInterceptedException">
            <message>
              <![CDATA[element click intercepted: Element <button class="login100-form-btn  login-submit" type="button">...</button> is not clickable at point (320, 630). Other element would receive the click: <div class="sweet-overlay" tabindex="-1" style="opacity: 1; display: block;"></div>
  (Session info: chrome=85.0.4183.121)
Build info: version: '3.14.0', revision: 'aacccce0', time: '2018-08-02T20:19:58.91Z'
System info: host: 'MTCHNDT-UTHRAA', ip: '192.168.64.110', os.name: 'Windows 10', os.arch: 'amd64', os.version: '10.0', java.version: '11.0.8'
Driver info: org.openqa.selenium.chrome.ChromeDriver
Capabilities {acceptInsecureCerts: false, browserName: chrome, browserVersion: 85.0.4183.121, chrome: {chromedriverVersion: 85.0.4183.87 (cd6713ebf92fa..., userDataDir: C:\Users\UTHRAK~1.A\AppData...}, goog:chromeOptions: {debuggerAddress: localhost:17869}, javascriptEnabled: true, networkConnectionEnabled: false, pageLoadStrategy: normal, platform: WINDOWS, platformName: WINDOWS, proxy: Proxy(), setWindowRect: true, strictFileInteractability: false, timeouts: {implicit: 0, pageLoad: 300000, script: 30000}, unhandledPromptBehavior: dismiss and notify, webauthn:virtualAuthenticators: true}
Session ID: 9c7ad59361569272c2fd643a68dd3aaa]]>
            </message>
            <full-stacktrace>
              <![CDATA[org.openqa.selenium.ElementClickInterceptedException: element click intercepted: Element <button class="login100-form-btn  login-submit" type="button">...</button> is not clickable at point (320, 630). Other element would receive the click: <div class="sweet-overlay" tabindex="-1" style="opacity: 1; display: block;"></div>
  (Session info: chrome=85.0.4183.121)
Build info: version: '3.14.0', revision: 'aacccce0', time: '2018-08-02T20:19:58.91Z'
System info: host: 'MTCHNDT-UTHRAA', ip: '192.168.64.110', os.name: 'Windows 10', os.arch: 'amd64', os.version: '10.0', java.version: '11.0.8'
Driver info: org.openqa.selenium.chrome.ChromeDriver
Capabilities {acceptInsecureCerts: false, browserName: chrome, browserVersion: 85.0.4183.121, chrome: {chromedriverVersion: 85.0.4183.87 (cd6713ebf92fa..., userDataDir: C:\Users\UTHRAK~1.A\AppData...}, goog:chromeOptions: {debuggerAddress: localhost:17869}, javascriptEnabled: true, networkConnectionEnabled: false, pageLoadStrategy: normal, platform: WINDOWS, platformName: WINDOWS, proxy: Proxy(), setWindowRect: true, strictFileInteractability: false, timeouts: {implicit: 0, pageLoad: 300000, script: 30000}, unhandledPromptBehavior: dismiss and notify, webauthn:virtualAuthenticators: true}
Session ID: 9c7ad59361569272c2fd643a68dd3aaa
	at java.base/jdk.internal.reflect.NativeConstructorAccessorImpl.newInstance0(Native Method)
	at java.base/jdk.internal.reflect.NativeConstructorAccessorImpl.newInstance(NativeConstructorAccessorImpl.java:62)
	at java.base/jdk.internal.reflect.DelegatingConstructorAccessorImpl.newInstance(DelegatingConstructorAccessorImpl.java:45)
	at java.base/java.lang.reflect.Constructor.newInstance(Constructor.java:490)
	at org.openqa.selenium.remote.http.W3CHttpResponseCodec.createException(W3CHttpResponseCodec.java:187)
	at org.openqa.selenium.remote.http.W3CHttpResponseCodec.decode(W3CHttpResponseCodec.java:122)
	at org.openqa.selenium.remote.http.W3CHttpResponseCodec.decode(W3CHttpResponseCodec.java:49)
	at org.openqa.selenium.remote.HttpCommandExecutor.execute(HttpCommandExecutor.java:158)
	at org.openqa.selenium.remote.service.DriverCommandExecutor.execute(DriverCommandExecutor.java:83)
	at org.openqa.selenium.remote.RemoteWebDriver.execute(RemoteWebDriver.java:548)
	at org.openqa.selenium.remote.RemoteWebElement.execute(RemoteWebElement.java:276)
	at org.openqa.selenium.remote.RemoteWebElement.click(RemoteWebElement.java:83)
	at jdk.internal.reflect.GeneratedMethodAccessor6.invoke(Unknown Source)
	at java.base/jdk.internal.reflect.DelegatingMethodAccessorImpl.invoke(DelegatingMethodAccessorImpl.java:43)
	at java.base/java.lang.reflect.Method.invoke(Method.java:566)
	at org.openqa.selenium.support.events.EventFiringWebDriver$EventFiringWebElement.lambda$new$0(EventFiringWebDriver.java:403)
	at com.sun.proxy.$Proxy13.click(Unknown Source)
	at org.openqa.selenium.support.events.EventFiringWebDriver$EventFiringWebElement.click(EventFiringWebDriver.java:416)
	at jdk.internal.reflect.GeneratedMethodAccessor6.invoke(Unknown Source)
	at java.base/jdk.internal.reflect.DelegatingMethodAccessorImpl.invoke(DelegatingMethodAccessorImpl.java:43)
	at java.base/java.lang.reflect.Method.invoke(Method.java:566)
	at org.openqa.selenium.support.pagefactory.internal.LocatingElementHandler.invoke(LocatingElementHandler.java:51)
	at com.sun.proxy.$Proxy12.click(Unknown Source)
	at com.qa.Base.TestBase.click(TestBase.java:97)
	at Pages.Signinpage.pressSignin(Signinpage.java:56)
	at com.qa.Testcase.Signinpage_test.invalidpwd(Signinpage_test.java:79)
	at java.base/jdk.internal.reflect.NativeMethodAccessorImpl.invoke0(Native Method)
	at java.base/jdk.internal.reflect.NativeMethodAccessorImpl.invoke(NativeMethodAccessorImpl.java:62)
	at java.base/jdk.internal.reflect.DelegatingMethodAccessorImpl.invoke(DelegatingMethodAccessorImpl.java:43)
	at java.base/java.lang.reflect.Method.invoke(Method.java:566)
	at org.testng.internal.MethodInvocationHelper.invokeMethod(MethodInvocationHelper.java:108)
	at org.testng.internal.Invoker.invokeMethod(Invoker.java:661)
	at org.testng.internal.Invoker.invokeTestMethod(Invoker.java:869)
	at org.testng.internal.Invoker.invokeTestMethods(Invoker.java:1193)
	at org.testng.internal.TestMethodWorker.invokeTestMethods(TestMethodWorker.java:126)
	at org.testng.internal.TestMethodWorker.run(TestMethodWorker.java:109)
	at org.testng.TestRunner.privateRun(TestRunner.java:744)
	at org.testng.TestRunner.run(TestRunner.java:602)
	at org.testng.SuiteRunner.runTest(SuiteRunner.java:380)
	at org.testng.SuiteRunner.runSequentially(SuiteRunner.java:375)
	at org.testng.SuiteRunner.privateRun(SuiteRunner.java:340)
	at org.testng.SuiteRunner.run(SuiteRunner.java:289)
	at org.testng.SuiteRunnerWorker.runSuite(SuiteRunnerWorker.java:52)
	at org.testng.SuiteRunnerWorker.run(SuiteRunnerWorker.java:86)
	at org.testng.TestNG.runSuitesSequentially(TestNG.java:1301)
	at org.testng.TestNG.runSuitesLocally(TestNG.java:1226)
	at org.testng.TestNG.runSuites(TestNG.java:1144)
	at org.testng.TestNG.run(TestNG.java:1115)
	at org.apache.maven.surefire.testng.TestNGExecutor.run(TestNGExecutor.java:281)
	at org.apache.maven.surefire.testng.TestNGXmlTestSuite.execute(TestNGXmlTestSuite.java:75)
	at org.apache.maven.surefire.testng.TestNGProvider.invoke(TestNGProvider.java:121)
	at org.apache.maven.surefire.booter.ForkedBooter.invokeProviderInSameClassLoader(ForkedBooter.java:290)
	at org.apache.maven.surefire.booter.ForkedBooter.runSuitesInProcess(ForkedBooter.java:242)
	at org.apache.maven.surefire.booter.ForkedBooter.main(ForkedBooter.java:121)
]]>
            </full-stacktrace>
          </exception> <!-- org.openqa.selenium.ElementClickInterceptedException -->
          <reporter-output>
          </reporter-output>
        </test-method> <!-- invalidpwd -->
        <test-method is-config="true" signature="beforeMethod(java.lang.reflect.Method)[pri:0, instance:com.qa.Testcase.Signinpage_test@3b69e7d1]" started-at="2020-10-19T16:27:23Z" name="beforeMethod" finished-at="2020-10-19T16:27:23Z" duration-ms="2" status="PASS">
          <params>
            <param index="0">
              <value>
                <![CDATA[public void com.qa.Testcase.Signinpage_test.Siginusingvalidinputs() throws java.lang.InterruptedException]]>
              </value>
            </param>
          </params>
          <reporter-output>
          </reporter-output>
        </test-method> <!-- beforeMethod -->
        <test-method signature="Siginusingvalidinputs()[pri:9, instance:com.qa.Testcase.Signinpage_test@3b69e7d1]" started-at="2020-10-19T16:27:23Z" name="Siginusingvalidinputs" finished-at="2020-10-19T16:27:24Z" duration-ms="1906" status="FAIL">
          <exception class="org.openqa.selenium.ElementClickInterceptedException">
            <message>
              <![CDATA[element click intercepted: Element <button class="login100-form-btn  login-submit" type="button">...</button> is not clickable at point (320, 630). Other element would receive the click: <div class="sweet-overlay" tabindex="-1" style="opacity: 1; display: block;"></div>
  (Session info: chrome=85.0.4183.121)
Build info: version: '3.14.0', revision: 'aacccce0', time: '2018-08-02T20:19:58.91Z'
System info: host: 'MTCHNDT-UTHRAA', ip: '192.168.64.110', os.name: 'Windows 10', os.arch: 'amd64', os.version: '10.0', java.version: '11.0.8'
Driver info: org.openqa.selenium.chrome.ChromeDriver
Capabilities {acceptInsecureCerts: false, browserName: chrome, browserVersion: 85.0.4183.121, chrome: {chromedriverVersion: 85.0.4183.87 (cd6713ebf92fa..., userDataDir: C:\Users\UTHRAK~1.A\AppData...}, goog:chromeOptions: {debuggerAddress: localhost:17869}, javascriptEnabled: true, networkConnectionEnabled: false, pageLoadStrategy: normal, platform: WINDOWS, platformName: WINDOWS, proxy: Proxy(), setWindowRect: true, strictFileInteractability: false, timeouts: {implicit: 0, pageLoad: 300000, script: 30000}, unhandledPromptBehavior: dismiss and notify, webauthn:virtualAuthenticators: true}
Session ID: 9c7ad59361569272c2fd643a68dd3aaa]]>
            </message>
            <full-stacktrace>
              <![CDATA[org.openqa.selenium.ElementClickInterceptedException: element click intercepted: Element <button class="login100-form-btn  login-submit" type="button">...</button> is not clickable at point (320, 630). Other element would receive the click: <div class="sweet-overlay" tabindex="-1" style="opacity: 1; display: block;"></div>
  (Session info: chrome=85.0.4183.121)
Build info: version: '3.14.0', revision: 'aacccce0', time: '2018-08-02T20:19:58.91Z'
System info: host: 'MTCHNDT-UTHRAA', ip: '192.168.64.110', os.name: 'Windows 10', os.arch: 'amd64', os.version: '10.0', java.version: '11.0.8'
Driver info: org.openqa.selenium.chrome.ChromeDriver
Capabilities {acceptInsecureCerts: false, browserName: chrome, browserVersion: 85.0.4183.121, chrome: {chromedriverVersion: 85.0.4183.87 (cd6713ebf92fa..., userDataDir: C:\Users\UTHRAK~1.A\AppData...}, goog:chromeOptions: {debuggerAddress: localhost:17869}, javascriptEnabled: true, networkConnectionEnabled: false, pageLoadStrategy: normal, platform: WINDOWS, platformName: WINDOWS, proxy: Proxy(), setWindowRect: true, strictFileInteractability: false, timeouts: {implicit: 0, pageLoad: 300000, script: 30000}, unhandledPromptBehavior: dismiss and notify, webauthn:virtualAuthenticators: true}
Session ID: 9c7ad59361569272c2fd643a68dd3aaa
	at java.base/jdk.internal.reflect.NativeConstructorAccessorImpl.newInstance0(Native Method)
	at java.base/jdk.internal.reflect.NativeConstructorAccessorImpl.newInstance(NativeConstructorAccessorImpl.java:62)
	at java.base/jdk.internal.reflect.DelegatingConstructorAccessorImpl.newInstance(DelegatingConstructorAccessorImpl.java:45)
	at java.base/java.lang.reflect.Constructor.newInstance(Constructor.java:490)
	at org.openqa.selenium.remote.http.W3CHttpResponseCodec.createException(W3CHttpResponseCodec.java:187)
	at org.openqa.selenium.remote.http.W3CHttpResponseCodec.decode(W3CHttpResponseCodec.java:122)
	at org.openqa.selenium.remote.http.W3CHttpResponseCodec.decode(W3CHttpResponseCodec.java:49)
	at org.openqa.selenium.remote.HttpCommandExecutor.execute(HttpCommandExecutor.java:158)
	at org.openqa.selenium.remote.service.DriverCommandExecutor.execute(DriverCommandExecutor.java:83)
	at org.openqa.selenium.remote.RemoteWebDriver.execute(RemoteWebDriver.java:548)
	at org.openqa.selenium.remote.RemoteWebElement.execute(RemoteWebElement.java:276)
	at org.openqa.selenium.remote.RemoteWebElement.click(RemoteWebElement.java:83)
	at jdk.internal.reflect.GeneratedMethodAccessor6.invoke(Unknown Source)
	at java.base/jdk.internal.reflect.DelegatingMethodAccessorImpl.invoke(DelegatingMethodAccessorImpl.java:43)
	at java.base/java.lang.reflect.Method.invoke(Method.java:566)
	at org.openqa.selenium.support.events.EventFiringWebDriver$EventFiringWebElement.lambda$new$0(EventFiringWebDriver.java:403)
	at com.sun.proxy.$Proxy13.click(Unknown Source)
	at org.openqa.selenium.support.events.EventFiringWebDriver$EventFiringWebElement.click(EventFiringWebDriver.java:416)
	at jdk.internal.reflect.GeneratedMethodAccessor6.invoke(Unknown Source)
	at java.base/jdk.internal.reflect.DelegatingMethodAccessorImpl.invoke(DelegatingMethodAccessorImpl.java:43)
	at java.base/java.lang.reflect.Method.invoke(Method.java:566)
	at org.openqa.selenium.support.pagefactory.internal.LocatingElementHandler.invoke(LocatingElementHandler.java:51)
	at com.sun.proxy.$Proxy12.click(Unknown Source)
	at com.qa.Base.TestBase.click(TestBase.java:97)
	at Pages.Signinpage.pressSignin(Signinpage.java:56)
	at com.qa.Testcase.Signinpage_test.Siginusingvalidinputs(Signinpage_test.java:89)
	at java.base/jdk.internal.reflect.NativeMethodAccessorImpl.invoke0(Native Method)
	at java.base/jdk.internal.reflect.NativeMethodAccessorImpl.invoke(NativeMethodAccessorImpl.java:62)
	at java.base/jdk.internal.reflect.DelegatingMethodAccessorImpl.invoke(DelegatingMethodAccessorImpl.java:43)
	at java.base/java.lang.reflect.Method.invoke(Method.java:566)
	at org.testng.internal.MethodInvocationHelper.invokeMethod(MethodInvocationHelper.java:108)
	at org.testng.internal.Invoker.invokeMethod(Invoker.java:661)
	at org.testng.internal.Invoker.invokeTestMethod(Invoker.java:869)
	at org.testng.internal.Invoker.invokeTestMethods(Invoker.java:1193)
	at org.testng.internal.TestMethodWorker.invokeTestMethods(TestMethodWorker.java:126)
	at org.testng.internal.TestMethodWorker.run(TestMethodWorker.java:109)
	at org.testng.TestRunner.privateRun(TestRunner.java:744)
	at org.testng.TestRunner.run(TestRunner.java:602)
	at org.testng.SuiteRunner.runTest(SuiteRunner.java:380)
	at org.testng.SuiteRunner.runSequentially(SuiteRunner.java:375)
	at org.testng.SuiteRunner.privateRun(SuiteRunner.java:340)
	at org.testng.SuiteRunner.run(SuiteRunner.java:289)
	at org.testng.SuiteRunnerWorker.runSuite(SuiteRunnerWorker.java:52)
	at org.testng.SuiteRunnerWorker.run(SuiteRunnerWorker.java:86)
	at org.testng.TestNG.runSuitesSequentially(TestNG.java:1301)
	at org.testng.TestNG.runSuitesLocally(TestNG.java:1226)
	at org.testng.TestNG.runSuites(TestNG.java:1144)
	at org.testng.TestNG.run(TestNG.java:1115)
	at org.apache.maven.surefire.testng.TestNGExecutor.run(TestNGExecutor.java:281)
	at org.apache.maven.surefire.testng.TestNGXmlTestSuite.execute(TestNGXmlTestSuite.java:75)
	at org.apache.maven.surefire.testng.TestNGProvider.invoke(TestNGProvider.java:121)
	at org.apache.maven.surefire.booter.ForkedBooter.invokeProviderInSameClassLoader(ForkedBooter.java:290)
	at org.apache.maven.surefire.booter.ForkedBooter.runSuitesInProcess(ForkedBooter.java:242)
	at org.apache.maven.surefire.booter.ForkedBooter.main(ForkedBooter.java:121)
]]>
            </full-stacktrace>
          </exception> <!-- org.openqa.selenium.ElementClickInterceptedException -->
          <reporter-output>
          </reporter-output>
        </test-method> <!-- Siginusingvalidinputs -->
        <test-method is-config="true" signature="beforeMethod(java.lang.reflect.Method)[pri:0, instance:com.qa.Testcase.Signinpage_test@3b69e7d1]" started-at="2020-10-19T16:27:24Z" name="beforeMethod" finished-at="2020-10-19T16:27:24Z" duration-ms="2" status="PASS">
          <params>
            <param index="0">
              <value>
                <![CDATA[public void com.qa.Testcase.Signinpage_test.logout() throws java.lang.InterruptedException]]>
              </value>
            </param>
          </params>
          <reporter-output>
          </reporter-output>
        </test-method> <!-- beforeMethod -->
        <test-method signature="logout()[pri:10, instance:com.qa.Testcase.Signinpage_test@3b69e7d1]" started-at="2020-10-19T16:27:24Z" name="logout" finished-at="2020-10-19T16:27:56Z" duration-ms="31093" status="PASS">
          <reporter-output>
          </reporter-output>
        </test-method> <!-- logout -->
        <test-method is-config="true" signature="tearDown()[pri:0, instance:com.qa.Testcase.Signinpage_test@3b69e7d1]" started-at="2020-10-19T16:27:56Z" name="tearDown" finished-at="2020-10-19T16:27:57Z" duration-ms="1225" status="PASS">
          <reporter-output>
          </reporter-output>
        </test-method> <!-- tearDown -->
      </class> <!-- com.qa.Testcase.Signinpage_test -->
    </test> <!-- SIGNIN -->
    <test started-at="2020-10-19T10:57:57Z" name="HOME" finished-at="2020-10-19T11:00:23Z" duration-ms="145739">
      <class name="com.qa.Testcase.Homepage_test">
        <test-method is-config="true" signature="initialization()[pri:0, instance:com.qa.Testcase.Homepage_test@1f2586d6]" started-at="2020-10-19T16:27:57Z" name="initialization" finished-at="2020-10-19T16:28:12Z" duration-ms="15518" status="PASS">
          <reporter-output>
          </reporter-output>
        </test-method> <!-- initialization -->
        <test-method is-config="true" signature="beforeMethod(java.lang.reflect.Method)[pri:0, instance:com.qa.Testcase.Homepage_test@1f2586d6]" started-at="2020-10-19T16:28:12Z" name="beforeMethod" finished-at="2020-10-19T16:28:12Z" duration-ms="2" status="PASS">
          <params>
            <param index="0">
              <value>
                <![CDATA[public void com.qa.Testcase.Homepage_test.Sigin() throws java.lang.InterruptedException]]>
              </value>
            </param>
          </params>
          <reporter-output>
          </reporter-output>
        </test-method> <!-- beforeMethod -->
        <test-method signature="Sigin()[pri:1, instance:com.qa.Testcase.Homepage_test@1f2586d6]" started-at="2020-10-19T16:28:12Z" name="Sigin" finished-at="2020-10-19T16:28:20Z" duration-ms="7597" status="PASS">
          <reporter-output>
          </reporter-output>
        </test-method> <!-- Sigin -->
        <test-method is-config="true" signature="beforeMethod(java.lang.reflect.Method)[pri:0, instance:com.qa.Testcase.Homepage_test@1f2586d6]" started-at="2020-10-19T16:28:20Z" name="beforeMethod" finished-at="2020-10-19T16:28:20Z" duration-ms="7" status="PASS">
          <params>
            <param index="0">
              <value>
                <![CDATA[public void com.qa.Testcase.Homepage_test.attenttestone()]]>
              </value>
            </param>
          </params>
          <reporter-output>
          </reporter-output>
        </test-method> <!-- beforeMethod -->
        <test-method signature="attenttestone()[pri:2, instance:com.qa.Testcase.Homepage_test@1f2586d6]" started-at="2020-10-19T16:28:20Z" name="attenttestone" finished-at="2020-10-19T16:28:25Z" duration-ms="4585" status="PASS">
          <reporter-output>
          </reporter-output>
        </test-method> <!-- attenttestone -->
        <test-method is-config="true" signature="beforeMethod(java.lang.reflect.Method)[pri:0, instance:com.qa.Testcase.Homepage_test@1f2586d6]" started-at="2020-10-19T16:28:25Z" name="beforeMethod" finished-at="2020-10-19T16:28:25Z" duration-ms="2" status="PASS">
          <params>
            <param index="0">
              <value>
                <![CDATA[public void com.qa.Testcase.Homepage_test.latest()]]>
              </value>
            </param>
          </params>
          <reporter-output>
          </reporter-output>
        </test-method> <!-- beforeMethod -->
        <test-method signature="latest()[pri:3, instance:com.qa.Testcase.Homepage_test@1f2586d6]" started-at="2020-10-19T16:28:25Z" name="latest" finished-at="2020-10-19T16:28:27Z" duration-ms="2215" status="PASS">
          <reporter-output>
          </reporter-output>
        </test-method> <!-- latest -->
        <test-method is-config="true" signature="beforeMethod(java.lang.reflect.Method)[pri:0, instance:com.qa.Testcase.Homepage_test@1f2586d6]" started-at="2020-10-19T16:28:27Z" name="beforeMethod" finished-at="2020-10-19T16:28:27Z" duration-ms="2" status="PASS">
          <params>
            <param index="0">
              <value>
                <![CDATA[public void com.qa.Testcase.Homepage_test.recentActivities() throws java.lang.InterruptedException]]>
              </value>
            </param>
          </params>
          <reporter-output>
          </reporter-output>
        </test-method> <!-- beforeMethod -->
        <test-method signature="recentActivities()[pri:4, instance:com.qa.Testcase.Homepage_test@1f2586d6]" started-at="2020-10-19T16:28:27Z" name="recentActivities" finished-at="2020-10-19T16:30:19Z" duration-ms="111883" status="PASS">
          <reporter-output>
          </reporter-output>
        </test-method> <!-- recentActivities -->
        <test-method is-config="true" signature="beforeMethod(java.lang.reflect.Method)[pri:0, instance:com.qa.Testcase.Homepage_test@1f2586d6]" started-at="2020-10-19T16:30:19Z" name="beforeMethod" finished-at="2020-10-19T16:30:19Z" duration-ms="2" status="PASS">
          <params>
            <param index="0">
              <value>
                <![CDATA[public void com.qa.Testcase.Homepage_test.logout() throws java.lang.InterruptedException]]>
              </value>
            </param>
          </params>
          <reporter-output>
          </reporter-output>
        </test-method> <!-- beforeMethod -->
        <test-method signature="logout()[pri:5, instance:com.qa.Testcase.Homepage_test@1f2586d6]" started-at="2020-10-19T16:30:19Z" name="logout" finished-at="2020-10-19T16:30:22Z" duration-ms="3124" status="PASS">
          <reporter-output>
          </reporter-output>
        </test-method> <!-- logout -->
        <test-method is-config="true" signature="tearDown()[pri:0, instance:com.qa.Testcase.Homepage_test@1f2586d6]" started-at="2020-10-19T16:30:22Z" name="tearDown" finished-at="2020-10-19T16:30:23Z" duration-ms="799" status="PASS">
          <reporter-output>
          </reporter-output>
        </test-method> <!-- tearDown -->
      </class> <!-- com.qa.Testcase.Homepage_test -->
    </test> <!-- HOME -->
    <test started-at="2020-10-19T11:00:23Z" name="TEST" finished-at="2020-10-19T11:00:41Z" duration-ms="18354">
      <class name="com.qa.Testcase.Test_test">
        <test-method is-config="true" signature="initialization()[pri:0, instance:com.qa.Testcase.Test_test@fbd1f6]" started-at="2020-10-19T16:30:23Z" name="initialization" finished-at="2020-10-19T16:30:33Z" duration-ms="9999" status="PASS">
          <reporter-output>
          </reporter-output>
        </test-method> <!-- initialization -->
        <test-method is-config="true" signature="beforeMethod(java.lang.reflect.Method)[pri:0, instance:com.qa.Testcase.Test_test@fbd1f6]" started-at="2020-10-19T16:30:33Z" name="beforeMethod" finished-at="2020-10-19T16:30:33Z" duration-ms="2" status="PASS">
          <params>
            <param index="0">
              <value>
                <![CDATA[public void com.qa.Testcase.Test_test.Sigin() throws java.lang.InterruptedException]]>
              </value>
            </param>
          </params>
          <reporter-output>
          </reporter-output>
        </test-method> <!-- beforeMethod -->
        <test-method signature="Sigin()[pri:1, instance:com.qa.Testcase.Test_test@fbd1f6]" started-at="2020-10-19T16:30:33Z" name="Sigin" finished-at="2020-10-19T16:30:39Z" duration-ms="6130" status="PASS">
          <reporter-output>
          </reporter-output>
        </test-method> <!-- Sigin -->
        <test-method is-config="true" signature="beforeMethod(java.lang.reflect.Method)[pri:0, instance:com.qa.Testcase.Test_test@fbd1f6]" started-at="2020-10-19T16:30:39Z" name="beforeMethod" finished-at="2020-10-19T16:30:39Z" duration-ms="1" status="PASS">
          <params>
            <param index="0">
              <value>
                <![CDATA[public void com.qa.Testcase.Test_test.attendtest1_1() throws java.lang.InterruptedException]]>
              </value>
            </param>
          </params>
          <reporter-output>
          </reporter-output>
        </test-method> <!-- beforeMethod -->
        <test-method signature="attendtest1_1()[pri:2, instance:com.qa.Testcase.Test_test@fbd1f6]" started-at="2020-10-19T16:30:39Z" name="attendtest1_1" finished-at="2020-10-19T16:30:39Z" duration-ms="0" status="FAIL">
          <exception class="java.lang.NullPointerException">
            <full-stacktrace>
              <![CDATA[java.lang.NullPointerException
	at com.qa.Base.TestBase.exceptedcondition(TestBase.java:89)
	at com.qa.Testcase.Test_test.attendtest1_1(Test_test.java:40)
	at java.base/jdk.internal.reflect.NativeMethodAccessorImpl.invoke0(Native Method)
	at java.base/jdk.internal.reflect.NativeMethodAccessorImpl.invoke(NativeMethodAccessorImpl.java:62)
	at java.base/jdk.internal.reflect.DelegatingMethodAccessorImpl.invoke(DelegatingMethodAccessorImpl.java:43)
	at java.base/java.lang.reflect.Method.invoke(Method.java:566)
	at org.testng.internal.MethodInvocationHelper.invokeMethod(MethodInvocationHelper.java:108)
	at org.testng.internal.Invoker.invokeMethod(Invoker.java:661)
	at org.testng.internal.Invoker.invokeTestMethod(Invoker.java:869)
	at org.testng.internal.Invoker.invokeTestMethods(Invoker.java:1193)
	at org.testng.internal.TestMethodWorker.invokeTestMethods(TestMethodWorker.java:126)
	at org.testng.internal.TestMethodWorker.run(TestMethodWorker.java:109)
	at org.testng.TestRunner.privateRun(TestRunner.java:744)
	at org.testng.TestRunner.run(TestRunner.java:602)
	at org.testng.SuiteRunner.runTest(SuiteRunner.java:380)
	at org.testng.SuiteRunner.runSequentially(SuiteRunner.java:375)
	at org.testng.SuiteRunner.privateRun(SuiteRunner.java:340)
	at org.testng.SuiteRunner.run(SuiteRunner.java:289)
	at org.testng.SuiteRunnerWorker.runSuite(SuiteRunnerWorker.java:52)
	at org.testng.SuiteRunnerWorker.run(SuiteRunnerWorker.java:86)
	at org.testng.TestNG.runSuitesSequentially(TestNG.java:1301)
	at org.testng.TestNG.runSuitesLocally(TestNG.java:1226)
	at org.testng.TestNG.runSuites(TestNG.java:1144)
	at org.testng.TestNG.run(TestNG.java:1115)
	at org.apache.maven.surefire.testng.TestNGExecutor.run(TestNGExecutor.java:281)
	at org.apache.maven.surefire.testng.TestNGXmlTestSuite.execute(TestNGXmlTestSuite.java:75)
	at org.apache.maven.surefire.testng.TestNGProvider.invoke(TestNGProvider.java:121)
	at org.apache.maven.surefire.booter.ForkedBooter.invokeProviderInSameClassLoader(ForkedBooter.java:290)
	at org.apache.maven.surefire.booter.ForkedBooter.runSuitesInProcess(ForkedBooter.java:242)
	at org.apache.maven.surefire.booter.ForkedBooter.main(ForkedBooter.java:121)
]]>
            </full-stacktrace>
          </exception> <!-- java.lang.NullPointerException -->
          <reporter-output>
          </reporter-output>
        </test-method> <!-- attendtest1_1 -->
        <test-method is-config="true" signature="beforeMethod(java.lang.reflect.Method)[pri:0, instance:com.qa.Testcase.Test_test@fbd1f6]" started-at="2020-10-19T16:30:39Z" name="beforeMethod" finished-at="2020-10-19T16:30:39Z" duration-ms="2" status="PASS">
          <params>
            <param index="0">
              <value>
                <![CDATA[public void com.qa.Testcase.Test_test.attendtest1_2() throws java.lang.InterruptedException]]>
              </value>
            </param>
          </params>
          <reporter-output>
          </reporter-output>
        </test-method> <!-- beforeMethod -->
        <test-method signature="attendtest1_2()[pri:3, instance:com.qa.Testcase.Test_test@fbd1f6]" started-at="2020-10-19T16:30:39Z" name="attendtest1_2" finished-at="2020-10-19T16:30:39Z" duration-ms="0" status="FAIL">
          <exception class="java.lang.NullPointerException">
            <full-stacktrace>
              <![CDATA[java.lang.NullPointerException
	at com.qa.Base.TestBase.exceptedcondition(TestBase.java:89)
	at com.qa.Testcase.Test_test.attendtest1_2(Test_test.java:60)
	at java.base/jdk.internal.reflect.NativeMethodAccessorImpl.invoke0(Native Method)
	at java.base/jdk.internal.reflect.NativeMethodAccessorImpl.invoke(NativeMethodAccessorImpl.java:62)
	at java.base/jdk.internal.reflect.DelegatingMethodAccessorImpl.invoke(DelegatingMethodAccessorImpl.java:43)
	at java.base/java.lang.reflect.Method.invoke(Method.java:566)
	at org.testng.internal.MethodInvocationHelper.invokeMethod(MethodInvocationHelper.java:108)
	at org.testng.internal.Invoker.invokeMethod(Invoker.java:661)
	at org.testng.internal.Invoker.invokeTestMethod(Invoker.java:869)
	at org.testng.internal.Invoker.invokeTestMethods(Invoker.java:1193)
	at org.testng.internal.TestMethodWorker.invokeTestMethods(TestMethodWorker.java:126)
	at org.testng.internal.TestMethodWorker.run(TestMethodWorker.java:109)
	at org.testng.TestRunner.privateRun(TestRunner.java:744)
	at org.testng.TestRunner.run(TestRunner.java:602)
	at org.testng.SuiteRunner.runTest(SuiteRunner.java:380)
	at org.testng.SuiteRunner.runSequentially(SuiteRunner.java:375)
	at org.testng.SuiteRunner.privateRun(SuiteRunner.java:340)
	at org.testng.SuiteRunner.run(SuiteRunner.java:289)
	at org.testng.SuiteRunnerWorker.runSuite(SuiteRunnerWorker.java:52)
	at org.testng.SuiteRunnerWorker.run(SuiteRunnerWorker.java:86)
	at org.testng.TestNG.runSuitesSequentially(TestNG.java:1301)
	at org.testng.TestNG.runSuitesLocally(TestNG.java:1226)
	at org.testng.TestNG.runSuites(TestNG.java:1144)
	at org.testng.TestNG.run(TestNG.java:1115)
	at org.apache.maven.surefire.testng.TestNGExecutor.run(TestNGExecutor.java:281)
	at org.apache.maven.surefire.testng.TestNGXmlTestSuite.execute(TestNGXmlTestSuite.java:75)
	at org.apache.maven.surefire.testng.TestNGProvider.invoke(TestNGProvider.java:121)
	at org.apache.maven.surefire.booter.ForkedBooter.invokeProviderInSameClassLoader(ForkedBooter.java:290)
	at org.apache.maven.surefire.booter.ForkedBooter.runSuitesInProcess(ForkedBooter.java:242)
	at org.apache.maven.surefire.booter.ForkedBooter.main(ForkedBooter.java:121)
]]>
            </full-stacktrace>
          </exception> <!-- java.lang.NullPointerException -->
          <reporter-output>
          </reporter-output>
        </test-method> <!-- attendtest1_2 -->
        <test-method is-config="true" signature="beforeMethod(java.lang.reflect.Method)[pri:0, instance:com.qa.Testcase.Test_test@fbd1f6]" started-at="2020-10-19T16:30:39Z" name="beforeMethod" finished-at="2020-10-19T16:30:39Z" duration-ms="2" status="PASS">
          <params>
            <param index="0">
              <value>
                <![CDATA[public void com.qa.Testcase.Test_test.attendtest1_3() throws java.lang.InterruptedException]]>
              </value>
            </param>
          </params>
          <reporter-output>
          </reporter-output>
        </test-method> <!-- beforeMethod -->
        <test-method signature="attendtest1_3()[pri:4, instance:com.qa.Testcase.Test_test@fbd1f6]" started-at="2020-10-19T16:30:39Z" name="attendtest1_3" finished-at="2020-10-19T16:30:39Z" duration-ms="0" status="FAIL">
          <exception class="java.lang.NullPointerException">
            <full-stacktrace>
              <![CDATA[java.lang.NullPointerException
	at com.qa.Base.TestBase.exceptedcondition(TestBase.java:89)
	at com.qa.Testcase.Test_test.attendtest1_3(Test_test.java:79)
	at java.base/jdk.internal.reflect.NativeMethodAccessorImpl.invoke0(Native Method)
	at java.base/jdk.internal.reflect.NativeMethodAccessorImpl.invoke(NativeMethodAccessorImpl.java:62)
	at java.base/jdk.internal.reflect.DelegatingMethodAccessorImpl.invoke(DelegatingMethodAccessorImpl.java:43)
	at java.base/java.lang.reflect.Method.invoke(Method.java:566)
	at org.testng.internal.MethodInvocationHelper.invokeMethod(MethodInvocationHelper.java:108)
	at org.testng.internal.Invoker.invokeMethod(Invoker.java:661)
	at org.testng.internal.Invoker.invokeTestMethod(Invoker.java:869)
	at org.testng.internal.Invoker.invokeTestMethods(Invoker.java:1193)
	at org.testng.internal.TestMethodWorker.invokeTestMethods(TestMethodWorker.java:126)
	at org.testng.internal.TestMethodWorker.run(TestMethodWorker.java:109)
	at org.testng.TestRunner.privateRun(TestRunner.java:744)
	at org.testng.TestRunner.run(TestRunner.java:602)
	at org.testng.SuiteRunner.runTest(SuiteRunner.java:380)
	at org.testng.SuiteRunner.runSequentially(SuiteRunner.java:375)
	at org.testng.SuiteRunner.privateRun(SuiteRunner.java:340)
	at org.testng.SuiteRunner.run(SuiteRunner.java:289)
	at org.testng.SuiteRunnerWorker.runSuite(SuiteRunnerWorker.java:52)
	at org.testng.SuiteRunnerWorker.run(SuiteRunnerWorker.java:86)
	at org.testng.TestNG.runSuitesSequentially(TestNG.java:1301)
	at org.testng.TestNG.runSuitesLocally(TestNG.java:1226)
	at org.testng.TestNG.runSuites(TestNG.java:1144)
	at org.testng.TestNG.run(TestNG.java:1115)
	at org.apache.maven.surefire.testng.TestNGExecutor.run(TestNGExecutor.java:281)
	at org.apache.maven.surefire.testng.TestNGXmlTestSuite.execute(TestNGXmlTestSuite.java:75)
	at org.apache.maven.surefire.testng.TestNGProvider.invoke(TestNGProvider.java:121)
	at org.apache.maven.surefire.booter.ForkedBooter.invokeProviderInSameClassLoader(ForkedBooter.java:290)
[...]
Capabilities {acceptInsecureCerts: false, browserName: chrome, browserVersion: 85.0.4183.121, chrome: {chromedriverVersion: 85.0.4183.87 (cd6713ebf92fa..., userDataDir: C:\Users\UTHRAK~1.A\AppData...}, goog:chromeOptions: {debuggerAddress: localhost:19036}, javascriptEnabled: true, networkConnectionEnabled: false, pageLoadStrategy: normal, platform: WINDOWS, platformName: WINDOWS, proxy: Proxy(), setWindowRect: true, strictFileInteractability: false, timeouts: {implicit: 0, pageLoad: 300000, script: 30000}, unhandledPromptBehavior: dismiss and notify, webauthn:virtualAuthenticators: true}
Session ID: 4e3261fcbafb395259e94b1c5c6b543c
	at java.base/jdk.internal.reflect.NativeConstructorAccessorImpl.newInstance0(Native Method)
	at java.base/jdk.internal.reflect.NativeConstructorAccessorImpl.newInstance(NativeConstructorAccessorImpl.java:62)
	at java.base/jdk.internal.reflect.DelegatingConstructorAccessorImpl.newInstance(DelegatingConstructorAccessorImpl.java:45)
	at java.base/java.lang.reflect.Constructor.newInstance(Constructor.java:490)
	at org.openqa.selenium.remote.http.W3CHttpResponseCodec.createException(W3CHttpResponseCodec.java:187)
	at org.openqa.selenium.remote.http.W3CHttpResponseCodec.decode(W3CHttpResponseCodec.java:122)
	at org.openqa.selenium.remote.http.W3CHttpResponseCodec.decode(W3CHttpResponseCodec.java:49)
	at org.openqa.selenium.remote.HttpCommandExecutor.execute(HttpCommandExecutor.java:158)
	at org.openqa.selenium.remote.service.DriverCommandExecutor.execute(DriverCommandExecutor.java:83)
	at org.openqa.selenium.remote.RemoteWebDriver.execute(RemoteWebDriver.java:548)
	at org.openqa.selenium.remote.RemoteWebElement.execute(RemoteWebElement.java:276)
	at org.openqa.selenium.remote.RemoteWebElement.click(RemoteWebElement.java:83)
	at jdk.internal.reflect.GeneratedMethodAccessor6.invoke(Unknown Source)
	at java.base/jdk.internal.reflect.DelegatingMethodAccessorImpl.invoke(DelegatingMethodAccessorImpl.java:43)
	at java.base/java.lang.reflect.Method.invoke(Method.java:566)
	at org.openqa.selenium.support.events.EventFiringWebDriver$EventFiringWebElement.lambda$new$0(EventFiringWebDriver.java:403)
	at com.sun.proxy.$Proxy13.click(Unknown Source)
	at org.openqa.selenium.support.events.EventFiringWebDriver$EventFiringWebElement.click(EventFiringWebDriver.java:416)
	at jdk.internal.reflect.GeneratedMethodAccessor6.invoke(Unknown Source)
	at java.base/jdk.internal.reflect.DelegatingMethodAccessorImpl.invoke(DelegatingMethodAccessorImpl.java:43)
	at java.base/java.lang.reflect.Method.invoke(Method.java:566)
	at org.openqa.selenium.support.pagefactory.internal.LocatingElementHandler.invoke(LocatingElementHandler.java:51)
	at com.sun.proxy.$Proxy12.click(Unknown Source)
	at com.qa.Base.TestBase.click(TestBase.java:97)
	at Pages.Contactuspage.pressSubmitbutton(Contactuspage.java:45)
	at com.qa.Testcase.Contactuspage_test.invalidEmail(Contactuspage_test.java:71)
	at java.base/jdk.internal.reflect.NativeMethodAccessorImpl.invoke0(Native Method)
	at java.base/jdk.internal.reflect.NativeMethodAccessorImpl.invoke(NativeMethodAccessorImpl.java:62)
	at java.base/jdk.internal.reflect.DelegatingMethodAccessorImpl.invoke(DelegatingMethodAccessorImpl.java:43)
	at java.base/java.lang.reflect.Method.invoke(Method.java:566)
	at org.testng.internal.MethodInvocationHelper.invokeMethod(MethodInvocationHelper.java:108)
	at org.testng.internal.Invoker.invokeMethod(Invoker.java:661)
	at org.testng.internal.Invoker.invokeTestMethod(Invoker.java:869)
	at org.testng.internal.Invoker.invokeTestMethods(Invoker.java:1193)
	at org.testng.internal.TestMethodWorker.invokeTestMethods(TestMethodWorker.java:126)
	at org.testng.internal.TestMethodWorker.run(TestMethodWorker.java:109)
	at org.testng.TestRunner.privateRun(TestRunner.java:744)
	at org.testng.TestRunner.run(TestRunner.java:602)
	at org.testng.SuiteRunner.runTest(SuiteRunner.java:380)
	at org.testng.SuiteRunner.runSequentially(SuiteRunner.java:375)
	at org.testng.SuiteRunner.privateRun(SuiteRunner.java:340)
	at org.testng.SuiteRunner.run(SuiteRunner.java:289)
	at org.testng.SuiteRunnerWorker.runSuite(SuiteRunnerWorker.java:52)
	at org.testng.SuiteRunnerWorker.run(SuiteRunnerWorker.java:86)
	at org.testng.TestNG.runSuitesSequentially(TestNG.java:1301)
	at org.testng.TestNG.runSuitesLocally(TestNG.java:1226)
	at org.testng.TestNG.runSuites(TestNG.java:1144)
	at org.testng.TestNG.run(TestNG.java:1115)
	at org.apache.maven.surefire.testng.TestNGExecutor.run(TestNGExecutor.java:281)
	at org.apache.maven.surefire.testng.TestNGXmlTestSuite.execute(TestNGXmlTestSuite.java:75)
	at org.apache.maven.surefire.testng.TestNGProvider.invoke(TestNGProvider.java:121)
	at org.apache.maven.surefire.booter.ForkedBooter.invokeProviderInSameClassLoader(ForkedBooter.java:290)
	at org.apache.maven.surefire.booter.ForkedBooter.runSuitesInProcess(ForkedBooter.java:242)
	at org.apache.maven.surefire.booter.ForkedBooter.main(ForkedBooter.java:121)
]]>
            </full-stacktrace>
          </exception> <!-- org.openqa.selenium.ElementClickInterceptedException -->
          <reporter-output>
          </reporter-output>
        </test-method> <!-- invalidEmail -->
        <test-method is-config="true" signature="beforeMethod(java.lang.reflect.Method)[pri:0, instance:com.qa.Testcase.Contactuspage_test@37ceb1df]" started-at="2020-10-19T16:36:48Z" name="beforeMethod" finished-at="2020-10-19T16:36:48Z" duration-ms="2" status="PASS">
          <params>
            <param index="0">
              <value>
                <![CDATA[public void com.qa.Testcase.Contactuspage_test.sendcontactus() throws java.awt.AWTException,java.awt.AWTException]]>
              </value>
            </param>
          </params>
          <reporter-output>
          </reporter-output>
        </test-method> <!-- beforeMethod -->
        <test-method signature="sendcontactus()[pri:6, instance:com.qa.Testcase.Contactuspage_test@37ceb1df]" started-at="2020-10-19T16:36:48Z" name="sendcontactus" finished-at="2020-10-19T16:36:50Z" duration-ms="1946" status="FAIL">
          <exception class="org.openqa.selenium.ElementClickInterceptedException">
            <message>
              <![CDATA[element click intercepted: Element <button class="login100-form-btn" type="button" id="contact_us_button">...</button> is not clickable at point (564, 655). Other element would receive the click: <div class="sweet-overlay" tabindex="-1" style="opacity: 1.03; display: block;"></div>
  (Session info: chrome=85.0.4183.121)
Build info: version: '3.14.0', revision: 'aacccce0', time: '2018-08-02T20:19:58.91Z'
System info: host: 'MTCHNDT-UTHRAA', ip: '192.168.64.110', os.name: 'Windows 10', os.arch: 'amd64', os.version: '10.0', java.version: '11.0.8'
Driver info: org.openqa.selenium.chrome.ChromeDriver
Capabilities {acceptInsecureCerts: false, browserName: chrome, browserVersion: 85.0.4183.121, chrome: {chromedriverVersion: 85.0.4183.87 (cd6713ebf92fa..., userDataDir: C:\Users\UTHRAK~1.A\AppData...}, goog:chromeOptions: {debuggerAddress: localhost:19036}, javascriptEnabled: true, networkConnectionEnabled: false, pageLoadStrategy: normal, platform: WINDOWS, platformName: WINDOWS, proxy: Proxy(), setWindowRect: true, strictFileInteractability: false, timeouts: {implicit: 0, pageLoad: 300000, script: 30000}, unhandledPromptBehavior: dismiss and notify, webauthn:virtualAuthenticators: true}
Session ID: 4e3261fcbafb395259e94b1c5c6b543c]]>
            </message>
            <full-stacktrace>
              <![CDATA[org.openqa.selenium.ElementClickInterceptedException: element click intercepted: Element <button class="login100-form-btn" type="button" id="contact_us_button">...</button> is not clickable at point (564, 655). Other element would receive the click: <div class="sweet-overlay" tabindex="-1" style="opacity: 1.03; display: block;"></div>
  (Session info: chrome=85.0.4183.121)
Build info: version: '3.14.0', revision: 'aacccce0', time: '2018-08-02T20:19:58.91Z'
System info: host: 'MTCHNDT-UTHRAA', ip: '192.168.64.110', os.name: 'Windows 10', os.arch: 'amd64', os.version: '10.0', java.version: '11.0.8'
Driver info: org.openqa.selenium.chrome.ChromeDriver
Capabilities {acceptInsecureCerts: false, browserName: chrome, browserVersion: 85.0.4183.121, chrome: {chromedriverVersion: 85.0.4183.87 (cd6713ebf92fa..., userDataDir: C:\Users\UTHRAK~1.A\AppData...}, goog:chromeOptions: {debuggerAddress: localhost:19036}, javascriptEnabled: true, networkConnectionEnabled: false, pageLoadStrategy: normal, platform: WINDOWS, platformName: WINDOWS, proxy: Proxy(), setWindowRect: true, strictFileInteractability: false, timeouts: {implicit: 0, pageLoad: 300000, script: 30000}, unhandledPromptBehavior: dismiss and notify, webauthn:virtualAuthenticators: true}
Session ID: 4e3261fcbafb395259e94b1c5c6b543c
	at java.base/jdk.internal.reflect.NativeConstructorAccessorImpl.newInstance0(Native Method)
	at java.base/jdk.internal.reflect.NativeConstructorAccessorImpl.newInstance(NativeConstructorAccessorImpl.java:62)
	at java.base/jdk.internal.reflect.DelegatingConstructorAccessorImpl.newInstance(DelegatingConstructorAccessorImpl.java:45)
	at java.base/java.lang.reflect.Constructor.newInstance(Constructor.java:490)
	at org.openqa.selenium.remote.http.W3CHttpResponseCodec.createException(W3CHttpResponseCodec.java:187)
	at org.openqa.selenium.remote.http.W3CHttpResponseCodec.decode(W3CHttpResponseCodec.java:122)
	at org.openqa.selenium.remote.http.W3CHttpResponseCodec.decode(W3CHttpResponseCodec.java:49)
	at org.openqa.selenium.remote.HttpCommandExecutor.execute(HttpCommandExecutor.java:158)
	at org.openqa.selenium.remote.service.DriverCommandExecutor.execute(DriverCommandExecutor.java:83)
	at org.openqa.selenium.remote.RemoteWebDriver.execute(RemoteWebDriver.java:548)
	at org.openqa.selenium.remote.RemoteWebElement.execute(RemoteWebElement.java:276)
	at org.openqa.selenium.remote.RemoteWebElement.click(RemoteWebElement.java:83)
	at jdk.internal.reflect.GeneratedMethodAccessor6.invoke(Unknown Source)
	at java.base/jdk.internal.reflect.DelegatingMethodAccessorImpl.invoke(DelegatingMethodAccessorImpl.java:43)
	at java.base/java.lang.reflect.Method.invoke(Method.java:566)
	at org.openqa.selenium.support.events.EventFiringWebDriver$EventFiringWebElement.lambda$new$0(EventFiringWebDriver.java:403)
	at com.sun.proxy.$Proxy13.click(Unknown Source)
	at org.openqa.selenium.support.events.EventFiringWebDriver$EventFiringWebElement.click(EventFiringWebDriver.java:416)
	at jdk.internal.reflect.GeneratedMethodAccessor6.invoke(Unknown Source)
	at java.base/jdk.internal.reflect.DelegatingMethodAccessorImpl.invoke(DelegatingMethodAccessorImpl.java:43)
	at java.base/java.lang.reflect.Method.invoke(Method.java:566)
	at org.openqa.selenium.support.pagefactory.internal.LocatingElementHandler.invoke(LocatingElementHandler.java:51)
	at com.sun.proxy.$Proxy12.click(Unknown Source)
	at com.qa.Base.TestBase.click(TestBase.java:97)
	at Pages.Contactuspage.pressSubmitbutton(Contactuspage.java:45)
	at com.qa.Testcase.Contactuspage_test.sendcontactus(Contactuspage_test.java:81)
	at java.base/jdk.internal.reflect.NativeMethodAccessorImpl.invoke0(Native Method)
	at java.base/jdk.internal.reflect.NativeMethodAccessorImpl.invoke(NativeMethodAccessorImpl.java:62)
	at java.base/jdk.internal.reflect.DelegatingMethodAccessorImpl.invoke(DelegatingMethodAccessorImpl.java:43)
	at java.base/java.lang.reflect.Method.invoke(Method.java:566)
	at org.testng.internal.MethodInvocationHelper.invokeMethod(MethodInvocationHelper.java:108)
	at org.testng.internal.Invoker.invokeMethod(Invoker.java:661)
	at org.testng.internal.Invoker.invokeTestMethod(Invoker.java:869)
	at org.testng.internal.Invoker.invokeTestMethods(Invoker.java:1193)
	at org.testng.internal.TestMethodWorker.invokeTestMethods(TestMethodWorker.java:126)
	at org.testng.internal.TestMethodWorker.run(TestMethodWorker.java:109)
	at org.testng.TestRunner.privateRun(TestRunner.java:744)
	at org.testng.TestRunner.run(TestRunner.java:602)
	at org.testng.SuiteRunner.runTest(SuiteRunner.java:380)
	at org.testng.SuiteRunner.runSequentially(SuiteRunner.java:375)
	at org.testng.SuiteRunner.privateRun(SuiteRunner.java:340)
	at org.testng.SuiteRunner.run(SuiteRunner.java:289)
	at org.testng.SuiteRunnerWorker.runSuite(SuiteRunnerWorker.java:52)
	at org.testng.SuiteRunnerWorker.run(SuiteRunnerWorker.java:86)
	at org.testng.TestNG.runSuitesSequentially(TestNG.java:1301)
	at org.testng.TestNG.runSuitesLocally(TestNG.java:1226)
	at org.testng.TestNG.runSuites(TestNG.java:1144)
	at org.testng.TestNG.run(TestNG.java:1115)
	at org.apache.maven.surefire.testng.TestNGExecutor.run(TestNGExecutor.java:281)
	at org.apache.maven.surefire.testng.TestNGXmlTestSuite.execute(TestNGXmlTestSuite.java:75)
	at org.apache.maven.surefire.testng.TestNGProvider.invoke(TestNGProvider.java:121)
	at org.apache.maven.surefire.booter.ForkedBooter.invokeProviderInSameClassLoader(ForkedBooter.java:290)
	at org.apache.maven.surefire.booter.ForkedBooter.runSuitesInProcess(ForkedBooter.java:242)
	at org.apache.maven.surefire.booter.ForkedBooter.main(ForkedBooter.java:121)
]]>
            </full-stacktrace>
          </exception> <!-- org.openqa.selenium.ElementClickInterceptedException -->
          <reporter-output>
          </reporter-output>
        </test-method> <!-- sendcontactus -->
        <test-method is-config="true" signature="beforeMethod(java.lang.reflect.Method)[pri:0, instance:com.qa.Testcase.Contactuspage_test@37ceb1df]" started-at="2020-10-19T16:36:50Z" name="beforeMethod" finished-at="2020-10-19T16:36:50Z" duration-ms="2" status="PASS">
          <params>
            <param index="0">
              <value>
                <![CDATA[public void com.qa.Testcase.Contactuspage_test.logout() throws java.lang.InterruptedException]]>
              </value>
            </param>
          </params>
          <reporter-output>
          </reporter-output>
        </test-method> <!-- beforeMethod -->
        <test-method signature="logout()[pri:10, instance:com.qa.Testcase.Contactuspage_test@37ceb1df]" started-at="2020-10-19T16:36:50Z" name="logout" finished-at="2020-10-19T16:38:51Z" duration-ms="120781" status="FAIL">
          <exception class="org.openqa.selenium.TimeoutException">
            <message>
              <![CDATA[Expected condition failed: waiting for visibility of [[ChromeDriver: chrome on WINDOWS (4e3261fcbafb395259e94b1c5c6b543c)] -> xpath: //*[@id="accordion-menu"]/li[8]/a/span[2]] (tried for 120 second(s) with 500 milliseconds interval)
Build info: version: '3.14.0', revision: 'aacccce0', time: '2018-08-02T20:19:58.91Z'
System info: host: 'MTCHNDT-UTHRAA', ip: '192.168.64.110', os.name: 'Windows 10', os.arch: 'amd64', os.version: '10.0', java.version: '11.0.8'
Driver info: org.openqa.selenium.support.events.EventFiringWebDriver
Capabilities {acceptInsecureCerts: false, browserName: chrome, browserVersion: 85.0.4183.121, chrome: {chromedriverVersion: 85.0.4183.87 (cd6713ebf92fa..., userDataDir: C:\Users\UTHRAK~1.A\AppData...}, goog:chromeOptions: {debuggerAddress: localhost:19036}, javascriptEnabled: true, networkConnectionEnabled: false, pageLoadStrategy: normal, platform: WINDOWS, platformName: WINDOWS, proxy: Proxy(), setWindowRect: true, strictFileInteractability: false, timeouts: {implicit: 0, pageLoad: 300000, script: 30000}, unhandledPromptBehavior: dismiss and notify, webauthn:virtualAuthenticators: true}
Session ID: 4e3261fcbafb395259e94b1c5c6b543c]]>
            </message>
            <full-stacktrace>
              <![CDATA[org.openqa.selenium.TimeoutException: Expected condition failed: waiting for visibility of [[ChromeDriver: chrome on WINDOWS (4e3261fcbafb395259e94b1c5c6b543c)] -> xpath: //*[@id="accordion-menu"]/li[8]/a/span[2]] (tried for 120 second(s) with 500 milliseconds interval)
Build info: version: '3.14.0', revision: 'aacccce0', time: '2018-08-02T20:19:58.91Z'
System info: host: 'MTCHNDT-UTHRAA', ip: '192.168.64.110', os.name: 'Windows 10', os.arch: 'amd64', os.version: '10.0', java.version: '11.0.8'
Driver info: org.openqa.selenium.support.events.EventFiringWebDriver
Capabilities {acceptInsecureCerts: false, browserName: chrome, browserVersion: 85.0.4183.121, chrome: {chromedriverVersion: 85.0.4183.87 (cd6713ebf92fa..., userDataDir: C:\Users\UTHRAK~1.A\AppData...}, goog:chromeOptions: {debuggerAddress: localhost:19036}, javascriptEnabled: true, networkConnectionEnabled: false, pageLoadStrategy: normal, platform: WINDOWS, platformName: WINDOWS, proxy: Proxy(), setWindowRect: true, strictFileInteractability: false, timeouts: {implicit: 0, pageLoad: 300000, script: 30000}, unhandledPromptBehavior: dismiss and notify, webauthn:virtualAuthenticators: true}
Session ID: 4e3261fcbafb395259e94b1c5c6b543c
	at org.openqa.selenium.support.ui.WebDriverWait.timeoutException(WebDriverWait.java:113)
	at org.openqa.selenium.support.ui.FluentWait.until(FluentWait.java:283)
	at com.qa.Base.TestBase.waitForVisibility(TestBase.java:86)
	at com.qa.Base.TestBase.click(TestBase.java:96)
	at com.qa.Base.TestBase.elementtoeclickable(TestBase.java:130)
	at Pages.Homepage.logout(Homepage.java:76)
	at com.qa.Testcase.Contactuspage_test.logout(Contactuspage_test.java:91)
	at java.base/jdk.internal.reflect.NativeMethodAccessorImpl.invoke0(Native Method)
	at java.base/jdk.internal.reflect.NativeMethodAccessorImpl.invoke(NativeMethodAccessorImpl.java:62)
	at java.base/jdk.internal.reflect.DelegatingMethodAccessorImpl.invoke(DelegatingMethodAccessorImpl.java:43)
	at java.base/java.lang.reflect.Method.invoke(Method.java:566)
	at org.testng.internal.MethodInvocationHelper.invokeMethod(MethodInvocationHelper.java:108)
	at org.testng.internal.Invoker.invokeMethod(Invoker.java:661)
	at org.testng.internal.Invoker.invokeTestMethod(Invoker.java:869)
	at org.testng.internal.Invoker.invokeTestMethods(Invoker.java:1193)
	at org.testng.internal.TestMethodWorker.invokeTestMethods(TestMethodWorker.java:126)
	at org.testng.internal.TestMethodWorker.run(TestMethodWorker.java:109)
	at org.testng.TestRunner.privateRun(TestRunner.java:744)
	at org.testng.TestRunner.run(TestRunner.java:602)
	at org.testng.SuiteRunner.runTest(SuiteRunner.java:380)
	at org.testng.SuiteRunner.runSequentially(SuiteRunner.java:375)
	at org.testng.SuiteRunner.privateRun(SuiteRunner.java:340)
	at org.testng.SuiteRunner.run(SuiteRunner.java:289)
	at org.testng.SuiteRunnerWorker.runSuite(SuiteRunnerWorker.java:52)
	at org.testng.SuiteRunnerWorker.run(SuiteRunnerWorker.java:86)
	at org.testng.TestNG.runSuitesSequentially(TestNG.java:1301)
	at org.testng.TestNG.runSuitesLocally(TestNG.java:1226)
	at org.testng.TestNG.runSuites(TestNG.java:1144)
	at org.testng.TestNG.run(TestNG.java:1115)
	at org.apache.maven.surefire.testng.TestNGExecutor.run(TestNGExecutor.java:281)
	at org.apache.maven.surefire.testng.TestNGXmlTestSuite.execute(TestNGXmlTestSuite.java:75)
	at org.apache.maven.surefire.testng.TestNGProvider.invoke(TestNGProvider.java:121)
	at org.apache.maven.surefire.booter.ForkedBooter.invokeProviderInSameClassLoader(ForkedBooter.java:290)
	at org.apache.maven.surefire.booter.ForkedBooter.runSuitesInProcess(ForkedBooter.java:242)
	at org.apache.maven.surefire.booter.ForkedBooter.main(ForkedBooter.java:121)
]]>
            </full-stacktrace>
          </exception> <!-- org.openqa.selenium.TimeoutException -->
          <reporter-output>
          </reporter-output>
        </test-method> <!-- logout -->
        <test-method is-config="true" signature="tearDown()[pri:0, instance:com.qa.Testcase.Contactuspage_test@37ceb1df]" started-at="2020-10-19T16:38:51Z" name="tearDown" finished-at="2020-10-19T16:38:52Z" duration-ms="848" status="PASS">
          <reporter-output>
          </reporter-output>
        </test-method> <!-- tearDown -->
      </class> <!-- com.qa.Testcase.Contactuspage_test -->
    </test> <!-- CONTACTUS -->
  </suite> <!-- NEET Application Test Automation Test Suite -->
</testng-results>
